::1 - - [27/Apr/2020:16:57:54 +0200] "GET / HTTP/1.1" 200 8249
::1 - - [27/Apr/2020:16:57:54 +0200] "GET /specialAddings.css HTTP/1.1" 304 -
::1 - - [27/Apr/2020:16:57:54 +0200] "GET /vendor/bootstrap/css/bootstrap.css HTTP/1.1" 304 -
::1 - - [27/Apr/2020:16:57:54 +0200] "GET /Pictures/homeimage%20(1).jpg HTTP/1.1" 304 -
::1 - - [27/Apr/2020:16:57:54 +0200] "GET /Pictures/rainbow.jpg HTTP/1.1" 304 -
::1 - - [27/Apr/2020:16:57:54 +0200] "GET /Pictures/summeroutfit%20(1).jpg HTTP/1.1" 304 -
::1 - - [27/Apr/2020:16:57:54 +0200] "GET /Pictures/so.jpg HTTP/1.1" 304 -
::1 - - [27/Apr/2020:16:57:54 +0200] "GET /Pictures/style%20(2).jpg HTTP/1.1" 304 -
::1 - - [27/Apr/2020:16:57:54 +0200] "GET /Pictures/we.jpg HTTP/1.1" 304 -
::1 - - [27/Apr/2020:16:57:54 +0200] "GET /Pictures/shf.jpg HTTP/1.1" 304 -
::1 - - [27/Apr/2020:16:57:54 +0200] "GET /Pictures/differentstyles.jpg HTTP/1.1" 304 -
::1 - - [27/Apr/2020:16:57:54 +0200] "GET /Pictures/hairstyle2.jpg HTTP/1.1" 304 -
::1 - - [27/Apr/2020:16:57:54 +0200] "GET /favicon.ico HTTP/1.1" 404 209
::1 - - [27/Apr/2020:16:58:08 +0200] "GET /articles.php HTTP/1.1" 200 3663
::1 - - [27/Apr/2020:16:58:12 +0200] "GET /index.php HTTP/1.1" 200 8249
::1 - - [27/Apr/2020:17:07:39 +0200] "GET /index.php HTTP/1.1" 200 8253
::1 - - [27/Apr/2020:17:07:40 +0200] "GET /css/specialAddings.css HTTP/1.1" 304 -
::1 - - [27/Apr/2020:17:08:08 +0200] "GET /index.php HTTP/1.1" 200 8253
::1 - - [27/Apr/2020:17:08:11 +0200] "GET /articles.php HTTP/1.1" 200 3667
::1 - - [27/Apr/2020:17:08:23 +0200] "GET /articles.php HTTP/1.1" 200 3667
::1 - - [27/Apr/2020:17:08:57 +0200] "GET /articles.php HTTP/1.1" 200 3667
::1 - - [27/Apr/2020:17:08:59 +0200] "GET /index.php HTTP/1.1" 200 8253
::1 - - [27/Apr/2020:17:09:00 +0200] "GET /index.php HTTP/1.1" 200 8253
::1 - - [27/Apr/2020:17:09:02 +0200] "GET /index.php HTTP/1.1" 200 8253
::1 - - [27/Apr/2020:17:09:09 +0200] "GET /index.php HTTP/1.1" 200 8253
::1 - - [27/Apr/2020:17:09:54 +0200] "GET /index.php HTTP/1.1" 200 8253
::1 - - [27/Apr/2020:17:09:55 +0200] "GET /index.php HTTP/1.1" 200 8253
::1 - - [27/Apr/2020:17:12:43 +0200] "GET /index.php HTTP/1.1" 200 8238
::1 - - [27/Apr/2020:17:12:43 +0200] "GET /index.php HTTP/1.1" 200 8238
::1 - - [27/Apr/2020:17:12:46 +0200] "GET /articles.php HTTP/1.1" 200 3667
::1 - - [27/Apr/2020:17:12:51 +0200] "GET /index.php HTTP/1.1" 200 8238
::1 - - [27/Apr/2020:17:12:54 +0200] "GET /index.php HTTP/1.1" 200 8238
::1 - - [27/Apr/2020:17:13:00 +0200] "GET / HTTP/1.1" 200 8238
::1 - - [27/Apr/2020:17:14:00 +0200] "GET / HTTP/1.1" 200 8251
::1 - - [27/Apr/2020:17:14:01 +0200] "GET / HTTP/1.1" 200 8251
::1 - - [27/Apr/2020:17:15:00 +0200] "-" 408 -
::1 - - [27/Apr/2020:17:15:21 +0200] "GET / HTTP/1.1" 200 8251
::1 - - [27/Apr/2020:17:15:23 +0200] "GET /articles.php HTTP/1.1" 200 3610
::1 - - [27/Apr/2020:17:15:32 +0200] "GET /articles.php HTTP/1.1" 200 3667
::1 - - [27/Apr/2020:17:16:06 +0200] "GET /articles.php HTTP/1.1" 200 3667
::1 - - [27/Apr/2020:17:16:08 +0200] "GET /index.php HTTP/1.1" 200 8238
::1 - - [27/Apr/2020:17:16:40 +0200] "GET /index.php HTTP/1.1" 200 8238
::1 - - [27/Apr/2020:17:16:41 +0200] "GET /index.php HTTP/1.1" 200 8238
::1 - - [27/Apr/2020:17:17:40 +0200] "-" 408 -
::1 - - [27/Apr/2020:17:18:23 +0200] "GET /index.php HTTP/1.1" 200 8238
::1 - - [27/Apr/2020:17:18:25 +0200] "GET /index.php HTTP/1.1" 200 8238
::1 - - [27/Apr/2020:17:18:25 +0200] "GET /index.php HTTP/1.1" 200 8238
::1 - - [27/Apr/2020:17:19:00 +0200] "GET /index.php HTTP/1.1" 200 8316
::1 - - [27/Apr/2020:17:19:00 +0200] "GET /vendor/bootstrap/css/bootstrap-reboot.css HTTP/1.1" 200 5456
::1 - - [27/Apr/2020:17:20:00 +0200] "-" 408 -
::1 - - [27/Apr/2020:17:20:04 +0200] "GET /index.php HTTP/1.1" 200 8316
::1 - - [27/Apr/2020:17:20:04 +0200] "GET /vendor/bootstrap/css/bootstrap-reboot.css HTTP/1.1" 200 5439
::1 - - [27/Apr/2020:17:20:04 +0200] "GET /Pictures/background.jpg HTTP/1.1" 200 58724
::1 - - [27/Apr/2020:17:21:21 +0200] "GET /index.php HTTP/1.1" 200 8316
::1 - - [27/Apr/2020:17:21:21 +0200] "GET /vendor/bootstrap/css/bootstrap-reboot.css HTTP/1.1" 200 5545
::1 - - [27/Apr/2020:17:22:17 +0200] "GET /index.php HTTP/1.1" 200 8316
::1 - - [27/Apr/2020:17:22:17 +0200] "GET /vendor/bootstrap/css/bootstrap-reboot.css HTTP/1.1" 200 5485
::1 - - [27/Apr/2020:17:22:43 +0200] "GET /index.php HTTP/1.1" 200 8316
::1 - - [27/Apr/2020:17:22:43 +0200] "GET /vendor/bootstrap/css/bootstrap-reboot.css HTTP/1.1" 200 5543
::1 - - [27/Apr/2020:17:24:09 +0200] "GET /index.php HTTP/1.1" 200 8316
::1 - - [27/Apr/2020:17:24:10 +0200] "GET /vendor/bootstrap/css/bootstrap-reboot.css HTTP/1.1" 304 -
::1 - - [27/Apr/2020:17:24:53 +0200] "GET /index.php HTTP/1.1" 200 8316
::1 - - [27/Apr/2020:17:24:53 +0200] "GET /vendor/bootstrap/css/bootstrap-reboot.css HTTP/1.1" 200 5544
::1 - - [27/Apr/2020:17:25:35 +0200] "GET /index.php HTTP/1.1" 200 8316
::1 - - [27/Apr/2020:17:25:35 +0200] "GET /vendor/bootstrap/css/bootstrap-reboot.css HTTP/1.1" 200 5801
::1 - - [27/Apr/2020:17:26:19 +0200] "GET /index.php HTTP/1.1" 200 8316
::1 - - [27/Apr/2020:17:26:19 +0200] "GET /vendor/bootstrap/css/bootstrap-reboot.css HTTP/1.1" 200 5543
::1 - - [27/Apr/2020:17:27:01 +0200] "GET /index.php HTTP/1.1" 200 8316
::1 - - [27/Apr/2020:17:27:01 +0200] "GET /vendor/bootstrap/css/bootstrap-reboot.css HTTP/1.1" 200 5801
::1 - - [27/Apr/2020:17:28:14 +0200] "GET /index.php HTTP/1.1" 200 8316
::1 - - [27/Apr/2020:17:28:14 +0200] "GET /vendor/bootstrap/css/bootstrap-reboot.css HTTP/1.1" 200 5475
::1 - - [27/Apr/2020:17:28:14 +0200] "GET /Pictures/background.png HTTP/1.1" 200 251
::1 - - [27/Apr/2020:17:28:49 +0200] "GET /articles.php HTTP/1.1" 200 3667
::1 - - [27/Apr/2020:17:29:10 +0200] "GET /index.php HTTP/1.1" 200 8316
::1 - - [27/Apr/2020:17:29:10 +0200] "GET /vendor/bootstrap/css/bootstrap-reboot.css HTTP/1.1" 200 5439
::1 - - [27/Apr/2020:17:29:10 +0200] "GET /Pictures/background.png HTTP/1.1" 304 -
::1 - - [27/Apr/2020:17:30:08 +0200] "GET /index.php HTTP/1.1" 200 8317
::1 - - [27/Apr/2020:17:30:08 +0200] "GET /vendor/bootstrap/css/bootstrap-reboot1.css HTTP/1.1" 404 240
::1 - - [27/Apr/2020:17:30:41 +0200] "GET /articles.php HTTP/1.1" 200 3667
::1 - - [27/Apr/2020:17:30:43 +0200] "GET /index.php HTTP/1.1" 200 8317
::1 - - [27/Apr/2020:17:30:43 +0200] "GET /vendor/bootstrap/css/bootstrap-reboot1.css HTTP/1.1" 404 240
::1 - - [27/Apr/2020:17:30:58 +0200] "GET /vendor/bootstrap/css/bootstrap-reboot1.css HTTP/1.1" 404 240
::1 - - [27/Apr/2020:17:32:49 +0200] "GET /index.php HTTP/1.1" 200 8317
::1 - - [27/Apr/2020:17:32:49 +0200] "GET /vendor/bootstrap/css/bootstrap-reboot1.css HTTP/1.1" 404 240
::1 - - [27/Apr/2020:17:32:50 +0200] "GET /articles.php HTTP/1.1" 200 3711
::1 - - [27/Apr/2020:17:33:42 +0200] "GET /articles.php HTTP/1.1" 200 3711
::1 - - [27/Apr/2020:17:33:43 +0200] "GET /articles.php HTTP/1.1" 200 3711
::1 - - [27/Apr/2020:17:34:03 +0200] "GET /articles.php HTTP/1.1" 200 3711
::1 - - [27/Apr/2020:17:34:04 +0200] "GET /articles.php HTTP/1.1" 200 3711
::1 - - [27/Apr/2020:17:34:56 +0200] "GET /articles.php HTTP/1.1" 200 3690
::1 - - [27/Apr/2020:17:34:57 +0200] "GET /articles.php HTTP/1.1" 200 3690
::1 - - [27/Apr/2020:17:34:58 +0200] "GET /articles.php HTTP/1.1" 200 3690
::1 - - [27/Apr/2020:17:35:25 +0200] "GET /articles.php HTTP/1.1" 200 3690
::1 - - [27/Apr/2020:17:35:26 +0200] "GET /articles.php HTTP/1.1" 200 3690
::1 - - [27/Apr/2020:17:35:37 +0200] "GET /articles.php HTTP/1.1" 200 3671
::1 - - [27/Apr/2020:17:35:37 +0200] "GET /articles.php HTTP/1.1" 200 3671
::1 - - [27/Apr/2020:17:36:05 +0200] "GET /articles.php HTTP/1.1" 200 3671
::1 - - [27/Apr/2020:17:36:59 +0200] "GET /articles.php HTTP/1.1" 200 3671
::1 - - [27/Apr/2020:17:36:59 +0200] "GET /articles.php HTTP/1.1" 200 3671
::1 - - [27/Apr/2020:17:37:19 +0200] "GET /articles.php HTTP/1.1" 200 3671
::1 - - [27/Apr/2020:17:37:20 +0200] "GET /articles.php HTTP/1.1" 200 3671
::1 - - [27/Apr/2020:17:37:46 +0200] "GET /index.php HTTP/1.1" 200 8313
::1 - - [27/Apr/2020:17:37:46 +0200] "GET /vendor/bootstrap/css/bootstrap-reboot1.css HTTP/1.1" 404 240
::1 - - [27/Apr/2020:17:37:47 +0200] "GET /articles.php HTTP/1.1" 200 3671
::1 - - [27/Apr/2020:17:37:48 +0200] "GET /index.php HTTP/1.1" 200 8313
::1 - - [27/Apr/2020:17:37:48 +0200] "GET /vendor/bootstrap/css/bootstrap-reboot1.css HTTP/1.1" 404 240
::1 - - [27/Apr/2020:17:38:26 +0200] "GET /index.php HTTP/1.1" 200 8317
::1 - - [27/Apr/2020:17:38:26 +0200] "GET /vendor/bootstrap/css/bootstrap-reboot1.css HTTP/1.1" 404 240
::1 - - [27/Apr/2020:17:41:03 +0200] "GET /index.php HTTP/1.1" 200 8317
::1 - - [27/Apr/2020:17:41:03 +0200] "GET /vendor/bootstrap/css/bootstrap-reboot1.css HTTP/1.1" 404 240
::1 - - [27/Apr/2020:17:41:04 +0200] "GET /index.php HTTP/1.1" 200 8317
::1 - - [27/Apr/2020:17:41:04 +0200] "GET /vendor/bootstrap/css/bootstrap-reboot1.css HTTP/1.1" 404 240
::1 - - [27/Apr/2020:17:41:24 +0200] "GET /index.php HTTP/1.1" 200 8240
::1 - - [27/Apr/2020:17:42:24 +0200] "-" 408 -
::1 - - [27/Apr/2020:17:43:36 +0200] "GET /index.php HTTP/1.1" 200 8240
::1 - - [27/Apr/2020:17:44:09 +0200] "GET /index.php HTTP/1.1" 200 8240
::1 - - [27/Apr/2020:17:44:10 +0200] "GET /index.php HTTP/1.1" 200 8240
::1 - - [27/Apr/2020:17:45:06 +0200] "GET /index.php HTTP/1.1" 200 8236
::1 - - [27/Apr/2020:17:46:06 +0200] "GET / HTTP/1.1" 200 8236
::1 - - [27/Apr/2020:17:47:06 +0200] "-" 408 -
::1 - - [27/Apr/2020:17:49:58 +0200] "GET / HTTP/1.1" 200 8236
::1 - - [27/Apr/2020:17:49:58 +0200] "GET / HTTP/1.1" 200 8236
::1 - - [27/Apr/2020:17:50:58 +0200] "-" 408 -
::1 - - [27/Apr/2020:17:51:14 +0200] "GET / HTTP/1.1" 200 8236
::1 - - [27/Apr/2020:17:52:14 +0200] "-" 408 -
::1 - - [27/Apr/2020:17:57:14 +0200] "GET /Pictures/background.png HTTP/1.1" 304 -
::1 - - [27/Apr/2020:17:58:24 +0200] "GET / HTTP/1.1" 200 8236
::1 - - [27/Apr/2020:17:58:26 +0200] "GET / HTTP/1.1" 200 8236
::1 - - [27/Apr/2020:17:58:26 +0200] "GET / HTTP/1.1" 200 8236
::1 - - [27/Apr/2020:17:58:26 +0200] "GET / HTTP/1.1" 200 8236
::1 - - [27/Apr/2020:17:58:46 +0200] "GET / HTTP/1.1" 200 8236
::1 - - [27/Apr/2020:17:59:46 +0200] "-" 408 -
::1 - - [27/Apr/2020:18:00:12 +0200] "GET / HTTP/1.1" 200 8236
::1 - - [27/Apr/2020:18:00:25 +0200] "GET /articles.php HTTP/1.1" 200 3671
::1 - - [27/Apr/2020:18:01:00 +0200] "GET /articles.php HTTP/1.1" 200 3671
::1 - - [27/Apr/2020:18:01:39 +0200] "GET /articles.php HTTP/1.1" 200 3671
::1 - - [27/Apr/2020:18:01:40 +0200] "GET /articles.php HTTP/1.1" 200 3671
::1 - - [27/Apr/2020:18:02:46 +0200] "GET /articles.php HTTP/1.1" 200 3671
::1 - - [27/Apr/2020:18:02:47 +0200] "GET /articles.php HTTP/1.1" 200 3671
::1 - - [27/Apr/2020:18:03:23 +0200] "GET /articles.php HTTP/1.1" 200 3671
::1 - - [27/Apr/2020:18:04:21 +0200] "GET /articles.php HTTP/1.1" 200 3691
::1 - - [27/Apr/2020:18:05:21 +0200] "-" 408 -
::1 - - [27/Apr/2020:18:05:22 +0200] "GET /articles.php HTTP/1.1" 200 3681
::1 - - [27/Apr/2020:18:06:14 +0200] "GET /articles.php HTTP/1.1" 200 3681
::1 - - [27/Apr/2020:18:06:25 +0200] "GET /index.php HTTP/1.1" 200 8114
::1 - - [27/Apr/2020:18:07:06 +0200] "GET /index.php HTTP/1.1" 200 8167
::1 - - [27/Apr/2020:18:08:06 +0200] "-" 408 -
::1 - - [27/Apr/2020:18:08:42 +0200] "GET /index.php HTTP/1.1" 200 8253
::1 - - [27/Apr/2020:18:09:03 +0200] "OPTIONS /css/specialAddings.css HTTP/1.1" 200 -
::1 - - [27/Apr/2020:18:09:03 +0200] "PROPFIND /css/specialAddings.css HTTP/1.1" 405 248
::1 - - [27/Apr/2020:18:09:03 +0200] "PROPFIND /css HTTP/1.1" 301 229
::1 - - [27/Apr/2020:18:09:03 +0200] "PROPFIND /css/ HTTP/1.1" 405 230
::1 - - [27/Apr/2020:18:09:03 +0200] "PROPFIND /css/specialAddings.css HTTP/1.1" 405 248
::1 - - [27/Apr/2020:18:09:03 +0200] "PROPFIND /css HTTP/1.1" 301 229
::1 - - [27/Apr/2020:18:09:03 +0200] "PROPFIND /css/ HTTP/1.1" 405 230
::1 - - [27/Apr/2020:18:09:03 +0200] "PROPFIND /css HTTP/1.1" 301 229
::1 - - [27/Apr/2020:18:09:03 +0200] "PROPFIND /css/ HTTP/1.1" 405 230
::1 - - [27/Apr/2020:18:09:04 +0200] "PROPFIND /css HTTP/1.1" 301 229
::1 - - [27/Apr/2020:18:09:04 +0200] "PROPFIND /css/ HTTP/1.1" 405 230
::1 - - [27/Apr/2020:18:09:04 +0200] "PROPFIND /css/specialAddings.css HTTP/1.1" 405 248
::1 - - [27/Apr/2020:18:09:04 +0200] "PROPFIND /css HTTP/1.1" 301 229
::1 - - [27/Apr/2020:18:09:04 +0200] "PROPFIND /css/ HTTP/1.1" 405 230
::1 - - [27/Apr/2020:18:09:05 +0200] "PROPFIND /css/specialAddings.css HTTP/1.1" 405 248
::1 - - [27/Apr/2020:18:09:05 +0200] "PROPFIND /css HTTP/1.1" 301 229
::1 - - [27/Apr/2020:18:09:05 +0200] "PROPFIND /css/ HTTP/1.1" 405 230
::1 - - [27/Apr/2020:18:10:04 +0200] "-" 408 -
::1 - - [27/Apr/2020:18:10:04 +0200] "-" 408 -
::1 - - [27/Apr/2020:18:10:39 +0200] "GET /index.php HTTP/1.1" 200 8296
::1 - - [27/Apr/2020:18:10:39 +0200] "GET /css/specialAddings0.css HTTP/1.1" 200 2794
::1 - - [27/Apr/2020:18:10:39 +0200] "GET /Pictures/background.png HTTP/1.1" 304 -
::1 - - [27/Apr/2020:18:11:39 +0200] "-" 408 -
::1 - - [27/Apr/2020:18:12:16 +0200] "GET /index.php HTTP/1.1" 200 8241
::1 - - [27/Apr/2020:18:12:16 +0200] "GET /css/specialAddings0.css HTTP/1.1" 304 -
::1 - - [27/Apr/2020:18:12:43 +0200] "GET /index.php HTTP/1.1" 200 8240
::1 - - [27/Apr/2020:18:13:39 +0200] "GET /index.php HTTP/1.1" 200 8240
::1 - - [27/Apr/2020:18:13:39 +0200] "GET /css/specialAddings.css HTTP/1.1" 200 2851
::1 - - [27/Apr/2020:18:13:39 +0200] "GET /vendor/bootstrap/css/bootstrap.css HTTP/1.1" 200 202471
::1 - - [27/Apr/2020:18:13:39 +0200] "GET /vendor/bootstrap/js/bootstrap.js HTTP/1.1" 200 136375
::1 - - [27/Apr/2020:18:13:39 +0200] "GET /Pictures/homeimage%20(1).jpg HTTP/1.1" 200 170134
::1 - - [27/Apr/2020:18:13:39 +0200] "GET /vendor/jquery/jquery.min.js HTTP/1.1" 200 88147
::1 - - [27/Apr/2020:18:13:39 +0200] "GET /vendor/bootstrap/js/bootstrap.bundle.js HTTP/1.1" 200 230380
::1 - - [27/Apr/2020:18:13:39 +0200] "GET /Pictures/rainbow.jpg HTTP/1.1" 200 15029
::1 - - [27/Apr/2020:18:13:39 +0200] "GET /Pictures/summeroutfit%20(1).jpg HTTP/1.1" 200 58191
::1 - - [27/Apr/2020:18:13:39 +0200] "GET /Pictures/style%20(2).jpg HTTP/1.1" 200 52545
::1 - - [27/Apr/2020:18:13:39 +0200] "GET /Pictures/background.png HTTP/1.1" 200 251
::1 - - [27/Apr/2020:18:13:39 +0200] "GET /Pictures/differentstyles.jpg HTTP/1.1" 200 713027
::1 - - [27/Apr/2020:18:13:39 +0200] "GET /Pictures/shf.jpg HTTP/1.1" 200 86285
::1 - - [27/Apr/2020:18:13:39 +0200] "GET /Pictures/so.jpg HTTP/1.1" 200 717711
::1 - - [27/Apr/2020:18:13:40 +0200] "GET /Pictures/hairstyle2.jpg HTTP/1.1" 200 299761
::1 - - [27/Apr/2020:18:13:40 +0200] "GET /Pictures/we.jpg HTTP/1.1" 200 886266
::1 - - [27/Apr/2020:18:13:44 +0200] "GET /vendor/bootstrap/js/bootstrap.bundle.js.map HTTP/1.1" 200 402249
::1 - - [27/Apr/2020:18:13:44 +0200] "GET /vendor/bootstrap/js/bootstrap.js.map HTTP/1.1" 200 250568
::1 - - [27/Apr/2020:18:13:44 +0200] "GET /vendor/bootstrap/css/bootstrap.css.map HTTP/1.1" 404 236
::1 - - [27/Apr/2020:18:15:12 +0200] "GET /index.php HTTP/1.1" 200 8240
::1 - - [27/Apr/2020:18:15:12 +0200] "GET /css/specialAddings.css HTTP/1.1" 304 -
::1 - - [27/Apr/2020:18:15:13 +0200] "GET /index.php HTTP/1.1" 200 8240
::1 - - [27/Apr/2020:18:15:27 +0200] "GET /index.php HTTP/1.1" 200 8240
::1 - - [27/Apr/2020:18:15:27 +0200] "GET /vendor/bootstrap/css/bootstrap.css HTTP/1.1" 200 202813
::1 - - [27/Apr/2020:18:15:27 +0200] "GET /css/specialAddings.css HTTP/1.1" 200 2851
::1 - - [27/Apr/2020:18:15:27 +0200] "GET /vendor/jquery/jquery.min.js HTTP/1.1" 200 88147
::1 - - [27/Apr/2020:18:15:27 +0200] "GET /vendor/bootstrap/js/bootstrap.bundle.js HTTP/1.1" 200 230380
::1 - - [27/Apr/2020:18:15:27 +0200] "GET /vendor/bootstrap/js/bootstrap.js HTTP/1.1" 200 136375
::1 - - [27/Apr/2020:18:15:27 +0200] "GET /Pictures/homeimage%20(1).jpg HTTP/1.1" 200 170134
::1 - - [27/Apr/2020:18:15:27 +0200] "GET /Pictures/rainbow.jpg HTTP/1.1" 200 15029
::1 - - [27/Apr/2020:18:15:27 +0200] "GET /Pictures/summeroutfit%20(1).jpg HTTP/1.1" 200 58191
::1 - - [27/Apr/2020:18:15:27 +0200] "GET /Pictures/style%20(2).jpg HTTP/1.1" 200 52545
::1 - - [27/Apr/2020:18:15:27 +0200] "GET /Pictures/so.jpg HTTP/1.1" 200 717711
::1 - - [27/Apr/2020:18:15:27 +0200] "GET /Pictures/differentstyles.jpg HTTP/1.1" 200 713027
::1 - - [27/Apr/2020:18:15:28 +0200] "GET /Pictures/shf.jpg HTTP/1.1" 200 86285
::1 - - [27/Apr/2020:18:15:28 +0200] "GET /Pictures/we.jpg HTTP/1.1" 200 886266
::1 - - [27/Apr/2020:18:15:28 +0200] "GET /Pictures/hairstyle2.jpg HTTP/1.1" 200 299761
::1 - - [27/Apr/2020:18:15:28 +0200] "GET /Pictures/background.png HTTP/1.1" 200 251
::1 - - [27/Apr/2020:18:17:08 +0200] "GET /index.php HTTP/1.1" 200 8240
::1 - - [27/Apr/2020:18:17:08 +0200] "GET /vendor/bootstrap/css/bootstrap.css HTTP/1.1" 304 -
::1 - - [27/Apr/2020:18:17:08 +0200] "GET /css/specialAddings.css HTTP/1.1" 304 -
::1 - - [27/Apr/2020:18:17:21 +0200] "GET /vendor/bootstrap/css/bootstrap.css HTTP/1.1" 304 -
::1 - - [27/Apr/2020:18:17:21 +0200] "GET /vendor/bootstrap/js/bootstrap.bundle.js.map HTTP/1.1" 200 402249
::1 - - [27/Apr/2020:18:17:21 +0200] "GET /vendor/bootstrap/js/bootstrap.js.map HTTP/1.1" 200 250568
::1 - - [27/Apr/2020:18:17:21 +0200] "GET /vendor/bootstrap/css/bootstrap.css.map HTTP/1.1" 404 236
::1 - - [27/Apr/2020:18:19:24 +0200] "GET /index.php HTTP/1.1" 200 8288
::1 - - [27/Apr/2020:18:19:24 +0200] "GET /vendor/bootstrap/css/bootstrap.css HTTP/1.1" 304 -
::1 - - [27/Apr/2020:18:19:24 +0200] "GET /css/specialAddings.css HTTP/1.1" 304 -
::1 - - [27/Apr/2020:18:19:32 +0200] "GET /Pictures/decade2.jpg HTTP/1.1" 200 138649
::1 - - [27/Apr/2020:18:19:32 +0200] "GET /Pictures/sporty1.jpg HTTP/1.1" 200 106218
::1 - - [27/Apr/2020:18:19:32 +0200] "GET /Pictures/sporty2.jpg HTTP/1.1" 200 104017
::1 - - [27/Apr/2020:18:19:32 +0200] "GET /Pictures/decade1.png HTTP/1.1" 200 1132547
::1 - - [27/Apr/2020:18:19:32 +0200] "GET /Pictures/boho2.jpg HTTP/1.1" 200 105066
::1 - - [27/Apr/2020:18:19:32 +0200] "GET /Pictures/boho1.jpg HTTP/1.1" 200 131488
::1 - - [27/Apr/2020:18:19:32 +0200] "GET /Pictures/classicfem1.jpg HTTP/1.1" 200 200218
::1 - - [27/Apr/2020:18:19:32 +0200] "GET /Pictures/classicfem2.jpg HTTP/1.1" 200 216985
::1 - - [27/Apr/2020:18:19:32 +0200] "GET /Pictures/artsy1.jpg HTTP/1.1" 200 96094
::1 - - [27/Apr/2020:18:19:32 +0200] "GET /Pictures/artsy2.jpg HTTP/1.1" 200 128106
::1 - - [27/Apr/2020:18:19:32 +0200] "GET /Pictures/sophisticated1.jpg HTTP/1.1" 200 95475
::1 - - [27/Apr/2020:18:19:32 +0200] "GET /Pictures/sophisticated2.jpg HTTP/1.1" 200 113132
::1 - - [27/Apr/2020:18:19:32 +0200] "GET /Pictures/sexy1.jpg HTTP/1.1" 200 84404
::1 - - [27/Apr/2020:18:19:32 +0200] "GET /Pictures/sexy2.jpg HTTP/1.1" 200 121138
::1 - - [27/Apr/2020:18:19:32 +0200] "GET /Differentstyles/DifferentStyles.php HTTP/1.1" 200 19513
::1 - - [27/Apr/2020:18:19:32 +0200] "GET /Pictures/girly1.jpg HTTP/1.1" 200 124512
::1 - - [27/Apr/2020:18:19:32 +0200] "GET /Differentstyles/vendor/jquery/jquery.min.js HTTP/1.1" 404 241
::1 - - [27/Apr/2020:18:19:32 +0200] "GET /Differentstyles/vendor/bootstrap/js/bootstrap.bundle.js HTTP/1.1" 404 253
::1 - - [27/Apr/2020:18:19:32 +0200] "GET /Pictures/girly2.jpg HTTP/1.1" 200 87085
::1 - - [27/Apr/2020:18:19:32 +0200] "GET /Pictures/summer.jpg HTTP/1.1" 200 62128
::1 - - [27/Apr/2020:18:19:47 +0200] "GET /index.php HTTP/1.1" 200 8288
::1 - - [27/Apr/2020:18:19:51 +0200] "GET /FashionPsychology/FashionPsychology.php HTTP/1.1" 200 13736
::1 - - [27/Apr/2020:18:19:51 +0200] "GET /Pictures/red1.jpg HTTP/1.1" 200 136322
::1 - - [27/Apr/2020:18:19:51 +0200] "GET /Pictures/red2.jpg HTTP/1.1" 200 112092
::1 - - [27/Apr/2020:18:19:51 +0200] "GET /Pictures/orange1.jpg HTTP/1.1" 200 152443
::1 - - [27/Apr/2020:18:19:51 +0200] "GET /vendor/bootstrap/css/bootstrap.css HTTP/1.1" 304 -
::1 - - [27/Apr/2020:18:19:51 +0200] "GET /Pictures/orange2.jpg HTTP/1.1" 200 38468
::1 - - [27/Apr/2020:18:19:51 +0200] "GET /FashionPsychology/vendor/jquery/jquery.min.js HTTP/1.1" 404 243
::1 - - [27/Apr/2020:18:19:51 +0200] "GET /FashionPsychology/vendor/bootstrap/js/bootstrap.bundle.js HTTP/1.1" 404 255
::1 - - [27/Apr/2020:18:19:51 +0200] "GET /Pictures/yellow1.jpg HTTP/1.1" 200 99449
::1 - - [27/Apr/2020:18:19:51 +0200] "GET /Pictures/yellow2.jpg HTTP/1.1" 200 227913
::1 - - [27/Apr/2020:18:19:51 +0200] "GET /Pictures/green1.jpg HTTP/1.1" 200 108960
::1 - - [27/Apr/2020:18:19:51 +0200] "GET /Pictures/green2.jpg HTTP/1.1" 200 38042
::1 - - [27/Apr/2020:18:19:51 +0200] "GET /Pictures/blue2.jpg HTTP/1.1" 200 53717
::1 - - [27/Apr/2020:18:19:51 +0200] "GET /Pictures/blue1.jpg HTTP/1.1" 200 768091
::1 - - [27/Apr/2020:18:19:54 +0200] "GET /index.php HTTP/1.1" 200 8288
::1 - - [27/Apr/2020:18:19:56 +0200] "GET /SummerOutfits/SummerOutfits.php HTTP/1.1" 200 9501
::1 - - [27/Apr/2020:18:19:56 +0200] "GET /SummerOutfits/vendor/jquery/jquery.min.js HTTP/1.1" 404 239
::1 - - [27/Apr/2020:18:19:56 +0200] "GET /SummerOutfits/vendor/bootstrap/js/bootstrap.bundle.js HTTP/1.1" 404 251
::1 - - [27/Apr/2020:18:19:56 +0200] "GET /Pictures/maxiDress1.jpg HTTP/1.1" 200 160680
::1 - - [27/Apr/2020:18:19:56 +0200] "GET /Pictures/maxiDress2.jpg HTTP/1.1" 200 94700
::1 - - [27/Apr/2020:18:19:56 +0200] "GET /Pictures/maxiSkirt1.jpg HTTP/1.1" 200 91677
::1 - - [27/Apr/2020:18:19:56 +0200] "GET /Pictures/maxiSkirt2.jpg HTTP/1.1" 200 114285
::1 - - [27/Apr/2020:18:19:56 +0200] "GET /Pictures/hotpants1.jpg HTTP/1.1" 200 72920
::1 - - [27/Apr/2020:18:19:57 +0200] "GET /Pictures/hotpants2.jpg HTTP/1.1" 200 104599
::1 - - [27/Apr/2020:18:19:58 +0200] "GET /index.php HTTP/1.1" 200 8288
::1 - - [27/Apr/2020:18:20:01 +0200] "GET /FindYourStyle/FindYourStyle.php HTTP/1.1" 200 8833
::1 - - [27/Apr/2020:18:20:01 +0200] "GET /FindYourStyle/vendor/jquery/jquery.min.js HTTP/1.1" 404 239
::1 - - [27/Apr/2020:18:20:01 +0200] "GET /Pictures/closet1.jpg HTTP/1.1" 200 94548
::1 - - [27/Apr/2020:18:20:01 +0200] "GET /Pictures/shopping.jpg HTTP/1.1" 200 283066
::1 - - [27/Apr/2020:18:20:01 +0200] "GET /Pictures/closet2.jpg HTTP/1.1" 200 464075
::1 - - [27/Apr/2020:18:20:01 +0200] "GET /Pictures/declutter1.jpg HTTP/1.1" 200 35300
::1 - - [27/Apr/2020:18:20:01 +0200] "GET /Pictures/pinterest.png HTTP/1.1" 200 921610
::1 - - [27/Apr/2020:18:20:01 +0200] "GET /FindYourStyle/vendor/bootstrap/js/bootstrap.bundle.js HTTP/1.1" 404 251
::1 - - [27/Apr/2020:18:20:01 +0200] "GET /Pictures/declutter2.jpg HTTP/1.1" 200 33845
::1 - - [27/Apr/2020:18:20:01 +0200] "GET /Pictures/confidence.jpg HTTP/1.1" 200 33672
::1 - - [27/Apr/2020:18:20:03 +0200] "GET /index.php HTTP/1.1" 200 8288
::1 - - [27/Apr/2020:18:20:08 +0200] "GET /Differentstyles/DifferentStyles.php HTTP/1.1" 200 19513
::1 - - [27/Apr/2020:18:20:08 +0200] "GET /css/specialAddings.css HTTP/1.1" 304 -
::1 - - [27/Apr/2020:18:20:08 +0200] "GET /Differentstyles/vendor/jquery/jquery.min.js HTTP/1.1" 404 241
::1 - - [27/Apr/2020:18:20:08 +0200] "GET /Differentstyles/vendor/bootstrap/js/bootstrap.bundle.js HTTP/1.1" 404 253
::1 - - [27/Apr/2020:18:20:10 +0200] "GET /index.php HTTP/1.1" 200 8288
::1 - - [27/Apr/2020:18:21:35 +0200] "GET /FashionPsychology/FashionPsychology.php HTTP/1.1" 200 13736
::1 - - [27/Apr/2020:18:21:35 +0200] "GET /css/specialAddings.css HTTP/1.1" 304 -
::1 - - [27/Apr/2020:18:21:35 +0200] "GET /vendor/bootstrap/css/bootstrap.css HTTP/1.1" 304 -
::1 - - [27/Apr/2020:18:21:35 +0200] "GET /FashionPsychology/vendor/jquery/jquery.min.js HTTP/1.1" 404 243
::1 - - [27/Apr/2020:18:21:35 +0200] "GET /FashionPsychology/vendor/bootstrap/js/bootstrap.bundle.js HTTP/1.1" 404 255
::1 - - [27/Apr/2020:18:21:35 +0200] "GET /Pictures/background.png HTTP/1.1" 304 -
::1 - - [27/Apr/2020:18:21:39 +0200] "GET /index.php HTTP/1.1" 200 8282
::1 - - [27/Apr/2020:18:22:09 +0200] "GET /index.php HTTP/1.1" 200 8282
::1 - - [27/Apr/2020:18:22:18 +0200] "GET /Differentstyles/DifferentStyles.php HTTP/1.1" 200 19523
::1 - - [27/Apr/2020:18:22:18 +0200] "GET /vendor/bootstrap/css/bootstrap.css HTTP/1.1" 304 -
::1 - - [27/Apr/2020:18:22:18 +0200] "GET /Differentstyles/vendor/jquery/jquery.min.js HTTP/1.1" 404 241
::1 - - [27/Apr/2020:18:22:18 +0200] "GET /Differentstyles/vendor/bootstrap/js/bootstrap.bundle.js HTTP/1.1" 404 253
::1 - - [27/Apr/2020:18:22:18 +0200] "GET /Differentstyles/vendor/bootstrap/js/bootstrap.bundle.js HTTP/1.1" 404 253
::1 - - [27/Apr/2020:18:22:33 +0200] "GET /Differentstyles/DifferentStyles.php HTTP/1.1" 200 19469
::1 - - [27/Apr/2020:18:22:33 +0200] "GET /css/specialAddings.css HTTP/1.1" 304 -
::1 - - [27/Apr/2020:18:22:33 +0200] "GET /Differentstyles/vendor/bootstrap/js/bootstrap.bundle.js HTTP/1.1" 404 253
::1 - - [27/Apr/2020:18:22:33 +0200] "GET /Differentstyles/vendor/jquery/jquery.min.js HTTP/1.1" 404 241
::1 - - [27/Apr/2020:18:22:33 +0200] "GET /Differentstyles/vendor/bootstrap/js/bootstrap.bundle.js HTTP/1.1" 404 253
::1 - - [27/Apr/2020:18:22:39 +0200] "GET /index.php HTTP/1.1" 200 8282
::1 - - [27/Apr/2020:18:22:40 +0200] "GET /articles.php HTTP/1.1" 200 3681
::1 - - [27/Apr/2020:18:22:47 +0200] "GET /index.php HTTP/1.1" 200 8282
::1 - - [27/Apr/2020:18:24:08 +0200] "GET /SecondHandFashion/SecondHandFashion.php HTTP/1.1" 200 5319
::1 - - [27/Apr/2020:18:24:08 +0200] "GET /vendor/bootstrap/css/bootstrap.css HTTP/1.1" 304 -
::1 - - [27/Apr/2020:18:24:08 +0200] "GET /css/specialAddings.css HTTP/1.1" 304 -
::1 - - [27/Apr/2020:18:24:08 +0200] "GET /Pictures/arrow.png HTTP/1.1" 200 2190
::1 - - [27/Apr/2020:18:24:08 +0200] "GET /Pictures/nature.jpg HTTP/1.1" 200 103920
::1 - - [27/Apr/2020:18:24:08 +0200] "GET /Pictures/shopping2.jpg HTTP/1.1" 200 68512
::1 - - [27/Apr/2020:18:24:08 +0200] "GET /Pictures/shopping3.jpg HTTP/1.1" 200 21557
::1 - - [27/Apr/2020:18:25:57 +0200] "GET /Hairstyles/Hairstyles.php HTTP/1.1" 200 10313
::1 - - [27/Apr/2020:18:25:57 +0200] "GET /vendor/bootstrap/css/bootstrap.css HTTP/1.1" 304 -
::1 - - [27/Apr/2020:18:25:57 +0200] "GET /css/specialAddings.css HTTP/1.1" 304 -
::1 - - [27/Apr/2020:18:25:57 +0200] "GET /Hairstyles/vendor/jquery/jquery.min.js HTTP/1.1" 404 236
::1 - - [27/Apr/2020:18:25:57 +0200] "GET /Hairstyles/vendor/bootstrap/js/bootstrap.bundle.js HTTP/1.1" 404 248
::1 - - [27/Apr/2020:18:25:57 +0200] "GET /Pictures/Hairstyles/hairstyle1.jpg HTTP/1.1" 200 35168
::1 - - [27/Apr/2020:18:25:57 +0200] "GET /Pictures/Hairstyles/hairstyle2.jpg HTTP/1.1" 200 23918
::1 - - [27/Apr/2020:18:25:57 +0200] "GET /Pictures/Hairstyles/hairstyle3.jpg HTTP/1.1" 200 30884
::1 - - [27/Apr/2020:18:25:57 +0200] "GET /Pictures/Hairstyles/hairstyle4.jpg HTTP/1.1" 200 46360
::1 - - [27/Apr/2020:18:25:57 +0200] "GET /Pictures/Hairstyles/hairstyle5.jpg HTTP/1.1" 200 35471
::1 - - [27/Apr/2020:18:25:57 +0200] "GET /Pictures/Hairstyles/hairstyle6.jpg HTTP/1.1" 200 34452
::1 - - [27/Apr/2020:18:25:57 +0200] "GET /Pictures/Hairstyles/japanese1.jpg HTTP/1.1" 200 35587
::1 - - [27/Apr/2020:18:25:57 +0200] "GET /Pictures/Hairstyles/japanese2.webp HTTP/1.1" 200 28830
::1 - - [27/Apr/2020:18:25:57 +0200] "GET /Hairstyles/vendor/bootstrap/js/bootstrap.bundle.js HTTP/1.1" 404 248
::1 - - [27/Apr/2020:18:26:22 +0200] "GET /index.php HTTP/1.1" 200 8282
::1 - - [27/Apr/2020:18:26:23 +0200] "GET /articles.php HTTP/1.1" 200 3681
::1 - - [27/Apr/2020:18:26:27 +0200] "GET /SecondHandFashion/SecondHandFashion.php HTTP/1.1" 200 5319
::1 - - [27/Apr/2020:18:26:29 +0200] "GET /SecondHandFashion/SecondHandFashion.php HTTP/1.1" 200 5319
::1 - - [27/Apr/2020:18:27:22 +0200] "-" 408 -
::1 - - [27/Apr/2020:18:28:25 +0200] "GET /SecondHandFashion/SecondHandFashion.php HTTP/1.1" 200 5355
::1 - - [27/Apr/2020:18:28:25 +0200] "GET /vendor/bootstrap/css/bootstrap.css HTTP/1.1" 304 -
::1 - - [27/Apr/2020:18:28:25 +0200] "GET /css/specialAddings.css HTTP/1.1" 304 -
::1 - - [27/Apr/2020:18:28:25 +0200] "GET /Pictures/SecondHandFashion/shopping3.jpg HTTP/1.1" 200 21557
::1 - - [27/Apr/2020:18:28:25 +0200] "GET /Pictures/SecondHandFashion/shopping2.jpg HTTP/1.1" 200 68512
::1 - - [27/Apr/2020:18:28:25 +0200] "GET /Pictures/background.png HTTP/1.1" 304 -
::1 - - [27/Apr/2020:18:33:49 +0200] "GET /SecondHandFashion/SecondHandFashion.php HTTP/1.1" 200 5373
::1 - - [27/Apr/2020:18:33:49 +0200] "GET /css/specialAddings.css HTTP/1.1" 304 -
::1 - - [27/Apr/2020:18:33:49 +0200] "GET /vendor/bootstrap/css/bootstrap.css HTTP/1.1" 304 -
::1 - - [27/Apr/2020:18:33:49 +0200] "GET /Pictures/SecondHandFashion/arrow.jpg HTTP/1.1" 200 7468
::1 - - [27/Apr/2020:18:33:58 +0200] "GET /SecondHandFashion/SecondHandFashion.php HTTP/1.1" 200 5373
::1 - - [27/Apr/2020:18:33:58 +0200] "GET /Pictures/SecondHandFashion/arrow.jpg HTTP/1.1" 304 -
::1 - - [27/Apr/2020:18:34:03 +0200] "GET /vendor/bootstrap/css/bootstrap.css.map HTTP/1.1" 404 236
::1 - - [27/Apr/2020:18:34:28 +0200] "GET /SecondHandFashion/SecondHandFashion.php HTTP/1.1" 200 5373
::1 - - [27/Apr/2020:18:34:28 +0200] "GET /css/specialAddings.css HTTP/1.1" 200 2851
::1 - - [27/Apr/2020:18:34:28 +0200] "GET /vendor/bootstrap/css/bootstrap.css HTTP/1.1" 200 202813
::1 - - [27/Apr/2020:18:34:28 +0200] "GET /Pictures/SecondHandFashion/arrow.jpg HTTP/1.1" 200 7468
::1 - - [27/Apr/2020:18:34:28 +0200] "GET /Pictures/nature.jpg HTTP/1.1" 404 217
::1 - - [27/Apr/2020:18:34:28 +0200] "GET /Pictures/SecondHandFashion/shopping2.jpg HTTP/1.1" 200 68512
::1 - - [27/Apr/2020:18:34:28 +0200] "GET /Pictures/SecondHandFashion/shopping3.jpg HTTP/1.1" 200 21557
::1 - - [27/Apr/2020:18:34:28 +0200] "GET /Pictures/background.png HTTP/1.1" 200 251
::1 - - [27/Apr/2020:18:34:56 +0200] "GET /SecondHandFashion/SecondHandFashion.php HTTP/1.1" 200 5391
::1 - - [27/Apr/2020:18:34:56 +0200] "GET /Pictures/SecondHandFashion/arrow.jpg HTTP/1.1" 304 -
::1 - - [27/Apr/2020:18:34:56 +0200] "GET /Pictures/SecondHandFashion/nature.jpg HTTP/1.1" 200 84635
::1 - - [27/Apr/2020:18:35:07 +0200] "GET /index.php HTTP/1.1" 200 8282
::1 - - [27/Apr/2020:18:35:07 +0200] "GET /vendor/jquery/jquery.min.js HTTP/1.1" 200 88147
::1 - - [27/Apr/2020:18:35:07 +0200] "GET /vendor/bootstrap/js/bootstrap.bundle.js HTTP/1.1" 200 230380
::1 - - [27/Apr/2020:18:35:07 +0200] "GET /Pictures/rainbow.jpg HTTP/1.1" 200 15029
::1 - - [27/Apr/2020:18:35:07 +0200] "GET /Pictures/summeroutfit%20(1).jpg HTTP/1.1" 200 58191
::1 - - [27/Apr/2020:18:35:07 +0200] "GET /Pictures/homeimage%20(1).jpg HTTP/1.1" 200 170134
::1 - - [27/Apr/2020:18:35:07 +0200] "GET /vendor/bootstrap/js/bootstrap.js HTTP/1.1" 200 136375
::1 - - [27/Apr/2020:18:35:07 +0200] "GET /Pictures/style%20(2).jpg HTTP/1.1" 200 52545
::1 - - [27/Apr/2020:18:35:07 +0200] "GET /Pictures/so.jpg HTTP/1.1" 200 717711
::1 - - [27/Apr/2020:18:35:07 +0200] "GET /Pictures/differentstyles.jpg HTTP/1.1" 200 713027
::1 - - [27/Apr/2020:18:35:07 +0200] "GET /Pictures/shf.jpg HTTP/1.1" 200 86285
::1 - - [27/Apr/2020:18:35:07 +0200] "GET /Pictures/we.jpg HTTP/1.1" 200 886266
::1 - - [27/Apr/2020:18:35:07 +0200] "GET /Pictures/hairstyle2.jpg HTTP/1.1" 200 299761
