::1 - - [26/Apr/2020:10:43:10 +0200] "GET / HTTP/1.1" 200 2969
::1 - - [26/Apr/2020:10:44:10 +0200] "-" 408 -
::1 - - [26/Apr/2020:10:46:06 +0200] "GET / HTTP/1.1" 200 2980
::1 - - [26/Apr/2020:10:46:49 +0200] "GET / HTTP/1.1" 200 6391
::1 - - [26/Apr/2020:10:46:49 +0200] "GET /Pictures/arrow.png HTTP/1.1" 404 216
::1 - - [26/Apr/2020:10:46:49 +0200] "GET /Pictures/shopping2.jpg HTTP/1.1" 404 220
::1 - - [26/Apr/2020:10:46:49 +0200] "GET /Pictures/nature.jpg HTTP/1.1" 404 217
::1 - - [26/Apr/2020:10:46:49 +0200] "GET /Pictures/shopping3.jpg HTTP/1.1" 404 220
::1 - - [26/Apr/2020:10:47:07 +0200] "GET / HTTP/1.1" 200 6363
::1 - - [26/Apr/2020:10:47:07 +0200] "GET /Pictures/arrow.png HTTP/1.1" 404 216
::1 - - [26/Apr/2020:10:47:07 +0200] "GET /Pictures/nature.jpg HTTP/1.1" 404 217
::1 - - [26/Apr/2020:10:47:07 +0200] "GET /Pictures/shopping2.jpg HTTP/1.1" 404 220
::1 - - [26/Apr/2020:10:47:07 +0200] "GET /Pictures/shopping3.jpg HTTP/1.1" 404 220
::1 - - [26/Apr/2020:10:47:46 +0200] "GET / HTTP/1.1" 200 6054
::1 - - [26/Apr/2020:10:48:46 +0200] "-" 408 -
::1 - - [26/Apr/2020:10:49:51 +0200] "GET / HTTP/1.1" 200 6033
::1 - - [26/Apr/2020:10:49:51 +0200] "GET /css/specialAddings.css HTTP/1.1" 200 2523
::1 - - [26/Apr/2020:10:49:51 +0200] "GET /vendor/bootstrap/css/bootstrap.css HTTP/1.1" 200 202248
::1 - - [26/Apr/2020:10:51:42 +0200] "GET / HTTP/1.1" 200 6163
::1 - - [26/Apr/2020:10:51:58 +0200] "GET / HTTP/1.1" 200 6083
::1 - - [26/Apr/2020:10:52:32 +0200] "GET / HTTP/1.1" 200 6406
::1 - - [26/Apr/2020:10:52:33 +0200] "GET / HTTP/1.1" 200 6406
::1 - - [26/Apr/2020:10:53:29 +0200] "GET / HTTP/1.1" 200 6410
::1 - - [26/Apr/2020:10:54:17 +0200] "GET / HTTP/1.1" 200 6073
::1 - - [26/Apr/2020:10:55:17 +0200] "-" 408 -
::1 - - [26/Apr/2020:10:56:38 +0200] "GET / HTTP/1.1" 200 7279
::1 - - [26/Apr/2020:10:57:27 +0200] "GET / HTTP/1.1" 200 7384
::1 - - [26/Apr/2020:10:58:01 +0200] "GET / HTTP/1.1" 200 7386
::1 - - [26/Apr/2020:10:58:34 +0200] "GET /vendor/bootstrap/css/bootstrap.css.map HTTP/1.1" 200 492048
::1 - - [26/Apr/2020:11:00:07 +0200] "GET / HTTP/1.1" 200 7294
::1 - - [26/Apr/2020:11:00:31 +0200] "GET / HTTP/1.1" 200 7196
::1 - - [26/Apr/2020:11:01:31 +0200] "-" 408 -
::1 - - [26/Apr/2020:11:03:15 +0200] "GET / HTTP/1.1" 200 7191
::1 - - [26/Apr/2020:11:03:35 +0200] "GET / HTTP/1.1" 200 7191
::1 - - [26/Apr/2020:11:04:12 +0200] "GET / HTTP/1.1" 200 7191
::1 - - [26/Apr/2020:11:04:21 +0200] "GET / HTTP/1.1" 200 7191
::1 - - [26/Apr/2020:11:05:21 +0200] "-" 408 -
::1 - - [26/Apr/2020:11:06:28 +0200] "GET / HTTP/1.1" 200 7191
::1 - - [26/Apr/2020:11:07:28 +0200] "-" 408 -
::1 - - [26/Apr/2020:11:09:49 +0200] "GET / HTTP/1.1" 200 7191
::1 - - [26/Apr/2020:11:09:50 +0200] "GET / HTTP/1.1" 200 7191
::1 - - [26/Apr/2020:11:10:02 +0200] "GET / HTTP/1.1" 200 7191
::1 - - [26/Apr/2020:11:11:02 +0200] "-" 408 -
::1 - - [26/Apr/2020:11:11:11 +0200] "GET / HTTP/1.1" 200 7191
::1 - - [26/Apr/2020:11:11:12 +0200] "GET / HTTP/1.1" 200 7191
::1 - - [26/Apr/2020:11:12:11 +0200] "-" 408 -
::1 - - [26/Apr/2020:11:13:32 +0200] "GET / HTTP/1.1" 200 7191
::1 - - [26/Apr/2020:11:14:25 +0200] "GET / HTTP/1.1" 200 7134
::1 - - [26/Apr/2020:11:15:25 +0200] "-" 408 -
::1 - - [26/Apr/2020:11:16:08 +0200] "GET / HTTP/1.1" 200 7134
::1 - - [26/Apr/2020:11:16:40 +0200] "GET / HTTP/1.1" 200 7134
::1 - - [26/Apr/2020:11:17:20 +0200] "GET / HTTP/1.1" 200 7134
::1 - - [26/Apr/2020:11:17:36 +0200] "GET / HTTP/1.1" 200 7132
::1 - - [26/Apr/2020:11:17:57 +0200] "GET / HTTP/1.1" 200 7136
::1 - - [26/Apr/2020:11:18:49 +0200] "GET / HTTP/1.1" 200 7136
::1 - - [26/Apr/2020:11:19:41 +0200] "GET / HTTP/1.1" 200 7124
::1 - - [26/Apr/2020:11:19:59 +0200] "GET / HTTP/1.1" 200 7136
::1 - - [26/Apr/2020:11:20:16 +0200] "GET / HTTP/1.1" 200 7136
::1 - - [26/Apr/2020:11:20:32 +0200] "GET / HTTP/1.1" 200 7124
::1 - - [26/Apr/2020:11:20:34 +0200] "GET / HTTP/1.1" 200 7124
::1 - - [26/Apr/2020:11:21:32 +0200] "-" 408 -
::1 - - [26/Apr/2020:11:21:45 +0200] "GET / HTTP/1.1" 200 7124
::1 - - [26/Apr/2020:11:22:45 +0200] "-" 408 -
::1 - - [26/Apr/2020:11:23:23 +0200] "GET / HTTP/1.1" 200 7122
::1 - - [26/Apr/2020:11:24:03 +0200] "GET / HTTP/1.1" 200 7134
::1 - - [26/Apr/2020:11:24:40 +0200] "GET / HTTP/1.1" 200 7134
::1 - - [26/Apr/2020:11:25:01 +0200] "GET / HTTP/1.1" 200 7138
::1 - - [26/Apr/2020:11:25:17 +0200] "GET / HTTP/1.1" 200 7138
::1 - - [26/Apr/2020:11:26:02 +0200] "GET / HTTP/1.1" 200 7138
::1 - - [26/Apr/2020:11:26:13 +0200] "GET / HTTP/1.1" 200 7134
::1 - - [26/Apr/2020:11:27:13 +0200] "-" 408 -
::1 - - [26/Apr/2020:11:27:16 +0200] "GET / HTTP/1.1" 200 7134
::1 - - [26/Apr/2020:11:28:01 +0200] "GET / HTTP/1.1" 200 7134
::1 - - [26/Apr/2020:11:28:37 +0200] "GET / HTTP/1.1" 200 7134
::1 - - [26/Apr/2020:11:28:52 +0200] "GET / HTTP/1.1" 200 7134
::1 - - [26/Apr/2020:11:29:52 +0200] "-" 408 -
::1 - - [26/Apr/2020:11:30:14 +0200] "GET / HTTP/1.1" 200 7132
::1 - - [26/Apr/2020:11:30:34 +0200] "GET / HTTP/1.1" 200 7132
::1 - - [26/Apr/2020:11:31:26 +0200] "GET / HTTP/1.1" 200 7144
::1 - - [26/Apr/2020:11:31:57 +0200] "GET / HTTP/1.1" 200 7160
::1 - - [26/Apr/2020:11:32:15 +0200] "GET / HTTP/1.1" 200 7160
::1 - - [26/Apr/2020:11:32:53 +0200] "GET / HTTP/1.1" 200 7159
::1 - - [26/Apr/2020:11:33:23 +0200] "GET / HTTP/1.1" 200 7160
::1 - - [26/Apr/2020:11:34:23 +0200] "-" 408 -
::1 - - [26/Apr/2020:11:35:27 +0200] "GET / HTTP/1.1" 200 7165
::1 - - [26/Apr/2020:11:35:38 +0200] "GET / HTTP/1.1" 200 7079
::1 - - [26/Apr/2020:11:36:09 +0200] "GET / HTTP/1.1" 200 7052
::1 - - [26/Apr/2020:11:36:31 +0200] "GET / HTTP/1.1" 200 7074
::1 - - [26/Apr/2020:11:37:31 +0200] "-" 408 -
::1 - - [26/Apr/2020:12:32:16 +0200] "GET / HTTP/1.1" 200 7202
::1 - - [26/Apr/2020:12:33:16 +0200] "-" 408 -
::1 - - [26/Apr/2020:12:33:32 +0200] "GET / HTTP/1.1" 200 5008
::1 - - [26/Apr/2020:12:34:07 +0200] "GET / HTTP/1.1" 200 5008
::1 - - [26/Apr/2020:12:35:07 +0200] "-" 408 -
::1 - - [26/Apr/2020:12:35:34 +0200] "GET / HTTP/1.1" 200 7283
::1 - - [26/Apr/2020:12:36:03 +0200] "GET / HTTP/1.1" 200 7283
::1 - - [26/Apr/2020:12:36:54 +0200] "GET /add_comment.php?new_name=test&new_comment=test&submit= HTTP/1.1" 302 -
::1 - - [26/Apr/2020:12:36:54 +0200] "GET /index.php HTTP/1.1" 200 7326
::1 - - [26/Apr/2020:12:37:54 +0200] "-" 408 -
::1 - - [26/Apr/2020:12:43:43 +0200] "GET /phpmyadmin/ HTTP/1.1" 200 3377
::1 - - [26/Apr/2020:12:43:44 +0200] "GET /phpmyadmin/js/codemirror/lib/codemirror.css?v=4.7.5 HTTP/1.1" 304 -
::1 - - [26/Apr/2020:12:43:44 +0200] "GET /phpmyadmin/themes/pmahomme/jquery/jquery-ui.css HTTP/1.1" 304 -
::1 - - [26/Apr/2020:12:43:44 +0200] "GET /phpmyadmin/js/codemirror/addon/hint/show-hint.css?v=4.7.5 HTTP/1.1" 304 -
::1 - - [26/Apr/2020:12:43:44 +0200] "GET /phpmyadmin/js/codemirror/addon/lint/lint.css?v=4.7.5 HTTP/1.1" 304 -
::1 - - [26/Apr/2020:12:43:44 +0200] "GET /phpmyadmin/js/get_scripts.js.php?scripts%5B%5D=jquery/jquery.ba-hashchange-1.3.js&scripts%5B%5D=jquery/jquery.debounce-1.0.5.js&scripts%5B%5D=menu-resizer.js&scripts%5B%5D=cross_framing_protection.js&scripts%5B%5D=rte.js&scripts%5B%5D=tracekit/tracekit.js&scripts%5B%5D=error_report.js&scripts%5B%5D=config.js&scripts%5B%5D=doclinks.js&scripts%5B%5D=functions.js&v=4.7.5 HTTP/1.1" 200 77087
::1 - - [26/Apr/2020:12:43:44 +0200] "GET /phpmyadmin/phpmyadmin.css.php?nocache=4763499337ltr&server=1 HTTP/1.1" 200 20133
::1 - - [26/Apr/2020:12:43:44 +0200] "GET /phpmyadmin/js/get_scripts.js.php?scripts%5B%5D=navigation.js&scripts%5B%5D=indexes.js&scripts%5B%5D=common.js&scripts%5B%5D=page_settings.js&scripts%5B%5D=shortcuts_handler.js&scripts%5B%5D=codemirror/lib/codemirror.js&scripts%5B%5D=codemirror/mode/sql/sql.js&scripts%5B%5D=codemirror/addon/runmode/runmode.js&scripts%5B%5D=codemirror/addon/hint/show-hint.js&scripts%5B%5D=codemirror/addon/hint/sql-hint.js&v=4.7.5 HTTP/1.1" 200 135447
::1 - - [26/Apr/2020:12:43:44 +0200] "GET /phpmyadmin/js/get_scripts.js.php?scripts%5B%5D=jquery/jquery.min.js&scripts%5B%5D=jquery/jquery-migrate-3.0.0.js&scripts%5B%5D=sprintf.js&scripts%5B%5D=ajax.js&scripts%5B%5D=keyhandler.js&scripts%5B%5D=jquery/jquery-ui.min.js&scripts%5B%5D=jquery/jquery.cookie.js&scripts%5B%5D=jquery/jquery.mousewheel.js&scripts%5B%5D=jquery/jquery.event.drag-2.2.js&scripts%5B%5D=jquery/jquery-ui-timepicker-addon.js&v=4.7.5 HTTP/1.1" 200 138876
::1 - - [26/Apr/2020:12:43:44 +0200] "GET /phpmyadmin/js/get_scripts.js.php?scripts%5B%5D=codemirror/addon/lint/lint.js&scripts%5B%5D=codemirror/addon/lint/sql-lint.js&scripts%5B%5D=console.js&v=4.7.5 HTTP/1.1" 200 13176
::1 - - [26/Apr/2020:12:43:44 +0200] "GET /phpmyadmin/js/whitelist.php?v=4.7.5 HTTP/1.1" 200 475
::1 - - [26/Apr/2020:12:43:44 +0200] "GET /phpmyadmin/js/messages.php?l=en&v=4.7.5 HTTP/1.1" 200 8692
::1 - - [26/Apr/2020:12:43:45 +0200] "GET /phpmyadmin/js/get_image.js.php?theme=pmahomme&v=4.7.5 HTTP/1.1" 200 1841
::1 - - [26/Apr/2020:12:43:45 +0200] "GET /phpmyadmin/themes/pmahomme/img/logo_right.png HTTP/1.1" 304 -
::1 - - [26/Apr/2020:12:43:45 +0200] "GET /phpmyadmin/themes/dot.gif HTTP/1.1" 304 -
::1 - - [26/Apr/2020:12:43:45 +0200] "GET /phpmyadmin/themes/pmahomme/css/printview.css?v=4.7.5 HTTP/1.1" 304 -
::1 - - [26/Apr/2020:12:43:45 +0200] "GET /phpmyadmin/themes/pmahomme/img/sprites.png?v=4.7.5 HTTP/1.1" 304 -
::1 - - [26/Apr/2020:12:43:51 +0200] "POST /phpmyadmin/index.php HTTP/1.1" 302 25
::1 - - [26/Apr/2020:12:43:51 +0200] "GET /phpmyadmin/index.php HTTP/1.1" 200 13185
::1 - - [26/Apr/2020:12:43:52 +0200] "GET /phpmyadmin/themes/pmahomme/img/logo_left.png HTTP/1.1" 304 -
::1 - - [26/Apr/2020:12:43:52 +0200] "GET /phpmyadmin/themes/pmahomme/img/ajax_clock_small.gif HTTP/1.1" 304 -
::1 - - [26/Apr/2020:12:43:52 +0200] "GET /phpmyadmin/themes/pmahomme/img/s_collapseall.png HTTP/1.1" 304 -
::1 - - [26/Apr/2020:12:43:52 +0200] "GET /phpmyadmin/phpmyadmin.css.php?nocache=6351380554ltr&server=1 HTTP/1.1" 200 20133
::1 - - [26/Apr/2020:12:43:52 +0200] "GET /phpmyadmin/themes/pmahomme/img/left_nav_bg.png HTTP/1.1" 304 -
::1 - - [26/Apr/2020:12:43:52 +0200] "POST /phpmyadmin/navigation.php?ajax_request=1 HTTP/1.1" 200 1938
::1 - - [26/Apr/2020:12:43:52 +0200] "POST /phpmyadmin/version_check.php HTTP/1.1" 200 64
::1 - - [26/Apr/2020:12:43:54 +0200] "GET /phpmyadmin/db_structure.php?server=1&db=comment_db&ajax_request=true&ajax_page_request=true&_nocache=1587897834526324526 HTTP/1.1" 200 4601
::1 - - [26/Apr/2020:12:43:55 +0200] "GET /phpmyadmin/themes/pmahomme/img/arrow_ltr.png HTTP/1.1" 304 -
::1 - - [26/Apr/2020:12:43:55 +0200] "GET /phpmyadmin/js/get_scripts.js.php?scripts%5B%5D=db_structure.js&scripts%5B%5D=tbl_change.js&call_done=1&v=4.7.5&call_done=1&v=4.7.5 HTTP/1.1" 200 10875
::1 - - [26/Apr/2020:12:43:55 +0200] "GET /phpmyadmin/navigation.php?ajax_request=1&aPath=cm9vdA%3D%3D.Y29tbWVudF9kYg%3D%3D&vPath=cm9vdA%3D%3D.Y29tbWVudF9kYg%3D%3D&pos=0&pos2_name=&pos2_value=&searchClause=&searchClause2=&_nocache=1587897835053905392 HTTP/1.1" 200 1705
::1 - - [26/Apr/2020:12:43:59 +0200] "GET /phpmyadmin/db_sql.php?db=comment_db&ajax_request=true&ajax_page_request=true&_nocache=1587897839534235807 HTTP/1.1" 200 4208
::1 - - [26/Apr/2020:12:44:00 +0200] "GET /phpmyadmin/js/get_scripts.js.php?scripts%5B%5D=makegrid.js&scripts%5B%5D=jquery/jquery.uitablefilter.js&scripts%5B%5D=sql.js&call_done=1&v=4.7.5&call_done=1&v=4.7.5 HTTP/1.1" 200 28072
::1 - - [26/Apr/2020:12:44:02 +0200] "GET /phpmyadmin/sql.php?server=1&db=comment_db&table=comment_table&pos=0&ajax_request=true&ajax_page_request=true&_nocache=1587897842155958174 HTTP/1.1" 200 7642
::1 - - [26/Apr/2020:12:44:02 +0200] "GET /phpmyadmin/themes/pmahomme/img/s_fulltext.png HTTP/1.1" 304 -
::1 - - [26/Apr/2020:12:44:02 +0200] "GET /phpmyadmin/js/get_scripts.js.php?scripts%5B%5D=gis_data_editor.js&scripts%5B%5D=multi_column_sort.js&call_done=1&v=4.7.5&call_done=1&v=4.7.5 HTTP/1.1" 200 4584
::1 - - [26/Apr/2020:12:44:03 +0200] "GET /phpmyadmin/themes/pmahomme/img/col_pointer.png HTTP/1.1" 304 -
::1 - - [26/Apr/2020:12:44:03 +0200] "GET /phpmyadmin/themes/pmahomme/img/col_drop.png HTTP/1.1" 304 -
::1 - - [26/Apr/2020:12:44:03 +0200] "GET /phpmyadmin/index.php?ajax_request=1&recent_table=1&no_debug=true&_nocache=1587897843107699816 HTTP/1.1" 200 1406
::1 - - [26/Apr/2020:12:44:05 +0200] "GET /phpmyadmin/themes/pmahomme/jquery/images/ui-icons_222222_256x240.png HTTP/1.1" 304 -
::1 - - [26/Apr/2020:12:44:05 +0200] "GET /phpmyadmin/themes/pmahomme/jquery/images/ui-bg_glass_75_e6e6e6_1x400.png HTTP/1.1" 304 -
::1 - - [26/Apr/2020:12:44:05 +0200] "GET /phpmyadmin/themes/pmahomme/jquery/images/ui-bg_highlight-soft_75_cccccc_1x100.png HTTP/1.1" 304 -
::1 - - [26/Apr/2020:12:44:05 +0200] "GET /phpmyadmin/themes/pmahomme/jquery/images/ui-icons_888888_256x240.png HTTP/1.1" 304 -
::1 - - [26/Apr/2020:12:44:05 +0200] "GET /phpmyadmin/themes/pmahomme/jquery/images/ui-bg_glass_75_dadada_1x400.png HTTP/1.1" 304 -
::1 - - [26/Apr/2020:12:44:06 +0200] "GET /phpmyadmin/themes/pmahomme/jquery/images/ui-bg_glass_65_ffffff_1x400.png HTTP/1.1" 304 -
::1 - - [26/Apr/2020:12:44:07 +0200] "POST /phpmyadmin/sql.php?db=comment_db&table=comment_table&sql_query=DELETE+FROM+%60comment_table%60+WHERE+%60comment_table%60.%60CommentID%60+%3D+2&message_to_show=The+row+has+been+deleted.&goto=sql.php%3Fdb%3Dcomment_db%26table%3Dcomment_table%26sql_query%3DSELECT%2B%252A%2BFROM%2B%2560comment_table%2560%26message_to_show%3DThe%2Brow%2Bhas%2Bbeen%2Bdeleted.%26goto%3Dtbl_sql.php HTTP/1.1" 200 1869
::1 - - [26/Apr/2020:12:44:09 +0200] "POST /phpmyadmin/sql.php?db=comment_db&table=comment_table&sql_query=DELETE+FROM+%60comment_table%60+WHERE+%60comment_table%60.%60CommentID%60+%3D+3&message_to_show=The+row+has+been+deleted.&goto=sql.php%3Fdb%3Dcomment_db%26table%3Dcomment_table%26sql_query%3DSELECT%2B%252A%2BFROM%2B%2560comment_table%2560%26message_to_show%3DThe%2Brow%2Bhas%2Bbeen%2Bdeleted.%26goto%3Dtbl_sql.php HTTP/1.1" 200 1869
::1 - - [26/Apr/2020:12:44:11 +0200] "POST /phpmyadmin/sql.php?db=comment_db&table=comment_table&sql_query=DELETE+FROM+%60comment_table%60+WHERE+%60comment_table%60.%60CommentID%60+%3D+5&message_to_show=The+row+has+been+deleted.&goto=sql.php%3Fdb%3Dcomment_db%26table%3Dcomment_table%26sql_query%3DSELECT%2B%252A%2BFROM%2B%2560comment_table%2560%26message_to_show%3DThe%2Brow%2Bhas%2Bbeen%2Bdeleted.%26goto%3Dtbl_sql.php HTTP/1.1" 200 1869
::1 - - [26/Apr/2020:12:44:14 +0200] "POST /phpmyadmin/sql.php?db=comment_db&table=comment_table&sql_query=DELETE+FROM+%60comment_table%60+WHERE+%60comment_table%60.%60CommentID%60+%3D+7&message_to_show=The+row+has+been+deleted.&goto=sql.php%3Fdb%3Dcomment_db%26table%3Dcomment_table%26sql_query%3DSELECT%2B%252A%2BFROM%2B%2560comment_table%2560%26message_to_show%3DThe%2Brow%2Bhas%2Bbeen%2Bdeleted.%26goto%3Dtbl_sql.php HTTP/1.1" 200 1870
::1 - - [26/Apr/2020:12:44:17 +0200] "POST /phpmyadmin/sql.php?db=comment_db&table=comment_table&sql_query=DELETE+FROM+%60comment_table%60+WHERE+%60comment_table%60.%60CommentID%60+%3D+9&message_to_show=The+row+has+been+deleted.&goto=sql.php%3Fdb%3Dcomment_db%26table%3Dcomment_table%26sql_query%3DSELECT%2B%252A%2BFROM%2B%2560comment_table%2560%26message_to_show%3DThe%2Brow%2Bhas%2Bbeen%2Bdeleted.%26goto%3Dtbl_sql.php HTTP/1.1" 200 1870
::1 - - [26/Apr/2020:12:44:20 +0200] "POST /phpmyadmin/sql.php?db=comment_db&table=comment_table&sql_query=DELETE+FROM+%60comment_table%60+WHERE+%60comment_table%60.%60CommentID%60+%3D+10&message_to_show=The+row+has+been+deleted.&goto=sql.php%3Fdb%3Dcomment_db%26table%3Dcomment_table%26sql_query%3DSELECT%2B%252A%2BFROM%2B%2560comment_table%2560%26message_to_show%3DThe%2Brow%2Bhas%2Bbeen%2Bdeleted.%26goto%3Dtbl_sql.php HTTP/1.1" 200 1870
::1 - - [26/Apr/2020:12:44:23 +0200] "GET /index.php HTTP/1.1" 200 7053
::1 - - [26/Apr/2020:12:44:23 +0200] "GET /vendor/bootstrap/css/bootstrap.css HTTP/1.1" 200 202251
::1 - - [26/Apr/2020:12:44:53 +0200] "GET /index.php HTTP/1.1" 200 7053
::1 - - [26/Apr/2020:12:45:05 +0200] "GET /index.php HTTP/1.1" 200 7041
::1 - - [26/Apr/2020:12:45:05 +0200] "GET /css/specialAddings.css HTTP/1.1" 200 2523
::1 - - [26/Apr/2020:12:45:32 +0200] "GET /index.php HTTP/1.1" 200 7044
::1 - - [26/Apr/2020:12:45:50 +0200] "GET /index.php HTTP/1.1" 200 7044
::1 - - [26/Apr/2020:12:46:33 +0200] "GET /add_comment.php?new_name=Elsa&new_comment=Good+Job%21&submit= HTTP/1.1" 302 -
::1 - - [26/Apr/2020:12:46:33 +0200] "GET /index.php HTTP/1.1" 200 7089
::1 - - [26/Apr/2020:12:52:33 +0200] "GET /phpmyadmin/sql.php?server=1&db=comment_db&table=comment_table&pos=0 HTTP/1.1" 200 12416
::1 - - [26/Apr/2020:12:52:33 +0200] "GET /phpmyadmin/js/get_scripts.js.php?scripts%5B%5D=navigation.js&scripts%5B%5D=indexes.js&scripts%5B%5D=common.js&scripts%5B%5D=page_settings.js&scripts%5B%5D=shortcuts_handler.js&scripts%5B%5D=jquery/jquery.uitablefilter.js&scripts%5B%5D=tbl_change.js&scripts%5B%5D=gis_data_editor.js&scripts%5B%5D=multi_column_sort.js&scripts%5B%5D=makegrid.js&v=4.7.5 HTTP/1.1" 200 51992
::1 - - [26/Apr/2020:12:52:33 +0200] "GET /phpmyadmin/js/get_scripts.js.php?scripts%5B%5D=sql.js&scripts%5B%5D=codemirror/lib/codemirror.js&scripts%5B%5D=codemirror/mode/sql/sql.js&scripts%5B%5D=codemirror/addon/runmode/runmode.js&scripts%5B%5D=codemirror/addon/hint/show-hint.js&scripts%5B%5D=codemirror/addon/hint/sql-hint.js&scripts%5B%5D=codemirror/addon/lint/lint.js&scripts%5B%5D=codemirror/addon/lint/sql-lint.js&scripts%5B%5D=console.js&v=4.7.5 HTTP/1.1" 200 134698
::1 - - [26/Apr/2020:12:52:34 +0200] "GET /phpmyadmin/favicon.ico HTTP/1.1" 200 22486
::1 - - [26/Apr/2020:12:52:34 +0200] "POST /phpmyadmin/navigation.php?ajax_request=1 HTTP/1.1" 200 2138
::1 - - [26/Apr/2020:12:52:34 +0200] "GET /phpmyadmin/index.php?ajax_request=1&recent_table=1&no_debug=true&_nocache=1587898354262851747 HTTP/1.1" 200 1406
::1 - - [26/Apr/2020:13:00:03 +0200] "GET /index.php HTTP/1.1" 200 5041
::1 - - [26/Apr/2020:13:00:03 +0200] "GET /vendor/bootstrap/css/bootstrap.css HTTP/1.1" 304 -
::1 - - [26/Apr/2020:13:00:03 +0200] "GET /css/specialAddings.css HTTP/1.1" 304 -
::1 - - [26/Apr/2020:13:06:57 +0200] "GET /index.php HTTP/1.1" 200 7103
::1 - - [26/Apr/2020:13:09:13 +0200] "GET /index.php HTTP/1.1" 200 5109
::1 - - [26/Apr/2020:13:09:13 +0200] "GET /vendor/bootstrap/css/bootstrap.css HTTP/1.1" 304 -
::1 - - [26/Apr/2020:13:09:13 +0200] "GET /css/specialAddings.css HTTP/1.1" 304 -
::1 - - [26/Apr/2020:13:09:54 +0200] "GET /index.php HTTP/1.1" 200 7103
::1 - - [26/Apr/2020:13:10:14 +0200] "GET /index.php HTTP/1.1" 200 6925
::1 - - [26/Apr/2020:13:11:14 +0200] "-" 408 -
::1 - - [26/Apr/2020:13:14:42 +0200] "GET /index.php HTTP/1.1" 200 7688
::1 - - [26/Apr/2020:13:16:29 +0200] "POST /phpmyadmin/index.php HTTP/1.1" 200 1421
::1 - - [26/Apr/2020:13:16:37 +0200] "GET /index.php HTTP/1.1" 200 7688
::1 - - [26/Apr/2020:13:16:39 +0200] "GET /index.php HTTP/1.1" 200 7688
::1 - - [26/Apr/2020:13:16:40 +0200] "GET /index.php HTTP/1.1" 200 7688
::1 - - [26/Apr/2020:13:16:40 +0200] "POST /phpmyadmin/index.php HTTP/1.1" 200 1421
::1 - - [26/Apr/2020:13:16:42 +0200] "POST /phpmyadmin/index.php HTTP/1.1" 200 73
::1 - - [26/Apr/2020:13:16:42 +0200] "GET /phpmyadmin/sql.php?server=1&db=comment_db&table=comment_table&pos=0 HTTP/1.1" 200 3397
::1 - - [26/Apr/2020:13:16:48 +0200] "GET /index.php HTTP/1.1" 200 7688
::1 - - [26/Apr/2020:13:17:48 +0200] "-" 408 -
::1 - - [26/Apr/2020:13:18:03 +0200] "GET /index.php HTTP/1.1" 200 5033
::1 - - [26/Apr/2020:13:18:28 +0200] "GET /index.php HTTP/1.1" 200 7109
::1 - - [26/Apr/2020:13:18:45 +0200] "GET /index.php HTTP/1.1" 200 7109
::1 - - [26/Apr/2020:13:18:45 +0200] "GET /vendor/bootstrap/css/bootstrap.css HTTP/1.1" 304 -
::1 - - [26/Apr/2020:13:18:45 +0200] "GET /css/specialAddings.css HTTP/1.1" 304 -
::1 - - [26/Apr/2020:13:18:46 +0200] "GET /index.php HTTP/1.1" 200 7109
::1 - - [26/Apr/2020:13:19:08 +0200] "GET /index.php HTTP/1.1" 200 7109
::1 - - [26/Apr/2020:13:19:08 +0200] "GET /index.php HTTP/1.1" 200 7109
::1 - - [26/Apr/2020:13:20:53 +0200] "GET /index.php HTTP/1.1" 200 6920
::1 - - [26/Apr/2020:13:21:04 +0200] "POST /phpmyadmin/index.php HTTP/1.1" 302 25
::1 - - [26/Apr/2020:13:21:04 +0200] "GET /phpmyadmin/index.php?db=comment_db&table=comment_table&target=sql.php HTTP/1.1" 200 12424
::1 - - [26/Apr/2020:13:21:05 +0200] "POST /phpmyadmin/navigation.php?ajax_request=1 HTTP/1.1" 200 1937
::1 - - [26/Apr/2020:13:21:05 +0200] "GET /phpmyadmin/index.php?ajax_request=1&recent_table=1&no_debug=true&_nocache=1587900065448525393 HTTP/1.1" 200 1407
::1 - - [26/Apr/2020:13:21:05 +0200] "GET /phpmyadmin/navigation.php?ajax_request=1&aPath=cm9vdA%3D%3D.Y29tbWVudF9kYg%3D%3D&vPath=cm9vdA%3D%3D.Y29tbWVudF9kYg%3D%3D&pos=0&pos2_name=&pos2_value=&searchClause=&searchClause2=&_nocache=1587900065738846925 HTTP/1.1" 200 1705
::1 - - [26/Apr/2020:13:25:46 +0200] "GET /index.php HTTP/1.1" 200 7113
::1 - - [26/Apr/2020:13:25:59 +0200] "GET /index.php HTTP/1.1" 200 7113
::1 - - [26/Apr/2020:13:26:00 +0200] "GET /index.php HTTP/1.1" 200 7113
::1 - - [26/Apr/2020:13:26:32 +0200] "GET /index.php HTTP/1.1" 200 7113
::1 - - [26/Apr/2020:13:26:32 +0200] "GET /index.php HTTP/1.1" 200 7113
::1 - - [26/Apr/2020:13:27:32 +0200] "-" 408 -
::1 - - [26/Apr/2020:13:28:56 +0200] "GET /index.php HTTP/1.1" 200 7089
::1 - - [26/Apr/2020:13:29:44 +0200] "GET /index.php HTTP/1.1" 200 6964
::1 - - [26/Apr/2020:13:29:45 +0200] "GET /vendor/bootstrap/css/bootstrap.css HTTP/1.1" 304 -
::1 - - [26/Apr/2020:13:29:45 +0200] "GET /css/specialAddings.css HTTP/1.1" 304 -
::1 - - [26/Apr/2020:13:31:00 +0200] "GET /index.php HTTP/1.1" 200 4157960
::1 - - [26/Apr/2020:13:31:17 +0200] "GET /index.php HTTP/1.1" 200 7069
::1 - - [26/Apr/2020:13:31:28 +0200] "GET /index.php HTTP/1.1" 200 7117
::1 - - [26/Apr/2020:13:31:32 +0200] "GET /phpmyadmin/index.php?db=comment_db&table=comment_table&target=sql.php HTTP/1.1" 200 12424
::1 - - [26/Apr/2020:13:31:34 +0200] "GET /phpmyadmin/favicon.ico HTTP/1.1" 200 22486
::1 - - [26/Apr/2020:13:31:33 +0200] "POST /phpmyadmin/navigation.php?ajax_request=1 HTTP/1.1" 200 2140
::1 - - [26/Apr/2020:13:31:33 +0200] "GET /phpmyadmin/index.php?ajax_request=1&recent_table=1&no_debug=true&_nocache=1587900693929143799 HTTP/1.1" 200 1407
::1 - - [26/Apr/2020:13:31:53 +0200] "GET /index.php HTTP/1.1" 200 7117
::1 - - [26/Apr/2020:13:32:12 +0200] "GET /add_comment.php?new_name=Tamara&new_comment=Perfect%21&submit= HTTP/1.1" 302 -
::1 - - [26/Apr/2020:13:32:12 +0200] "GET /index.php HTTP/1.1" 200 7170
