2020-04-25 18:47:00 9540 [Note] Plugin 'FEDERATED' is disabled.
2020-04-25 18:47:00 9540 [Note] InnoDB: Using atomics to ref count buffer pool pages
2020-04-25 18:47:00 9540 [Note] InnoDB: The InnoDB memory heap is disabled
2020-04-25 18:47:00 9540 [Note] InnoDB: Mutexes and rw_locks use Windows interlocked functions
2020-04-25 18:47:00 9540 [Note] InnoDB: Memory barrier is not used
2020-04-25 18:47:00 9540 [Note] InnoDB: Compressed tables use zlib 1.2.3
2020-04-25 18:47:00 9540 [Note] InnoDB: Not using CPU crc32 instructions
2020-04-25 18:47:00 9540 [Note] InnoDB: Initializing buffer pool, size = 128.0M
2020-04-25 18:47:00 9540 [Note] InnoDB: Completed initialization of buffer pool
2020-04-25 18:47:00 9540 [Note] InnoDB: Setting log file C:\Users\annah\Desktop\web server\usbwebserver\mysql\data\ib_logfile101 size to 5 MB
2020-04-25 18:47:00 9540 [Note] InnoDB: Setting log file C:\Users\annah\Desktop\web server\usbwebserver\mysql\data\ib_logfile1 size to 5 MB
2020-04-25 18:47:00 9540 [Note] InnoDB: Renaming log file C:\Users\annah\Desktop\web server\usbwebserver\mysql\data\ib_logfile101 to C:\Users\annah\Desktop\web server\usbwebserver\mysql\data\ib_logfile0
2020-04-25 18:47:00 9540 [Warning] InnoDB: New log files created, LSN=1626134
2020-04-25 18:47:00 9540 [Note] InnoDB: Highest supported file format is Barracuda.
2020-04-25 18:47:00 33f0 InnoDB: Error: page 5 log sequence number 1626646
InnoDB: is in the future! Current system log sequence number 1626636.
InnoDB: Your database may be corrupt or you may have copied the InnoDB
InnoDB: tablespace but not the InnoDB log files. See
InnoDB: http://dev.mysql.com/doc/refman/5.6/en/forcing-innodb-recovery.html
InnoDB: for more information.
2020-04-25 18:47:00 9540 [Note] InnoDB: 128 rollback segment(s) are active.
2020-04-25 18:47:00 9540 [Note] InnoDB: Waiting for purge to start
2020-04-25 18:47:00 9540 [Note] InnoDB: 5.6.34 started; log sequence number 1626636
2020-04-25 18:47:00 9540 [Warning] No existing UUID has been found, so we assume that this is the first time that this server has been started. Generating a new UUID: 6274167f-8714-11ea-9905-80ce62ed05ad.
2020-04-25 18:47:00 9540 [Note] Server hostname (bind-address): '*'; port: 3306
2020-04-25 18:47:00 9540 [Note] IPv6 is available.
2020-04-25 18:47:00 9540 [Note]   - '::' resolves to '::';
2020-04-25 18:47:00 9540 [Note] Server socket created on IP: '::'.
2020-04-26 07:53:13 5168 [Note] Plugin 'FEDERATED' is disabled.
2020-04-26 07:53:13 5168 [Note] InnoDB: Using atomics to ref count buffer pool pages
2020-04-26 07:53:13 5168 [Note] InnoDB: The InnoDB memory heap is disabled
2020-04-26 07:53:13 5168 [Note] InnoDB: Mutexes and rw_locks use Windows interlocked functions
2020-04-26 07:53:13 5168 [Note] InnoDB: Memory barrier is not used
2020-04-26 07:53:13 5168 [Note] InnoDB: Compressed tables use zlib 1.2.3
2020-04-26 07:53:13 5168 [Note] InnoDB: Not using CPU crc32 instructions
2020-04-26 07:53:13 5168 [Note] InnoDB: Initializing buffer pool, size = 128.0M
2020-04-26 07:53:13 5168 [Note] InnoDB: Completed initialization of buffer pool
2020-04-26 07:53:13 5168 [Note] InnoDB: Highest supported file format is Barracuda.
2020-04-26 07:53:13 5168 [Note] InnoDB: The log sequence numbers 1626134 and 1626134 in ibdata files do not match the log sequence number 1653744 in the ib_logfiles!
2020-04-26 07:53:13 5168 [Note] InnoDB: Database was not shutdown normally!
2020-04-26 07:53:13 5168 [Note] InnoDB: Starting crash recovery.
2020-04-26 07:53:13 5168 [Note] InnoDB: Reading tablespace information from the .ibd files...
2020-04-26 07:53:13 5168 [Note] InnoDB: Restoring possible half-written data pages 
2020-04-26 07:53:13 5168 [Note] InnoDB: from the doublewrite buffer...
2020-04-26 07:53:13 5168 [Note] InnoDB: 128 rollback segment(s) are active.
2020-04-26 07:53:13 5168 [Note] InnoDB: Waiting for purge to start
2020-04-26 07:53:13 5168 [Note] InnoDB: 5.6.34 started; log sequence number 1653744
2020-04-26 07:53:13 5168 [Note] Server hostname (bind-address): '*'; port: 3306
2020-04-26 07:53:13 5168 [Note] IPv6 is available.
2020-04-26 07:53:13 5168 [Note]   - '::' resolves to '::';
2020-04-26 07:53:13 5168 [Note] Server socket created on IP: '::'.
2020-04-26 10:43:07 18280 [Note] Plugin 'FEDERATED' is disabled.
2020-04-26 10:43:07 18280 [Note] InnoDB: Using atomics to ref count buffer pool pages
2020-04-26 10:43:07 18280 [Note] InnoDB: The InnoDB memory heap is disabled
2020-04-26 10:43:07 18280 [Note] InnoDB: Mutexes and rw_locks use Windows interlocked functions
2020-04-26 10:43:07 18280 [Note] InnoDB: Memory barrier is not used
2020-04-26 10:43:07 18280 [Note] InnoDB: Compressed tables use zlib 1.2.3
2020-04-26 10:43:07 18280 [Note] InnoDB: Not using CPU crc32 instructions
2020-04-26 10:43:07 18280 [Note] InnoDB: Initializing buffer pool, size = 128.0M
2020-04-26 10:43:07 18280 [Note] InnoDB: Completed initialization of buffer pool
2020-04-26 10:43:07 18280 [Note] InnoDB: Highest supported file format is Barracuda.
2020-04-26 10:43:07 18280 [Note] InnoDB: The log sequence numbers 1626134 and 1626134 in ibdata files do not match the log sequence number 1670453 in the ib_logfiles!
2020-04-26 10:43:07 18280 [Note] InnoDB: Database was not shutdown normally!
2020-04-26 10:43:07 18280 [Note] InnoDB: Starting crash recovery.
2020-04-26 10:43:07 18280 [Note] InnoDB: Reading tablespace information from the .ibd files...
2020-04-26 10:43:07 18280 [Note] InnoDB: Restoring possible half-written data pages 
2020-04-26 10:43:07 18280 [Note] InnoDB: from the doublewrite buffer...
2020-04-26 10:43:08 18280 [Note] InnoDB: 128 rollback segment(s) are active.
2020-04-26 10:43:08 18280 [Note] InnoDB: Waiting for purge to start
2020-04-26 10:43:08 18280 [Note] InnoDB: 5.6.34 started; log sequence number 1670453
2020-04-26 10:43:08 18280 [Note] Server hostname (bind-address): '*'; port: 3306
2020-04-26 10:43:08 18280 [Note] IPv6 is available.
2020-04-26 10:43:08 18280 [Note]   - '::' resolves to '::';
2020-04-26 10:43:08 18280 [Note] Server socket created on IP: '::'.
2020-04-26 13:35:40 10772 [Note] Plugin 'FEDERATED' is disabled.
2020-04-26 13:35:40 10772 [Note] InnoDB: Using atomics to ref count buffer pool pages
2020-04-26 13:35:40 10772 [Note] InnoDB: The InnoDB memory heap is disabled
2020-04-26 13:35:40 10772 [Note] InnoDB: Mutexes and rw_locks use Windows interlocked functions
2020-04-26 13:35:40 10772 [Note] InnoDB: Memory barrier is not used
2020-04-26 13:35:40 10772 [Note] InnoDB: Compressed tables use zlib 1.2.3
2020-04-26 13:35:40 10772 [Note] InnoDB: Not using CPU crc32 instructions
2020-04-26 13:35:40 10772 [Note] InnoDB: Initializing buffer pool, size = 128.0M
2020-04-26 13:35:40 10772 [Note] InnoDB: Completed initialization of buffer pool
2020-04-26 13:35:40 10772 [Note] InnoDB: Highest supported file format is Barracuda.
2020-04-26 13:35:40 10772 [Note] InnoDB: The log sequence numbers 1626134 and 1626134 in ibdata files do not match the log sequence number 1679758 in the ib_logfiles!
2020-04-26 13:35:40 10772 [Note] InnoDB: Database was not shutdown normally!
2020-04-26 13:35:40 10772 [Note] InnoDB: Starting crash recovery.
2020-04-26 13:35:40 10772 [Note] InnoDB: Reading tablespace information from the .ibd files...
2020-04-26 13:35:40 10772 [Note] InnoDB: Restoring possible half-written data pages 
2020-04-26 13:35:40 10772 [Note] InnoDB: from the doublewrite buffer...
2020-04-26 13:35:40 10772 [Note] InnoDB: 128 rollback segment(s) are active.
2020-04-26 13:35:40 10772 [Note] InnoDB: Waiting for purge to start
2020-04-26 13:35:40 10772 [Note] InnoDB: 5.6.34 started; log sequence number 1679758
2020-04-26 13:35:40 10772 [Note] Server hostname (bind-address): '*'; port: 3306
2020-04-26 13:35:40 10772 [Note] IPv6 is available.
2020-04-26 13:35:40 10772 [Note]   - '::' resolves to '::';
2020-04-26 13:35:40 10772 [Note] Server socket created on IP: '::'.
2020-04-26 13:41:17 16376 [Note] Plugin 'FEDERATED' is disabled.
2020-04-26 13:41:17 16376 [Note] InnoDB: Using atomics to ref count buffer pool pages
2020-04-26 13:41:17 16376 [Note] InnoDB: The InnoDB memory heap is disabled
2020-04-26 13:41:17 16376 [Note] InnoDB: Mutexes and rw_locks use Windows interlocked functions
2020-04-26 13:41:17 16376 [Note] InnoDB: Memory barrier is not used
2020-04-26 13:41:17 16376 [Note] InnoDB: Compressed tables use zlib 1.2.3
2020-04-26 13:41:17 16376 [Note] InnoDB: Not using CPU crc32 instructions
2020-04-26 13:41:17 16376 [Note] InnoDB: Initializing buffer pool, size = 128.0M
2020-04-26 13:41:17 16376 [Note] InnoDB: Completed initialization of buffer pool
2020-04-26 13:41:17 16376 [Note] InnoDB: Highest supported file format is Barracuda.
2020-04-26 13:41:17 16376 [Note] InnoDB: The log sequence numbers 1626134 and 1626134 in ibdata files do not match the log sequence number 1679768 in the ib_logfiles!
2020-04-26 13:41:17 16376 [Note] InnoDB: Database was not shutdown normally!
2020-04-26 13:41:17 16376 [Note] InnoDB: Starting crash recovery.
2020-04-26 13:41:17 16376 [Note] InnoDB: Reading tablespace information from the .ibd files...
2020-04-26 13:41:17 16376 [Note] InnoDB: Restoring possible half-written data pages 
2020-04-26 13:41:17 16376 [Note] InnoDB: from the doublewrite buffer...
2020-04-26 13:41:17 16376 [Note] InnoDB: 128 rollback segment(s) are active.
2020-04-26 13:41:17 16376 [Note] InnoDB: Waiting for purge to start
2020-04-26 13:41:17 16376 [Note] InnoDB: 5.6.34 started; log sequence number 1679768
2020-04-26 13:41:17 16376 [Note] Server hostname (bind-address): '*'; port: 3306
2020-04-26 13:41:17 16376 [Note] IPv6 is available.
2020-04-26 13:41:17 16376 [Note]   - '::' resolves to '::';
2020-04-26 13:41:17 16376 [Note] Server socket created on IP: '::'.
2020-04-26 13:54:51 9992 [Note] Plugin 'FEDERATED' is disabled.
2020-04-26 13:54:51 9992 [Note] InnoDB: Using atomics to ref count buffer pool pages
2020-04-26 13:54:51 9992 [Note] InnoDB: The InnoDB memory heap is disabled
2020-04-26 13:54:51 9992 [Note] InnoDB: Mutexes and rw_locks use Windows interlocked functions
2020-04-26 13:54:51 9992 [Note] InnoDB: Memory barrier is not used
2020-04-26 13:54:51 9992 [Note] InnoDB: Compressed tables use zlib 1.2.3
2020-04-26 13:54:51 9992 [Note] InnoDB: Not using CPU crc32 instructions
2020-04-26 13:54:51 9992 [Note] InnoDB: Initializing buffer pool, size = 128.0M
2020-04-26 13:54:51 9992 [Note] InnoDB: Completed initialization of buffer pool
2020-04-26 13:54:51 9992 [Note] InnoDB: Highest supported file format is Barracuda.
2020-04-26 13:54:51 9992 [Note] InnoDB: The log sequence numbers 1626134 and 1626134 in ibdata files do not match the log sequence number 1679778 in the ib_logfiles!
2020-04-26 13:54:51 9992 [Note] InnoDB: Database was not shutdown normally!
2020-04-26 13:54:51 9992 [Note] InnoDB: Starting crash recovery.
2020-04-26 13:54:51 9992 [Note] InnoDB: Reading tablespace information from the .ibd files...
2020-04-26 13:54:51 9992 [Note] InnoDB: Restoring possible half-written data pages 
2020-04-26 13:54:51 9992 [Note] InnoDB: from the doublewrite buffer...
2020-04-26 13:54:51 9992 [Note] InnoDB: 128 rollback segment(s) are active.
2020-04-26 13:54:51 9992 [Note] InnoDB: Waiting for purge to start
2020-04-26 13:54:51 9992 [Note] InnoDB: 5.6.34 started; log sequence number 1679778
2020-04-26 13:54:51 9992 [Note] Server hostname (bind-address): '*'; port: 3306
2020-04-26 13:54:51 9992 [Note] IPv6 is available.
2020-04-26 13:54:51 9992 [Note]   - '::' resolves to '::';
2020-04-26 13:54:51 9992 [Note] Server socket created on IP: '::'.
2020-04-26 19:40:58 5928 [Note] Plugin 'FEDERATED' is disabled.
2020-04-26 19:40:58 5928 [Note] InnoDB: Using atomics to ref count buffer pool pages
2020-04-26 19:40:58 5928 [Note] InnoDB: The InnoDB memory heap is disabled
2020-04-26 19:40:58 5928 [Note] InnoDB: Mutexes and rw_locks use Windows interlocked functions
2020-04-26 19:40:58 5928 [Note] InnoDB: Memory barrier is not used
2020-04-26 19:40:58 5928 [Note] InnoDB: Compressed tables use zlib 1.2.3
2020-04-26 19:40:58 5928 [Note] InnoDB: Not using CPU crc32 instructions
2020-04-26 19:40:58 5928 [Note] InnoDB: Initializing buffer pool, size = 128.0M
2020-04-26 19:40:58 5928 [Note] InnoDB: Completed initialization of buffer pool
2020-04-26 19:40:58 5928 [Note] InnoDB: Highest supported file format is Barracuda.
2020-04-26 19:40:58 5928 [Note] InnoDB: The log sequence numbers 1626134 and 1626134 in ibdata files do not match the log sequence number 1695152 in the ib_logfiles!
2020-04-26 19:40:58 5928 [Note] InnoDB: Database was not shutdown normally!
2020-04-26 19:40:58 5928 [Note] InnoDB: Starting crash recovery.
2020-04-26 19:40:58 5928 [Note] InnoDB: Reading tablespace information from the .ibd files...
2020-04-26 19:40:58 5928 [Note] InnoDB: Restoring possible half-written data pages 
2020-04-26 19:40:58 5928 [Note] InnoDB: from the doublewrite buffer...
2020-04-26 19:40:59 5928 [Note] InnoDB: 128 rollback segment(s) are active.
2020-04-26 19:40:59 5928 [Note] InnoDB: Waiting for purge to start
2020-04-26 19:40:59 5928 [Note] InnoDB: 5.6.34 started; log sequence number 1695152
2020-04-26 19:40:59 5928 [Note] Server hostname (bind-address): '*'; port: 3306
2020-04-26 19:40:59 5928 [Note] IPv6 is available.
2020-04-26 19:40:59 5928 [Note]   - '::' resolves to '::';
2020-04-26 19:40:59 5928 [Note] Server socket created on IP: '::'.
2020-04-26 21:59:33 14220 [Note] Plugin 'FEDERATED' is disabled.
2020-04-26 21:59:33 14220 [Note] InnoDB: Using atomics to ref count buffer pool pages
2020-04-26 21:59:33 14220 [Note] InnoDB: The InnoDB memory heap is disabled
2020-04-26 21:59:33 14220 [Note] InnoDB: Mutexes and rw_locks use Windows interlocked functions
2020-04-26 21:59:33 14220 [Note] InnoDB: Memory barrier is not used
2020-04-26 21:59:33 14220 [Note] InnoDB: Compressed tables use zlib 1.2.3
2020-04-26 21:59:33 14220 [Note] InnoDB: Not using CPU crc32 instructions
2020-04-26 21:59:33 14220 [Note] InnoDB: Initializing buffer pool, size = 128.0M
2020-04-26 21:59:33 14220 [Note] InnoDB: Completed initialization of buffer pool
2020-04-26 21:59:33 14220 [Note] InnoDB: Highest supported file format is Barracuda.
2020-04-26 21:59:33 14220 [Note] InnoDB: The log sequence numbers 1626134 and 1626134 in ibdata files do not match the log sequence number 1786613 in the ib_logfiles!
2020-04-26 21:59:33 14220 [Note] InnoDB: Database was not shutdown normally!
2020-04-26 21:59:33 14220 [Note] InnoDB: Starting crash recovery.
2020-04-26 21:59:33 14220 [Note] InnoDB: Reading tablespace information from the .ibd files...
2020-04-26 21:59:33 14220 [Note] InnoDB: Restoring possible half-written data pages 
2020-04-26 21:59:33 14220 [Note] InnoDB: from the doublewrite buffer...
2020-04-26 21:59:33 14220 [Note] InnoDB: 128 rollback segment(s) are active.
2020-04-26 21:59:33 14220 [Note] InnoDB: Waiting for purge to start
2020-04-26 21:59:33 14220 [Note] InnoDB: 5.6.34 started; log sequence number 1786613
2020-04-26 21:59:33 14220 [Note] Server hostname (bind-address): '*'; port: 3306
2020-04-26 21:59:33 14220 [Note] IPv6 is available.
2020-04-26 21:59:33 14220 [Note]   - '::' resolves to '::';
2020-04-26 21:59:33 14220 [Note] Server socket created on IP: '::'.
2020-04-26 22:03:42 7968 [Note] Plugin 'FEDERATED' is disabled.
2020-04-26 22:03:42 7968 [Note] InnoDB: Using atomics to ref count buffer pool pages
2020-04-26 22:03:42 7968 [Note] InnoDB: The InnoDB memory heap is disabled
2020-04-26 22:03:42 7968 [Note] InnoDB: Mutexes and rw_locks use Windows interlocked functions
2020-04-26 22:03:42 7968 [Note] InnoDB: Memory barrier is not used
2020-04-26 22:03:42 7968 [Note] InnoDB: Compressed tables use zlib 1.2.3
2020-04-26 22:03:42 7968 [Note] InnoDB: Not using CPU crc32 instructions
2020-04-26 22:03:42 7968 [Note] InnoDB: Initializing buffer pool, size = 128.0M
2020-04-26 22:03:42 7968 [Note] InnoDB: Completed initialization of buffer pool
2020-04-26 22:03:42 7968 [Note] InnoDB: Highest supported file format is Barracuda.
2020-04-26 22:03:42 7968 [Note] InnoDB: The log sequence numbers 1626134 and 1626134 in ibdata files do not match the log sequence number 1786623 in the ib_logfiles!
2020-04-26 22:03:42 7968 [Note] InnoDB: Database was not shutdown normally!
2020-04-26 22:03:42 7968 [Note] InnoDB: Starting crash recovery.
2020-04-26 22:03:42 7968 [Note] InnoDB: Reading tablespace information from the .ibd files...
2020-04-26 22:03:42 7968 [Note] InnoDB: Restoring possible half-written data pages 
2020-04-26 22:03:42 7968 [Note] InnoDB: from the doublewrite buffer...
2020-04-26 22:03:42 7968 [Note] InnoDB: 128 rollback segment(s) are active.
2020-04-26 22:03:42 7968 [Note] InnoDB: Waiting for purge to start
2020-04-26 22:03:42 7968 [Note] InnoDB: 5.6.34 started; log sequence number 1786623
2020-04-26 22:03:42 7968 [Note] Server hostname (bind-address): '*'; port: 3306
2020-04-26 22:03:42 7968 [Note] IPv6 is available.
2020-04-26 22:03:42 7968 [Note]   - '::' resolves to '::';
2020-04-26 22:03:42 7968 [Note] Server socket created on IP: '::'.
2020-04-27 16:57:10 16352 [Note] Plugin 'FEDERATED' is disabled.
2020-04-27 16:57:10 16352 [Note] InnoDB: Using atomics to ref count buffer pool pages
2020-04-27 16:57:10 16352 [Note] InnoDB: The InnoDB memory heap is disabled
2020-04-27 16:57:10 16352 [Note] InnoDB: Mutexes and rw_locks use Windows interlocked functions
2020-04-27 16:57:10 16352 [Note] InnoDB: Memory barrier is not used
2020-04-27 16:57:10 16352 [Note] InnoDB: Compressed tables use zlib 1.2.3
2020-04-27 16:57:10 16352 [Note] InnoDB: Not using CPU crc32 instructions
2020-04-27 16:57:10 16352 [Note] InnoDB: Initializing buffer pool, size = 128.0M
2020-04-27 16:57:10 16352 [Note] InnoDB: Completed initialization of buffer pool
2020-04-27 16:57:10 16352 [Note] InnoDB: Highest supported file format is Barracuda.
2020-04-27 16:57:10 16352 [Note] InnoDB: The log sequence numbers 1626134 and 1626134 in ibdata files do not match the log sequence number 1786633 in the ib_logfiles!
2020-04-27 16:57:10 16352 [Note] InnoDB: Database was not shutdown normally!
2020-04-27 16:57:10 16352 [Note] InnoDB: Starting crash recovery.
2020-04-27 16:57:10 16352 [Note] InnoDB: Reading tablespace information from the .ibd files...
2020-04-27 16:57:10 16352 [Note] InnoDB: Restoring possible half-written data pages 
2020-04-27 16:57:10 16352 [Note] InnoDB: from the doublewrite buffer...
2020-04-27 16:57:10 16352 [Note] InnoDB: 128 rollback segment(s) are active.
2020-04-27 16:57:10 16352 [Note] InnoDB: Waiting for purge to start
2020-04-27 16:57:10 16352 [Note] InnoDB: 5.6.34 started; log sequence number 1786633
2020-04-27 16:57:11 16352 [Note] Server hostname (bind-address): '*'; port: 3306
2020-04-27 16:57:11 16352 [Note] IPv6 is available.
2020-04-27 16:57:11 16352 [Note]   - '::' resolves to '::';
2020-04-27 16:57:11 16352 [Note] Server socket created on IP: '::'.
2020-04-28 06:05:01 1000 [Note] Plugin 'FEDERATED' is disabled.
2020-04-28 06:05:01 1000 [Note] InnoDB: Using atomics to ref count buffer pool pages
2020-04-28 06:05:01 1000 [Note] InnoDB: The InnoDB memory heap is disabled
2020-04-28 06:05:01 1000 [Note] InnoDB: Mutexes and rw_locks use Windows interlocked functions
2020-04-28 06:05:01 1000 [Note] InnoDB: Memory barrier is not used
2020-04-28 06:05:01 1000 [Note] InnoDB: Compressed tables use zlib 1.2.3
2020-04-28 06:05:01 1000 [Note] InnoDB: Not using CPU crc32 instructions
2020-04-28 06:05:01 1000 [Note] InnoDB: Initializing buffer pool, size = 128.0M
2020-04-28 06:05:01 1000 [Note] InnoDB: Completed initialization of buffer pool
2020-04-28 06:05:01 1000 [Note] InnoDB: Highest supported file format is Barracuda.
2020-04-28 06:05:01 1000 [Note] InnoDB: The log sequence numbers 1626134 and 1626134 in ibdata files do not match the log sequence number 1786755 in the ib_logfiles!
2020-04-28 06:05:01 1000 [Note] InnoDB: Database was not shutdown normally!
2020-04-28 06:05:01 1000 [Note] InnoDB: Starting crash recovery.
2020-04-28 06:05:01 1000 [Note] InnoDB: Reading tablespace information from the .ibd files...
2020-04-28 06:05:01 1000 [Note] InnoDB: Restoring possible half-written data pages 
2020-04-28 06:05:01 1000 [Note] InnoDB: from the doublewrite buffer...
2020-04-28 06:05:01 1000 [Note] InnoDB: 128 rollback segment(s) are active.
2020-04-28 06:05:01 1000 [Note] InnoDB: Waiting for purge to start
2020-04-28 06:05:02 1000 [Note] InnoDB: 5.6.34 started; log sequence number 1786755
2020-04-28 06:05:02 1000 [Note] Server hostname (bind-address): '*'; port: 3306
2020-04-28 06:05:02 1000 [Note] IPv6 is available.
2020-04-28 06:05:02 1000 [Note]   - '::' resolves to '::';
2020-04-28 06:05:02 1000 [Note] Server socket created on IP: '::'.
2020-04-29 11:59:54 5616 [Note] Plugin 'FEDERATED' is disabled.
2020-04-29 11:59:54 5616 [Note] InnoDB: Using atomics to ref count buffer pool pages
2020-04-29 11:59:54 5616 [Note] InnoDB: The InnoDB memory heap is disabled
2020-04-29 11:59:54 5616 [Note] InnoDB: Mutexes and rw_locks use Windows interlocked functions
2020-04-29 11:59:54 5616 [Note] InnoDB: Memory barrier is not used
2020-04-29 11:59:54 5616 [Note] InnoDB: Compressed tables use zlib 1.2.3
2020-04-29 11:59:54 5616 [Note] InnoDB: Not using CPU crc32 instructions
2020-04-29 11:59:54 5616 [Note] InnoDB: Initializing buffer pool, size = 128.0M
2020-04-29 11:59:54 5616 [Note] InnoDB: Completed initialization of buffer pool
2020-04-29 11:59:54 5616 [Note] InnoDB: Highest supported file format is Barracuda.
2020-04-29 11:59:54 5616 [Note] InnoDB: The log sequence numbers 1626134 and 1626134 in ibdata files do not match the log sequence number 1786895 in the ib_logfiles!
2020-04-29 11:59:54 5616 [Note] InnoDB: Database was not shutdown normally!
2020-04-29 11:59:54 5616 [Note] InnoDB: Starting crash recovery.
2020-04-29 11:59:54 5616 [Note] InnoDB: Reading tablespace information from the .ibd files...
2020-04-29 11:59:54 5616 [Note] InnoDB: Restoring possible half-written data pages 
2020-04-29 11:59:54 5616 [Note] InnoDB: from the doublewrite buffer...
2020-04-29 11:59:54 5616 [Note] InnoDB: 128 rollback segment(s) are active.
2020-04-29 11:59:54 5616 [Note] InnoDB: Waiting for purge to start
2020-04-29 11:59:54 5616 [Note] InnoDB: 5.6.34 started; log sequence number 1786895
2020-04-29 11:59:54 5616 [Note] Server hostname (bind-address): '*'; port: 3306
2020-04-29 11:59:54 5616 [Note] IPv6 is available.
2020-04-29 11:59:54 5616 [Note]   - '::' resolves to '::';
2020-04-29 11:59:54 5616 [Note] Server socket created on IP: '::'.
2020-05-01 10:47:31 14192 [Note] Plugin 'FEDERATED' is disabled.
2020-05-01 10:47:31 14192 [Note] InnoDB: Using atomics to ref count buffer pool pages
2020-05-01 10:47:31 14192 [Note] InnoDB: The InnoDB memory heap is disabled
2020-05-01 10:47:31 14192 [Note] InnoDB: Mutexes and rw_locks use Windows interlocked functions
2020-05-01 10:47:31 14192 [Note] InnoDB: Memory barrier is not used
2020-05-01 10:47:31 14192 [Note] InnoDB: Compressed tables use zlib 1.2.3
2020-05-01 10:47:31 14192 [Note] InnoDB: Not using CPU crc32 instructions
2020-05-01 10:47:31 14192 [Note] InnoDB: Initializing buffer pool, size = 128.0M
2020-05-01 10:47:31 14192 [Note] InnoDB: Completed initialization of buffer pool
2020-05-01 10:47:31 14192 [Note] InnoDB: Highest supported file format is Barracuda.
2020-05-01 10:47:31 14192 [Note] InnoDB: The log sequence numbers 1626134 and 1626134 in ibdata files do not match the log sequence number 1786905 in the ib_logfiles!
2020-05-01 10:47:31 14192 [Note] InnoDB: Database was not shutdown normally!
2020-05-01 10:47:31 14192 [Note] InnoDB: Starting crash recovery.
2020-05-01 10:47:31 14192 [Note] InnoDB: Reading tablespace information from the .ibd files...
2020-05-01 10:47:31 14192 [Note] InnoDB: Restoring possible half-written data pages 
2020-05-01 10:47:31 14192 [Note] InnoDB: from the doublewrite buffer...
2020-05-01 10:47:31 14192 [Note] InnoDB: 128 rollback segment(s) are active.
2020-05-01 10:47:31 14192 [Note] InnoDB: Waiting for purge to start
2020-05-01 10:47:31 14192 [Note] InnoDB: 5.6.34 started; log sequence number 1786905
2020-05-01 10:47:31 14192 [Note] Server hostname (bind-address): '*'; port: 3306
2020-05-01 10:47:31 14192 [Note] IPv6 is available.
2020-05-01 10:47:31 14192 [Note]   - '::' resolves to '::';
2020-05-01 10:47:31 14192 [Note] Server socket created on IP: '::'.
