[0130/150245.793:ERROR:process_memory_win.cc(73)] ReadMemory at 0x2c9af7e3780 of 72 bytes failed: Nur ein Teil der ReadProcessMemory- oder WriteProcessMemory-Anforderung wurde abgeschlossen. (0x12B)
[0130/150246.105:WARNING:pe_image_annotations_reader.cc(134)] could not read annotations list object in C:\Program Files (x86)\Google\Chrome\Application\79.0.3945.130\chrome_elf.dll
[0130/150246.105:ERROR:process_memory_win.cc(73)] ReadMemory at 0x2c9af684a30 of 72 bytes failed: Nur ein Teil der ReadProcessMemory- oder WriteProcessMemory-Anforderung wurde abgeschlossen. (0x12B)
[0130/150246.105:WARNING:pe_image_annotations_reader.cc(134)] could not read annotations list object in C:\Program Files (x86)\Google\Chrome\Application\79.0.3945.130\chrome_child.dll
[0130/150246.121:ERROR:process_memory_win.cc(73)] ReadMemory at 0x2c9af7e3780 of 72 bytes failed: Nur ein Teil der ReadProcessMemory- oder WriteProcessMemory-Anforderung wurde abgeschlossen. (0x12B)
[0130/150246.121:WARNING:pe_image_annotations_reader.cc(134)] could not read annotations list object in C:\Program Files (x86)\Google\Chrome\Application\79.0.3945.130\chrome_elf.dll
[0130/150246.121:ERROR:process_memory_win.cc(73)] ReadMemory at 0x2c9af684a30 of 72 bytes failed: Nur ein Teil der ReadProcessMemory- oder WriteProcessMemory-Anforderung wurde abgeschlossen. (0x12B)
[0130/150246.121:WARNING:pe_image_annotations_reader.cc(134)] could not read annotations list object in C:\Program Files (x86)\Google\Chrome\Application\79.0.3945.130\chrome_child.dll
[0130/150246.293:ERROR:process_memory_win.cc(73)] ReadMemory at 0xd54fde2000 of 122880 bytes failed: Nur ein Teil der ReadProcessMemory- oder WriteProcessMemory-Anforderung wurde abgeschlossen. (0x12B)
[0130/150246.293:ERROR:process_memory_win.cc(73)] ReadMemory at 0xd5505fd000 of 12288 bytes failed: Nur ein Teil der ReadProcessMemory- oder WriteProcessMemory-Anforderung wurde abgeschlossen. (0x12B)
[0130/150246.293:ERROR:process_memory_win.cc(73)] ReadMemory at 0xd5515fd000 of 12288 bytes failed: Nur ein Teil der ReadProcessMemory- oder WriteProcessMemory-Anforderung wurde abgeschlossen. (0x12B)
[0130/150246.293:ERROR:process_memory_win.cc(73)] ReadMemory at 0xd551dfb000 of 20480 bytes failed: Nur ein Teil der ReadProcessMemory- oder WriteProcessMemory-Anforderung wurde abgeschlossen. (0x12B)
[0130/150246.293:ERROR:process_memory_win.cc(73)] ReadMemory at 0xd5525fe000 of 8192 bytes failed: Nur ein Teil der ReadProcessMemory- oder WriteProcessMemory-Anforderung wurde abgeschlossen. (0x12B)
[0130/150246.293:ERROR:process_memory_win.cc(73)] ReadMemory at 0xd552dfd000 of 12288 bytes failed: Nur ein Teil der ReadProcessMemory- oder WriteProcessMemory-Anforderung wurde abgeschlossen. (0x12B)
[0130/150246.293:ERROR:process_memory_win.cc(73)] ReadMemory at 0xd5535fb000 of 20480 bytes failed: Nur ein Teil der ReadProcessMemory- oder WriteProcessMemory-Anforderung wurde abgeschlossen. (0x12B)
[0130/150246.293:ERROR:process_memory_win.cc(73)] ReadMemory at 0xd553dfd000 of 12288 bytes failed: Nur ein Teil der ReadProcessMemory- oder WriteProcessMemory-Anforderung wurde abgeschlossen. (0x12B)
[0130/150246.293:ERROR:process_memory_win.cc(73)] ReadMemory at 0xd5545f6000 of 40960 bytes failed: Nur ein Teil der ReadProcessMemory- oder WriteProcessMemory-Anforderung wurde abgeschlossen. (0x12B)
[0130/150246.293:ERROR:process_memory_win.cc(73)] ReadMemory at 0xd554df4000 of 49152 bytes failed: Nur ein Teil der ReadProcessMemory- oder WriteProcessMemory-Anforderung wurde abgeschlossen. (0x12B)
[0130/150246.293:ERROR:process_memory_win.cc(73)] ReadMemory at 0xd5555fd000 of 12288 bytes failed: Nur ein Teil der ReadProcessMemory- oder WriteProcessMemory-Anforderung wurde abgeschlossen. (0x12B)
[0130/150246.293:ERROR:process_memory_win.cc(73)] ReadMemory at 0xd550dfd000 of 12288 bytes failed: Nur ein Teil der ReadProcessMemory- oder WriteProcessMemory-Anforderung wurde abgeschlossen. (0x12B)
[0130/150246.293:ERROR:process_memory_win.cc(73)] ReadMemory at 0xd5575f8000 of 32768 bytes failed: Nur ein Teil der ReadProcessMemory- oder WriteProcessMemory-Anforderung wurde abgeschlossen. (0x12B)
[0130/150246.293:ERROR:process_memory_win.cc(73)] ReadMemory at 0xd556dfc000 of 16384 bytes failed: Nur ein Teil der ReadProcessMemory- oder WriteProcessMemory-Anforderung wurde abgeschlossen. (0x12B)
[0130/150246.293:ERROR:process_memory_win.cc(73)] ReadMemory at 0xd555dff000 of 4096 bytes failed: Nur ein Teil der ReadProcessMemory- oder WriteProcessMemory-Anforderung wurde abgeschlossen. (0x12B)
[0130/150246.293:ERROR:process_memory_win.cc(73)] ReadMemory at 0xd54f49e000 of 852 bytes failed: Nur ein Teil der ReadProcessMemory- oder WriteProcessMemory-Anforderung wurde abgeschlossen. (0x12B)
[0130/150246.308:ERROR:process_memory_win.cc(73)] ReadMemory at 0xd54f49f000 of 6024 bytes failed: Nur ein Teil der ReadProcessMemory- oder WriteProcessMemory-Anforderung wurde abgeschlossen. (0x12B)
[0130/150246.308:ERROR:process_memory_win.cc(73)] ReadMemory at 0xd54f4a1000 of 6024 bytes failed: Nur ein Teil der ReadProcessMemory- oder WriteProcessMemory-Anforderung wurde abgeschlossen. (0x12B)
[0130/150246.308:ERROR:process_memory_win.cc(73)] ReadMemory at 0xd54f4a5000 of 6024 bytes failed: Nur ein Teil der ReadProcessMemory- oder WriteProcessMemory-Anforderung wurde abgeschlossen. (0x12B)
[0130/150246.308:ERROR:process_memory_win.cc(73)] ReadMemory at 0xd54f4a7000 of 6024 bytes failed: Nur ein Teil der ReadProcessMemory- oder WriteProcessMemory-Anforderung wurde abgeschlossen. (0x12B)
[0130/150246.308:ERROR:process_memory_win.cc(73)] ReadMemory at 0xd54f4a9000 of 6024 bytes failed: Nur ein Teil der ReadProcessMemory- oder WriteProcessMemory-Anforderung wurde abgeschlossen. (0x12B)
[0130/150246.308:ERROR:process_memory_win.cc(73)] ReadMemory at 0xd54f4ab000 of 6024 bytes failed: Nur ein Teil der ReadProcessMemory- oder WriteProcessMemory-Anforderung wurde abgeschlossen. (0x12B)
[0130/150246.308:ERROR:process_memory_win.cc(73)] ReadMemory at 0xd54f4ad000 of 6024 bytes failed: Nur ein Teil der ReadProcessMemory- oder WriteProcessMemory-Anforderung wurde abgeschlossen. (0x12B)
[0130/150246.308:ERROR:process_memory_win.cc(73)] ReadMemory at 0xd54f4af000 of 6024 bytes failed: Nur ein Teil der ReadProcessMemory- oder WriteProcessMemory-Anforderung wurde abgeschlossen. (0x12B)
[0130/150246.308:ERROR:process_memory_win.cc(73)] ReadMemory at 0xd54f4b1000 of 6024 bytes failed: Nur ein Teil der ReadProcessMemory- oder WriteProcessMemory-Anforderung wurde abgeschlossen. (0x12B)
[0130/150246.308:ERROR:process_memory_win.cc(73)] ReadMemory at 0xd54f4b3000 of 6024 bytes failed: Nur ein Teil der ReadProcessMemory- oder WriteProcessMemory-Anforderung wurde abgeschlossen. (0x12B)
[0130/150246.308:ERROR:process_memory_win.cc(73)] ReadMemory at 0xd54f4b5000 of 6024 bytes failed: Nur ein Teil der ReadProcessMemory- oder WriteProcessMemory-Anforderung wurde abgeschlossen. (0x12B)
[0130/150246.308:ERROR:process_memory_win.cc(73)] ReadMemory at 0xd54f4e1000 of 6024 bytes failed: Nur ein Teil der ReadProcessMemory- oder WriteProcessMemory-Anforderung wurde abgeschlossen. (0x12B)
[0130/150246.308:ERROR:process_memory_win.cc(73)] ReadMemory at 0xd54f4ef000 of 6024 bytes failed: Nur ein Teil der ReadProcessMemory- oder WriteProcessMemory-Anforderung wurde abgeschlossen. (0x12B)
[0130/150246.324:ERROR:process_memory_win.cc(73)] ReadMemory at 0xd54f551000 of 6024 bytes failed: Nur ein Teil der ReadProcessMemory- oder WriteProcessMemory-Anforderung wurde abgeschlossen. (0x12B)
[0130/150246.324:ERROR:process_memory_win.cc(73)] ReadMemory at 0xd54f563000 of 6024 bytes failed: Nur ein Teil der ReadProcessMemory- oder WriteProcessMemory-Anforderung wurde abgeschlossen. (0x12B)
[0130/150246.324:ERROR:process_memory_win.cc(73)] ReadMemory at 0x2c9af4f0750 of 80 bytes failed: Nur ein Teil der ReadProcessMemory- oder WriteProcessMemory-Anforderung wurde abgeschlossen. (0x12B)
[0130/150246.324:ERROR:process_memory_win.cc(73)] ReadMemory at 0x2c9af4f0fe0 of 3556 bytes failed: Nur ein Teil der ReadProcessMemory- oder WriteProcessMemory-Anforderung wurde abgeschlossen. (0x12B)
[0130/150246.324:ERROR:process_memory_win.cc(73)] ReadMemory at 0x2c9af4f1dd0 of 1012 bytes failed: Nur ein Teil der ReadProcessMemory- oder WriteProcessMemory-Anforderung wurde abgeschlossen. (0x12B)
[0130/150246.324:ERROR:process_memory_win.cc(73)] ReadMemory at 0x2c9af4f2418 of 118 bytes failed: Nur ein Teil der ReadProcessMemory- oder WriteProcessMemory-Anforderung wurde abgeschlossen. (0x12B)
[0130/150246.355:ERROR:process_memory_win.cc(73)] ReadMemory at 0x2c9af4f2490 of 896 bytes failed: Nur ein Teil der ReadProcessMemory- oder WriteProcessMemory-Anforderung wurde abgeschlossen. (0x12B)
[0130/150246.355:ERROR:process_memory_win.cc(73)] ReadMemory at 0x2c9af4f2812 of 118 bytes failed: Nur ein Teil der ReadProcessMemory- oder WriteProcessMemory-Anforderung wurde abgeschlossen. (0x12B)
[0130/150246.355:ERROR:process_memory_win.cc(73)] ReadMemory at 0x2c9af4f288a of 96 bytes failed: Nur ein Teil der ReadProcessMemory- oder WriteProcessMemory-Anforderung wurde abgeschlossen. (0x12B)
[0130/150246.355:ERROR:process_memory_win.cc(73)] ReadMemory at 0x2c9af4f2900 of 58 bytes failed: Nur ein Teil der ReadProcessMemory- oder WriteProcessMemory-Anforderung wurde abgeschlossen. (0x12B)
[0130/150246.355:ERROR:process_memory_win.cc(73)] ReadMemory at 0x2c9af4f2a00 of 132 bytes failed: Nur ein Teil der ReadProcessMemory- oder WriteProcessMemory-Anforderung wurde abgeschlossen. (0x12B)
[0130/150246.355:ERROR:process_memory_win.cc(73)] ReadMemory at 0x2c9af4f2b90 of 132 bytes failed: Nur ein Teil der ReadProcessMemory- oder WriteProcessMemory-Anforderung wurde abgeschlossen. (0x12B)
[0130/150246.355:ERROR:process_memory_win.cc(73)] ReadMemory at 0x2c9af4f2d50 of 126 bytes failed: Nur ein Teil der ReadProcessMemory- oder WriteProcessMemory-Anforderung wurde abgeschlossen. (0x12B)
[0130/150246.465:ERROR:process_memory_win.cc(73)] ReadMemory at 0x2c9af4f3130 of 132 bytes failed: Nur ein Teil der ReadProcessMemory- oder WriteProcessMemory-Anforderung wurde abgeschlossen. (0x12B)
[0130/150246.465:ERROR:process_memory_win.cc(73)] ReadMemory at 0x2c9af4f32c0 of 64 bytes failed: Nur ein Teil der ReadProcessMemory- oder WriteProcessMemory-Anforderung wurde abgeschlossen. (0x12B)
[0130/150246.480:ERROR:process_memory_win.cc(73)] ReadMemory at 0x2c9af4f3480 of 132 bytes failed: Nur ein Teil der ReadProcessMemory- oder WriteProcessMemory-Anforderung wurde abgeschlossen. (0x12B)
[0130/150246.480:ERROR:process_memory_win.cc(73)] ReadMemory at 0x2c9af4f3720 of 132 bytes failed: Nur ein Teil der ReadProcessMemory- oder WriteProcessMemory-Anforderung wurde abgeschlossen. (0x12B)
[0130/150246.480:ERROR:process_memory_win.cc(73)] ReadMemory at 0x2c9af4f38b0 of 68 bytes failed: Nur ein Teil der ReadProcessMemory- oder WriteProcessMemory-Anforderung wurde abgeschlossen. (0x12B)
[0130/150246.480:ERROR:process_memory_win.cc(73)] ReadMemory at 0x2c9af4f49c0 of 132 bytes failed: Nur ein Teil der ReadProcessMemory- oder WriteProcessMemory-Anforderung wurde abgeschlossen. (0x12B)
[0130/150246.480:ERROR:process_memory_win.cc(73)] ReadMemory at 0x2c9af4f4b50 of 154 bytes failed: Nur ein Teil der ReadProcessMemory- oder WriteProcessMemory-Anforderung wurde abgeschlossen. (0x12B)
[0130/150246.480:ERROR:process_memory_win.cc(73)] ReadMemory at 0x2c9af4f5920 of 62 bytes failed: Nur ein Teil der ReadProcessMemory- oder WriteProcessMemory-Anforderung wurde abgeschlossen. (0x12B)
[0130/150246.589:ERROR:process_memory_win.cc(73)] ReadMemory at 0x2c9af4f5d80 of 158 bytes failed: Nur ein Teil der ReadProcessMemory- oder WriteProcessMemory-Anforderung wurde abgeschlossen. (0x12B)
[0130/150246.605:ERROR:process_memory_win.cc(73)] ReadMemory at 0x2c9af4f5e60 of 132 bytes failed: Nur ein Teil der ReadProcessMemory- oder WriteProcessMemory-Anforderung wurde abgeschlossen. (0x12B)
[0130/150246.605:ERROR:process_memory_win.cc(73)] ReadMemory at 0x2c9af4f5f90 of 60 bytes failed: Nur ein Teil der ReadProcessMemory- oder WriteProcessMemory-Anforderung wurde abgeschlossen. (0x12B)
[0130/150246.605:ERROR:process_memory_win.cc(73)] ReadMemory at 0x2c9af4f7300 of 132 bytes failed: Nur ein Teil der ReadProcessMemory- oder WriteProcessMemory-Anforderung wurde abgeschlossen. (0x12B)
[0130/150246.605:ERROR:process_memory_win.cc(73)] ReadMemory at 0x2c9af4fa2a0 of 64 bytes failed: Nur ein Teil der ReadProcessMemory- oder WriteProcessMemory-Anforderung wurde abgeschlossen. (0x12B)
[0130/150246.605:ERROR:process_memory_win.cc(73)] ReadMemory at 0x2c9af4fa2f0 of 64 bytes failed: Nur ein Teil der ReadProcessMemory- oder WriteProcessMemory-Anforderung wurde abgeschlossen. (0x12B)
[0130/150246.605:ERROR:process_memory_win.cc(73)] ReadMemory at 0x2c9af4fa340 of 66 bytes failed: Nur ein Teil der ReadProcessMemory- oder WriteProcessMemory-Anforderung wurde abgeschlossen. (0x12B)
[0130/150246.605:ERROR:process_memory_win.cc(73)] ReadMemory at 0x2c9af4fa390 of 60 bytes failed: Nur ein Teil der ReadProcessMemory- oder WriteProcessMemory-Anforderung wurde abgeschlossen. (0x12B)
[0130/150246.605:ERROR:process_memory_win.cc(73)] ReadMemory at 0x2c9af4fa430 of 64 bytes failed: Nur ein Teil der ReadProcessMemory- oder WriteProcessMemory-Anforderung wurde abgeschlossen. (0x12B)
[0130/150246.605:ERROR:process_memory_win.cc(73)] ReadMemory at 0x2c9af4fa480 of 62 bytes failed: Nur ein Teil der ReadProcessMemory- oder WriteProcessMemory-Anforderung wurde abgeschlossen. (0x12B)
[0130/150246.621:ERROR:process_memory_win.cc(73)] ReadMemory at 0x2c9af4fa5c0 of 64 bytes failed: Nur ein Teil der ReadProcessMemory- oder WriteProcessMemory-Anforderung wurde abgeschlossen. (0x12B)
[0130/150246.621:ERROR:process_memory_win.cc(73)] ReadMemory at 0x2c9af4fa610 of 62 bytes failed: Nur ein Teil der ReadProcessMemory- oder WriteProcessMemory-Anforderung wurde abgeschlossen. (0x12B)
[0130/150246.621:ERROR:process_memory_win.cc(73)] ReadMemory at 0x2c9af4fa8e0 of 60 bytes failed: Nur ein Teil der ReadProcessMemory- oder WriteProcessMemory-Anforderung wurde abgeschlossen. (0x12B)
[0130/150246.621:ERROR:process_memory_win.cc(73)] ReadMemory at 0x2c9af4fab00 of 132 bytes failed: Nur ein Teil der ReadProcessMemory- oder WriteProcessMemory-Anforderung wurde abgeschlossen. (0x12B)
[0130/150246.621:ERROR:process_memory_win.cc(73)] ReadMemory at 0x2c9af4fac30 of 132 bytes failed: Nur ein Teil der ReadProcessMemory- oder WriteProcessMemory-Anforderung wurde abgeschlossen. (0x12B)
[0130/150246.621:ERROR:process_memory_win.cc(73)] ReadMemory at 0x2c9af4fad60 of 132 bytes failed: Nur ein Teil der ReadProcessMemory- oder WriteProcessMemory-Anforderung wurde abgeschlossen. (0x12B)
[0130/150246.621:ERROR:process_memory_win.cc(73)] ReadMemory at 0x2c9af4fae90 of 132 bytes failed: Nur ein Teil der ReadProcessMemory- oder WriteProcessMemory-Anforderung wurde abgeschlossen. (0x12B)
[0130/150246.621:ERROR:process_memory_win.cc(73)] ReadMemory at 0x2c9af4fafc0 of 132 bytes failed: Nur ein Teil der ReadProcessMemory- oder WriteProcessMemory-Anforderung wurde abgeschlossen. (0x12B)
[0130/150246.652:ERROR:process_memory_win.cc(73)] ReadMemory at 0x2c9af4fb0f0 of 132 bytes failed: Nur ein Teil der ReadProcessMemory- oder WriteProcessMemory-Anforderung wurde abgeschlossen. (0x12B)
[0130/150246.652:ERROR:process_memory_win.cc(73)] ReadMemory at 0x2c9af4fb220 of 132 bytes failed: Nur ein Teil der ReadProcessMemory- oder WriteProcessMemory-Anforderung wurde abgeschlossen. (0x12B)
[0130/150246.652:ERROR:process_memory_win.cc(73)] ReadMemory at 0x2c9af4fb480 of 132 bytes failed: Nur ein Teil der ReadProcessMemory- oder WriteProcessMemory-Anforderung wurde abgeschlossen. (0x12B)
[0130/150246.652:ERROR:process_memory_win.cc(73)] ReadMemory at 0x2c9af4fb5b0 of 132 bytes failed: Nur ein Teil der ReadProcessMemory- oder WriteProcessMemory-Anforderung wurde abgeschlossen. (0x12B)
[0130/150246.652:ERROR:process_memory_win.cc(73)] ReadMemory at 0x2c9af4fb6e0 of 132 bytes failed: Nur ein Teil der ReadProcessMemory- oder WriteProcessMemory-Anforderung wurde abgeschlossen. (0x12B)
[0130/150246.652:ERROR:process_memory_win.cc(73)] ReadMemory at 0x2c9af4fb810 of 132 bytes failed: Nur ein Teil der ReadProcessMemory- oder WriteProcessMemory-Anforderung wurde abgeschlossen. (0x12B)
[0130/150246.652:ERROR:process_memory_win.cc(73)] ReadMemory at 0x2c9af4fb940 of 132 bytes failed: Nur ein Teil der ReadProcessMemory- oder WriteProcessMemory-Anforderung wurde abgeschlossen. (0x12B)
[0130/150246.652:ERROR:process_memory_win.cc(73)] ReadMemory at 0x2c9af4fd190 of 132 bytes failed: Nur ein Teil der ReadProcessMemory- oder WriteProcessMemory-Anforderung wurde abgeschlossen. (0x12B)
[0130/150246.652:ERROR:process_memory_win.cc(73)] ReadMemory at 0x2c9af4fd860 of 132 bytes failed: Nur ein Teil der ReadProcessMemory- oder WriteProcessMemory-Anforderung wurde abgeschlossen. (0x12B)
[0130/150246.668:ERROR:process_memory_win.cc(73)] ReadMemory at 0x2c9af4fd990 of 132 bytes failed: Nur ein Teil der ReadProcessMemory- oder WriteProcessMemory-Anforderung wurde abgeschlossen. (0x12B)
[0130/150246.668:ERROR:process_memory_win.cc(73)] ReadMemory at 0x2c9af4fed90 of 132 bytes failed: Nur ein Teil der ReadProcessMemory- oder WriteProcessMemory-Anforderung wurde abgeschlossen. (0x12B)
[0130/150246.668:ERROR:process_memory_win.cc(73)] ReadMemory at 0x2c9af5007e0 of 132 bytes failed: Nur ein Teil der ReadProcessMemory- oder WriteProcessMemory-Anforderung wurde abgeschlossen. (0x12B)
[0130/150246.668:ERROR:process_memory_win.cc(73)] ReadMemory at 0x2c9af502cf0 of 54 bytes failed: Nur ein Teil der ReadProcessMemory- oder WriteProcessMemory-Anforderung wurde abgeschlossen. (0x12B)
[0130/150246.668:ERROR:process_memory_win.cc(73)] ReadMemory at 0x2c9af503670 of 132 bytes failed: Nur ein Teil der ReadProcessMemory- oder WriteProcessMemory-Anforderung wurde abgeschlossen. (0x12B)
[0130/150246.668:ERROR:process_memory_win.cc(73)] ReadMemory at 0x2c9af5038e0 of 132 bytes failed: Nur ein Teil der ReadProcessMemory- oder WriteProcessMemory-Anforderung wurde abgeschlossen. (0x12B)
[0130/150246.668:ERROR:process_memory_win.cc(73)] ReadMemory at 0x2c9af503a10 of 132 bytes failed: Nur ein Teil der ReadProcessMemory- oder WriteProcessMemory-Anforderung wurde abgeschlossen. (0x12B)
[0130/150246.668:ERROR:process_memory_win.cc(73)] ReadMemory at 0x2c9af503cf0 of 132 bytes failed: Nur ein Teil der ReadProcessMemory- oder WriteProcessMemory-Anforderung wurde abgeschlossen. (0x12B)
[0130/150246.668:ERROR:process_memory_win.cc(73)] ReadMemory at 0x2c9af5042c0 of 76 bytes failed: Nur ein Teil der ReadProcessMemory- oder WriteProcessMemory-Anforderung wurde abgeschlossen. (0x12B)
[0130/150246.668:ERROR:process_memory_win.cc(73)] ReadMemory at 0x2c9af505080 of 58 bytes failed: Nur ein Teil der ReadProcessMemory- oder WriteProcessMemory-Anforderung wurde abgeschlossen. (0x12B)
[0130/150246.683:ERROR:process_memory_win.cc(73)] ReadMemory at 0x2c9af505120 of 62 bytes failed: Nur ein Teil der ReadProcessMemory- oder WriteProcessMemory-Anforderung wurde abgeschlossen. (0x12B)
[0130/150246.683:ERROR:process_memory_win.cc(73)] ReadMemory at 0x2c9af505260 of 60 bytes failed: Nur ein Teil der ReadProcessMemory- oder WriteProcessMemory-Anforderung wurde abgeschlossen. (0x12B)
[0130/150246.683:ERROR:process_memory_win.cc(73)] ReadMemory at 0x2c9af5053f0 of 62 bytes failed: Nur ein Teil der ReadProcessMemory- oder WriteProcessMemory-Anforderung wurde abgeschlossen. (0x12B)
[0130/150246.683:ERROR:process_memory_win.cc(73)] ReadMemory at 0x2c9af505620 of 66 bytes failed: Nur ein Teil der ReadProcessMemory- oder WriteProcessMemory-Anforderung wurde abgeschlossen. (0x12B)
[0130/150246.683:ERROR:process_memory_win.cc(73)] ReadMemory at 0x2c9af505710 of 64 bytes failed: Nur ein Teil der ReadProcessMemory- oder WriteProcessMemory-Anforderung wurde abgeschlossen. (0x12B)
[0130/150246.683:ERROR:process_memory_win.cc(73)] ReadMemory at 0x2c9af505800 of 64 bytes failed: Nur ein Teil der ReadProcessMemory- oder WriteProcessMemory-Anforderung wurde abgeschlossen. (0x12B)
[0130/150246.683:ERROR:process_memory_win.cc(73)] ReadMemory at 0x2c9af505850 of 64 bytes failed: Nur ein Teil der ReadProcessMemory- oder WriteProcessMemory-Anforderung wurde abgeschlossen. (0x12B)
[0130/150246.683:ERROR:process_memory_win.cc(73)] ReadMemory at 0x2c9af5058a0 of 60 bytes failed: Nur ein Teil der ReadProcessMemory- oder WriteProcessMemory-Anforderung wurde abgeschlossen. (0x12B)
[0130/150246.683:ERROR:process_memory_win.cc(73)] ReadMemory at 0x2c9af505940 of 60 bytes failed: Nur ein Teil der ReadProcessMemory- oder WriteProcessMemory-Anforderung wurde abgeschlossen. (0x12B)
[0130/150246.683:ERROR:process_memory_win.cc(73)] ReadMemory at 0x2c9af505990 of 64 bytes failed: Nur ein Teil der ReadProcessMemory- oder WriteProcessMemory-Anforderung wurde abgeschlossen. (0x12B)
[0130/150246.683:ERROR:process_memory_win.cc(73)] ReadMemory at 0x2c9af5059e0 of 62 bytes failed: Nur ein Teil der ReadProcessMemory- oder WriteProcessMemory-Anforderung wurde abgeschlossen. (0x12B)
[0130/150246.683:ERROR:process_memory_win.cc(73)] ReadMemory at 0x2c9af505a30 of 62 bytes failed: Nur ein Teil der ReadProcessMemory- oder WriteProcessMemory-Anforderung wurde abgeschlossen. (0x12B)
[0130/150246.699:ERROR:process_memory_win.cc(73)] ReadMemory at 0x2c9af505cb0 of 60 bytes failed: Nur ein Teil der ReadProcessMemory- oder WriteProcessMemory-Anforderung wurde abgeschlossen. (0x12B)
[0130/150246.699:ERROR:process_memory_win.cc(73)] ReadMemory at 0x2c9af505d50 of 62 bytes failed: Nur ein Teil der ReadProcessMemory- oder WriteProcessMemory-Anforderung wurde abgeschlossen. (0x12B)
[0130/150246.699:ERROR:process_memory_win.cc(73)] ReadMemory at 0x2c9af505e40 of 62 bytes failed: Nur ein Teil der ReadProcessMemory- oder WriteProcessMemory-Anforderung wurde abgeschlossen. (0x12B)
[0130/150246.699:ERROR:process_memory_win.cc(73)] ReadMemory at 0x2c9af505ee0 of 62 bytes failed: Nur ein Teil der ReadProcessMemory- oder WriteProcessMemory-Anforderung wurde abgeschlossen. (0x12B)
[0130/150246.699:ERROR:process_memory_win.cc(73)] ReadMemory at 0x2c9af505f30 of 62 bytes failed: Nur ein Teil der ReadProcessMemory- oder WriteProcessMemory-Anforderung wurde abgeschlossen. (0x12B)
[0130/150246.824:ERROR:process_memory_win.cc(73)] ReadMemory at 0x2c9af506040 of 132 bytes failed: Nur ein Teil der ReadProcessMemory- oder WriteProcessMemory-Anforderung wurde abgeschlossen. (0x12B)
[0130/150246.824:ERROR:process_memory_win.cc(73)] ReadMemory at 0x2c9af506500 of 132 bytes failed: Nur ein Teil der ReadProcessMemory- oder WriteProcessMemory-Anforderung wurde abgeschlossen. (0x12B)
[0130/150246.824:ERROR:process_memory_win.cc(73)] ReadMemory at 0x2c9af506630 of 132 bytes failed: Nur ein Teil der ReadProcessMemory- oder WriteProcessMemory-Anforderung wurde abgeschlossen. (0x12B)
[0130/150246.824:ERROR:process_memory_win.cc(73)] ReadMemory at 0x2c9af506760 of 132 bytes failed: Nur ein Teil der ReadProcessMemory- oder WriteProcessMemory-Anforderung wurde abgeschlossen. (0x12B)
[0130/150246.824:ERROR:process_memory_win.cc(73)] ReadMemory at 0x2c9af506890 of 132 bytes failed: Nur ein Teil der ReadProcessMemory- oder WriteProcessMemory-Anforderung wurde abgeschlossen. (0x12B)
[0130/150246.824:ERROR:process_memory_win.cc(73)] ReadMemory at 0x2c9af506c20 of 132 bytes failed: Nur ein Teil der ReadProcessMemory- oder WriteProcessMemory-Anforderung wurde abgeschlossen. (0x12B)
[0130/150246.824:ERROR:process_memory_win.cc(73)] ReadMemory at 0x2c9af507210 of 132 bytes failed: Nur ein Teil der ReadProcessMemory- oder WriteProcessMemory-Anforderung wurde abgeschlossen. (0x12B)
[0130/150246.824:ERROR:process_memory_win.cc(73)] ReadMemory at 0x2c9af5076d0 of 132 bytes failed: Nur ein Teil der ReadProcessMemory- oder WriteProcessMemory-Anforderung wurde abgeschlossen. (0x12B)
[0130/150246.824:ERROR:process_memory_win.cc(73)] ReadMemory at 0x2c9af507a60 of 132 bytes failed: Nur ein Teil der ReadProcessMemory- oder WriteProcessMemory-Anforderung wurde abgeschlossen. (0x12B)
[0130/150246.824:ERROR:process_memory_win.cc(73)] ReadMemory at 0x2c9af518db0 of 512 bytes failed: Nur ein Teil der ReadProcessMemory- oder WriteProcessMemory-Anforderung wurde abgeschlossen. (0x12B)
[0130/150246.824:ERROR:process_memory_win.cc(73)] ReadMemory at 0x2c9af519730 of 512 bytes failed: Nur ein Teil der ReadProcessMemory- oder WriteProcessMemory-Anforderung wurde abgeschlossen. (0x12B)
[0130/150246.824:ERROR:process_memory_win.cc(73)] ReadMemory at 0x2c9af680000 of 384 bytes failed: Nur ein Teil der ReadProcessMemory- oder WriteProcessMemory-Anforderung wurde abgeschlossen. (0x12B)
[0130/150246.824:ERROR:process_memory_win.cc(73)] ReadMemory at 0x2c9af6ae4a0 of 512 bytes failed: Nur ein Teil der ReadProcessMemory- oder WriteProcessMemory-Anforderung wurde abgeschlossen. (0x12B)
[0130/150246.840:ERROR:process_memory_win.cc(73)] ReadMemory at 0x2c9af6bfef8 of 512 bytes failed: Nur ein Teil der ReadProcessMemory- oder WriteProcessMemory-Anforderung wurde abgeschlossen. (0x12B)
[0130/150246.840:ERROR:process_memory_win.cc(73)] ReadMemory at 0x2c9af6ca4d0 of 512 bytes failed: Nur ein Teil der ReadProcessMemory- oder WriteProcessMemory-Anforderung wurde abgeschlossen. (0x12B)
[0130/150246.840:ERROR:process_memory_win.cc(73)] ReadMemory at 0x2c9af6d93a8 of 512 bytes failed: Nur ein Teil der ReadProcessMemory- oder WriteProcessMemory-Anforderung wurde abgeschlossen. (0x12B)
[0130/150246.840:ERROR:process_memory_win.cc(73)] ReadMemory at 0x2c9af6f7750 of 712 bytes failed: Nur ein Teil der ReadProcessMemory- oder WriteProcessMemory-Anforderung wurde abgeschlossen. (0x12B)
[0130/150246.840:ERROR:process_memory_win.cc(73)] ReadMemory at 0x2c9af6faaf8 of 656 bytes failed: Nur ein Teil der ReadProcessMemory- oder WriteProcessMemory-Anforderung wurde abgeschlossen. (0x12B)
[0130/150246.840:ERROR:process_memory_win.cc(73)] ReadMemory at 0x2c9af70ea60 of 512 bytes failed: Nur ein Teil der ReadProcessMemory- oder WriteProcessMemory-Anforderung wurde abgeschlossen. (0x12B)
[0130/150246.886:ERROR:process_memory_win.cc(73)] ReadMemory at 0x2c9b1572a48 of 520 bytes failed: Nur ein Teil der ReadProcessMemory- oder WriteProcessMemory-Anforderung wurde abgeschlossen. (0x12B)
[0130/150246.886:ERROR:process_memory_win.cc(73)] ReadMemory at 0x2c9b15a2c20 of 512 bytes failed: Nur ein Teil der ReadProcessMemory- oder WriteProcessMemory-Anforderung wurde abgeschlossen. (0x12B)
[0130/150246.886:ERROR:process_memory_win.cc(73)] ReadMemory at 0x2c9b1cb71f0 of 512 bytes failed: Nur ein Teil der ReadProcessMemory- oder WriteProcessMemory-Anforderung wurde abgeschlossen. (0x12B)
[0130/150246.886:ERROR:process_memory_win.cc(73)] ReadMemory at 0x2c9b1e8cf38 of 512 bytes failed: Nur ein Teil der ReadProcessMemory- oder WriteProcessMemory-Anforderung wurde abgeschlossen. (0x12B)
[0130/150246.933:ERROR:process_memory_win.cc(73)] ReadMemory at 0x2c9b26cf0d0 of 512 bytes failed: Nur ein Teil der ReadProcessMemory- oder WriteProcessMemory-Anforderung wurde abgeschlossen. (0x12B)
[0130/150246.933:ERROR:process_memory_win.cc(73)] ReadMemory at 0x2c9b2f3c060 of 512 bytes failed: Nur ein Teil der ReadProcessMemory- oder WriteProcessMemory-Anforderung wurde abgeschlossen. (0x12B)
[0130/150246.933:ERROR:process_memory_win.cc(73)] ReadMemory at 0x2c9b3212e2f of 512 bytes failed: Nur ein Teil der ReadProcessMemory- oder WriteProcessMemory-Anforderung wurde abgeschlossen. (0x12B)
[0130/150246.933:ERROR:process_memory_win.cc(73)] ReadMemory at 0x2c9b5f2e560 of 512 bytes failed: Nur ein Teil der ReadProcessMemory- oder WriteProcessMemory-Anforderung wurde abgeschlossen. (0x12B)
[0130/150246.933:ERROR:process_memory_win.cc(73)] ReadMemory at 0x10efad4bc799 of 512 bytes failed: Nur ein Teil der ReadProcessMemory- oder WriteProcessMemory-Anforderung wurde abgeschlossen. (0x12B)
[0130/150246.965:ERROR:scoped_process_suspend.cc(40)] NtResumeProcess: Es wurde versucht, auf einen Prozess zuzugreifen, der gerade beendet wurde. (0xc000010a)
[0203/174412.997:ERROR:process_memory_win.cc(73)] ReadMemory at 0x23c28d00ad0 of 6656 bytes failed: Nur ein Teil der ReadProcessMemory- oder WriteProcessMemory-Anforderung wurde abgeschlossen. (0x12B)
[0203/174413.349:ERROR:process_snapshot_win.cc(322)] failed to read unloaded module data
[0203/174414.317:ERROR:process_memory_win.cc(73)] ReadMemory at 0x23c28f30000 of 64 bytes failed: Nur ein Teil der ReadProcessMemory- oder WriteProcessMemory-Anforderung wurde abgeschlossen. (0x12B)
[0203/174414.317:WARNING:pe_image_reader.cc(340)] could not read dos header from C:\Windows\System32\msvcrt.dll
[0203/174415.333:ERROR:process_memory_win.cc(73)] ReadMemory at 0x23c29063910 of 72 bytes failed: Nur ein Teil der ReadProcessMemory- oder WriteProcessMemory-Anforderung wurde abgeschlossen. (0x12B)
[0203/174415.333:WARNING:pe_image_annotations_reader.cc(134)] could not read annotations list object in C:\Program Files (x86)\Google\Chrome\Application\79.0.3945.130\chrome_elf.dll
[0203/174415.333:ERROR:process_memory_win.cc(73)] ReadMemory at 0x23c28f30000 of 64 bytes failed: Nur ein Teil der ReadProcessMemory- oder WriteProcessMemory-Anforderung wurde abgeschlossen. (0x12B)
[0203/174415.333:WARNING:pe_image_reader.cc(340)] could not read dos header from C:\Windows\System32\msvcrt.dll
[0203/174415.333:ERROR:process_memory_win.cc(73)] ReadMemory at 0x23c28f30000 of 64 bytes failed: Nur ein Teil der ReadProcessMemory- oder WriteProcessMemory-Anforderung wurde abgeschlossen. (0x12B)
[0203/174415.333:WARNING:pe_image_reader.cc(340)] could not read dos header from C:\Windows\System32\msvcrt.dll
[0203/174415.333:ERROR:process_memory_win.cc(73)] ReadMemory at 0x23c29165610 of 72 bytes failed: Nur ein Teil der ReadProcessMemory- oder WriteProcessMemory-Anforderung wurde abgeschlossen. (0x12B)
[0203/174415.333:WARNING:pe_image_annotations_reader.cc(134)] could not read annotations list object in C:\Program Files (x86)\Google\Chrome\Application\79.0.3945.130\chrome_child.dll
[0203/174427.397:ERROR:process_memory_win.cc(73)] ReadMemory at 0x7ff65df60000 of 64 bytes failed: Nur ein Teil der ReadProcessMemory- oder WriteProcessMemory-Anforderung wurde abgeschlossen. (0x12B)
[0203/174427.397:WARNING:pe_image_reader.cc(340)] could not read dos header from C:\Program Files (x86)\Google\Chrome\Application\chrome.exe
[0203/174427.397:ERROR:process_memory_win.cc(73)] ReadMemory at 0x7ffeebd80000 of 64 bytes failed: Nur ein Teil der ReadProcessMemory- oder WriteProcessMemory-Anforderung wurde abgeschlossen. (0x12B)
[0203/174427.397:WARNING:pe_image_reader.cc(340)] could not read dos header from C:\Windows\SYSTEM32\ntdll.dll
[0203/174427.397:ERROR:process_memory_win.cc(73)] ReadMemory at 0x7ffee9fe0000 of 64 bytes failed: Nur ein Teil der ReadProcessMemory- oder WriteProcessMemory-Anforderung wurde abgeschlossen. (0x12B)
[0203/174427.397:WARNING:pe_image_reader.cc(340)] could not read dos header from C:\Windows\System32\KERNEL32.DLL
[0203/174427.397:ERROR:process_memory_win.cc(73)] ReadMemory at 0x7ffee9250000 of 64 bytes failed: Nur ein Teil der ReadProcessMemory- oder WriteProcessMemory-Anforderung wurde abgeschlossen. (0x12B)
[0203/174427.397:WARNING:pe_image_reader.cc(340)] could not read dos header from C:\Windows\System32\KERNELBASE.dll
[0203/174427.397:ERROR:process_memory_win.cc(73)] ReadMemory at 0x7ffeb9a80000 of 64 bytes failed: Nur ein Teil der ReadProcessMemory- oder WriteProcessMemory-Anforderung wurde abgeschlossen. (0x12B)
[0203/174427.397:WARNING:pe_image_reader.cc(340)] could not read dos header from C:\Program Files (x86)\Google\Chrome\Application\79.0.3945.130\chrome_elf.dll
[0203/174427.397:ERROR:process_memory_win.cc(73)] ReadMemory at 0x7ffed9680000 of 64 bytes failed: Nur ein Teil der ReadProcessMemory- oder WriteProcessMemory-Anforderung wurde abgeschlossen. (0x12B)
[0203/174427.397:WARNING:pe_image_reader.cc(340)] could not read dos header from C:\Windows\SYSTEM32\VERSION.dll
[0203/174427.397:ERROR:process_memory_win.cc(73)] ReadMemory at 0x23c28f30000 of 64 bytes failed: Nur ein Teil der ReadProcessMemory- oder WriteProcessMemory-Anforderung wurde abgeschlossen. (0x12B)
[0203/174427.397:WARNING:pe_image_reader.cc(340)] could not read dos header from C:\Windows\System32\msvcrt.dll
[0203/174427.397:ERROR:process_memory_win.cc(73)] ReadMemory at 0x7ffee8f90000 of 64 bytes failed: Nur ein Teil der ReadProcessMemory- oder WriteProcessMemory-Anforderung wurde abgeschlossen. (0x12B)
[0203/174427.397:WARNING:pe_image_reader.cc(340)] could not read dos header from C:\Windows\System32\bcryptPrimitives.dll
[0203/174427.397:ERROR:process_memory_win.cc(73)] ReadMemory at 0x7ffeeaab0000 of 64 bytes failed: Nur ein Teil der ReadProcessMemory- oder WriteProcessMemory-Anforderung wurde abgeschlossen. (0x12B)
[0203/174427.397:WARNING:pe_image_reader.cc(340)] could not read dos header from C:\Windows\System32\ADVAPI32.dll
[0203/174427.397:ERROR:process_memory_win.cc(73)] ReadMemory at 0x7ffeea140000 of 64 bytes failed: Nur ein Teil der ReadProcessMemory- oder WriteProcessMemory-Anforderung wurde abgeschlossen. (0x12B)
[0203/174427.397:WARNING:pe_image_reader.cc(340)] could not read dos header from C:\Windows\System32\sechost.dll
[0203/174427.397:ERROR:process_memory_win.cc(73)] ReadMemory at 0x7ffeeb260000 of 64 bytes failed: Nur ein Teil der ReadProcessMemory- oder WriteProcessMemory-Anforderung wurde abgeschlossen. (0x12B)
[0203/174427.397:WARNING:pe_image_reader.cc(340)] could not read dos header from C:\Windows\System32\RPCRT4.dll
[0203/174427.397:ERROR:process_memory_win.cc(73)] ReadMemory at 0x7ffeb0450000 of 64 bytes failed: Nur ein Teil der ReadProcessMemory- oder WriteProcessMemory-Anforderung wurde abgeschlossen. (0x12B)
[0203/174427.397:WARNING:pe_image_reader.cc(340)] could not read dos header from C:\Program Files (x86)\Google\Chrome\Application\79.0.3945.130\chrome_child.dll
[0203/174427.397:ERROR:process_memory_win.cc(73)] ReadMemory at 0x7ffeeba70000 of 64 bytes failed: Nur ein Teil der ReadProcessMemory- oder WriteProcessMemory-Anforderung wurde abgeschlossen. (0x12B)
[0203/174427.397:WARNING:pe_image_reader.cc(340)] could not read dos header from C:\Windows\System32\OLEAUT32.dll
[0203/174427.397:ERROR:process_memory_win.cc(73)] ReadMemory at 0x7ffee91b0000 of 64 bytes failed: Nur ein Teil der ReadProcessMemory- oder WriteProcessMemory-Anforderung wurde abgeschlossen. (0x12B)
[0203/174427.397:WARNING:pe_image_reader.cc(340)] could not read dos header from C:\Windows\System32\msvcp_win.dll
[0203/174427.397:ERROR:process_memory_win.cc(73)] ReadMemory at 0x7ffee8e90000 of 64 bytes failed: Nur ein Teil der ReadProcessMemory- oder WriteProcessMemory-Anforderung wurde abgeschlossen. (0x12B)
[0203/174427.397:WARNING:pe_image_reader.cc(340)] could not read dos header from C:\Windows\System32\ucrtbase.dll
[0203/174427.397:ERROR:process_memory_win.cc(73)] ReadMemory at 0x7ffeea1e0000 of 64 bytes failed: Nur ein Teil der ReadProcessMemory- oder WriteProcessMemory-Anforderung wurde abgeschlossen. (0x12B)
[0203/174427.397:WARNING:pe_image_reader.cc(340)] could not read dos header from C:\Windows\System32\combase.dll
[0203/174427.397:ERROR:process_memory_win.cc(73)] ReadMemory at 0x7ffeea520000 of 64 bytes failed: Nur ein Teil der ReadProcessMemory- oder WriteProcessMemory-Anforderung wurde abgeschlossen. (0x12B)
[0203/174427.397:WARNING:pe_image_reader.cc(340)] could not read dos header from C:\Windows\System32\WS2_32.dll
[0203/174427.397:ERROR:process_memory_win.cc(73)] ReadMemory at 0x7ffee9650000 of 64 bytes failed: Nur ein Teil der ReadProcessMemory- oder WriteProcessMemory-Anforderung wurde abgeschlossen. (0x12B)
[0203/174427.397:WARNING:pe_image_reader.cc(340)] could not read dos header from C:\Windows\System32\WINTRUST.dll
[0203/174427.397:ERROR:process_memory_win.cc(73)] ReadMemory at 0x7ffee8cf0000 of 64 bytes failed: Nur ein Teil der ReadProcessMemory- oder WriteProcessMemory-Anforderung wurde abgeschlossen. (0x12B)
[0203/174427.397:WARNING:pe_image_reader.cc(340)] could not read dos header from C:\Windows\System32\MSASN1.dll
[0203/174427.397:ERROR:process_memory_win.cc(73)] ReadMemory at 0x7ffee8d10000 of 64 bytes failed: Nur ein Teil der ReadProcessMemory- oder WriteProcessMemory-Anforderung wurde abgeschlossen. (0x12B)
[0203/174427.397:WARNING:pe_image_reader.cc(340)] could not read dos header from C:\Windows\System32\CRYPT32.dll
[0203/174427.397:ERROR:process_memory_win.cc(73)] ReadMemory at 0x7ffee8170000 of 64 bytes failed: Nur ein Teil der ReadProcessMemory- oder WriteProcessMemory-Anforderung wurde abgeschlossen. (0x12B)
[0203/174427.397:WARNING:pe_image_reader.cc(340)] could not read dos header from C:\Windows\SYSTEM32\IPHLPAPI.DLL
[0203/174427.397:ERROR:process_memory_win.cc(73)] ReadMemory at 0x7ffee6770000 of 64 bytes failed: Nur ein Teil der ReadProcessMemory- oder WriteProcessMemory-Anforderung wurde abgeschlossen. (0x12B)
[0203/174427.397:WARNING:pe_image_reader.cc(340)] could not read dos header from C:\Windows\SYSTEM32\WINMM.dll
[0203/174427.397:ERROR:process_memory_win.cc(73)] ReadMemory at 0x7ffee8b70000 of 64 bytes failed: Nur ein Teil der ReadProcessMemory- oder WriteProcessMemory-Anforderung wurde abgeschlossen. (0x12B)
[0203/174427.397:WARNING:pe_image_reader.cc(340)] could not read dos header from C:\Windows\SYSTEM32\USERENV.dll
[0203/174427.397:ERROR:process_memory_win.cc(73)] ReadMemory at 0x7ffee8c80000 of 64 bytes failed: Nur ein Teil der ReadProcessMemory- oder WriteProcessMemory-Anforderung wurde abgeschlossen. (0x12B)
[0203/174427.397:WARNING:pe_image_reader.cc(340)] could not read dos header from C:\Windows\System32\profapi.dll
[0203/174427.397:ERROR:process_memory_win.cc(73)] ReadMemory at 0x7ffeda620000 of 64 bytes failed: Nur ein Teil der ReadProcessMemory- oder WriteProcessMemory-Anforderung wurde abgeschlossen. (0x12B)
[0203/174427.397:WARNING:pe_image_reader.cc(340)] could not read dos header from C:\Windows\SYSTEM32\DWrite.dll
[0203/174427.397:ERROR:process_memory_win.cc(73)] ReadMemory at 0x7ffecc610000 of 64 bytes failed: Nur ein Teil der ReadProcessMemory- oder WriteProcessMemory-Anforderung wurde abgeschlossen. (0x12B)
[0203/174427.397:WARNING:pe_image_reader.cc(340)] could not read dos header from C:\Windows\SYSTEM32\WINSPOOL.DRV
[0203/174427.397:ERROR:process_memory_win.cc(73)] ReadMemory at 0x7ffee8c60000 of 64 bytes failed: Nur ein Teil der ReadProcessMemory- oder WriteProcessMemory-Anforderung wurde abgeschlossen. (0x12B)
[0203/174427.397:WARNING:pe_image_reader.cc(340)] could not read dos header from C:\Windows\System32\kernel.appcore.dll
[0203/174427.397:ERROR:process_memory_win.cc(73)] ReadMemory at 0x7ffee8e60000 of 64 bytes failed: Nur ein Teil der ReadProcessMemory- oder WriteProcessMemory-Anforderung wurde abgeschlossen. (0x12B)
[0203/174427.397:WARNING:pe_image_reader.cc(340)] could not read dos header from C:\Windows\System32\bcrypt.dll
[0203/174427.397:ERROR:process_memory_win.cc(73)] ReadMemory at 0x7ffed61e0000 of 64 bytes failed: Nur ein Teil der ReadProcessMemory- oder WriteProcessMemory-Anforderung wurde abgeschlossen. (0x12B)
[0203/174427.397:WARNING:pe_image_reader.cc(340)] could not read dos header from C:\Windows\SYSTEM32\dbghelp.dll
[0203/174427.397:ERROR:process_memory_win.cc(73)] ReadMemory at 0x7ffecf050000 of 64 bytes failed: Nur ein Teil der ReadProcessMemory- oder WriteProcessMemory-Anforderung wurde abgeschlossen. (0x12B)
[0203/174427.397:WARNING:pe_image_reader.cc(340)] could not read dos header from C:\Windows\SYSTEM32\Secur32.dll
[0203/174427.397:ERROR:process_memory_win.cc(73)] ReadMemory at 0x7ffeddba0000 of 64 bytes failed: Nur ein Teil der ReadProcessMemory- oder WriteProcessMemory-Anforderung wurde abgeschlossen. (0x12B)
[0203/174427.397:WARNING:pe_image_reader.cc(340)] could not read dos header from C:\Windows\SYSTEM32\WINHTTP.dll
[0203/174427.397:ERROR:process_memory_win.cc(73)] ReadMemory at 0x7ffedf270000 of 64 bytes failed: Nur ein Teil der ReadProcessMemory- oder WriteProcessMemory-Anforderung wurde abgeschlossen. (0x12B)
[0203/174427.397:WARNING:pe_image_reader.cc(340)] could not read dos header from C:\Windows\SYSTEM32\dhcpcsvc.DLL
[0203/174427.397:ERROR:process_memory_win.cc(73)] ReadMemory at 0x7ffeebb70000 of 64 bytes failed: Nur ein Teil der ReadProcessMemory- oder WriteProcessMemory-Anforderung wurde abgeschlossen. (0x12B)
[0203/174427.397:WARNING:pe_image_reader.cc(340)] could not read dos header from C:\Windows\System32\NSI.dll
[0203/174427.397:ERROR:process_memory_win.cc(73)] ReadMemory at 0x7ffee6740000 of 64 bytes failed: Nur ein Teil der ReadProcessMemory- oder WriteProcessMemory-Anforderung wurde abgeschlossen. (0x12B)
[0203/174427.397:WARNING:pe_image_reader.cc(340)] could not read dos header from C:\Windows\SYSTEM32\WINMMBASE.dll
[0203/174427.397:ERROR:process_memory_win.cc(73)] ReadMemory at 0x7ffee9600000 of 64 bytes failed: Nur ein Teil der ReadProcessMemory- oder WriteProcessMemory-Anforderung wurde abgeschlossen. (0x12B)
[0203/174427.397:WARNING:pe_image_reader.cc(340)] could not read dos header from C:\Windows\System32\cfgmgr32.dll
[0203/174427.412:ERROR:process_memory_win.cc(73)] ReadMemory at 0x7ffee5610000 of 64 bytes failed: Nur ein Teil der ReadProcessMemory- oder WriteProcessMemory-Anforderung wurde abgeschlossen. (0x12B)
[0203/174427.412:WARNING:pe_image_reader.cc(340)] could not read dos header from C:\Windows\SYSTEM32\PROPSYS.dll
[0203/174427.412:ERROR:process_memory_win.cc(73)] ReadMemory at 0x7ffeeaff0000 of 64 bytes failed: Nur ein Teil der ReadProcessMemory- oder WriteProcessMemory-Anforderung wurde abgeschlossen. (0x12B)
[0203/174427.412:WARNING:pe_image_reader.cc(340)] could not read dos header from C:\Windows\System32\shcore.dll
[0203/174427.412:ERROR:process_memory_win.cc(73)] ReadMemory at 0x7ffee8b40000 of 64 bytes failed: Nur ein Teil der ReadProcessMemory- oder WriteProcessMemory-Anforderung wurde abgeschlossen. (0x12B)
[0203/174427.412:WARNING:pe_image_reader.cc(340)] could not read dos header from C:\Windows\SYSTEM32\SSPICLI.DLL
[0203/174427.412:ERROR:process_memory_win.cc(73)] ReadMemory at 0x7ffee8630000 of 64 bytes failed: Nur ein Teil der ReadProcessMemory- oder WriteProcessMemory-Anforderung wurde abgeschlossen. (0x12B)
[0203/174427.412:WARNING:pe_image_reader.cc(340)] could not read dos header from C:\Windows\SYSTEM32\CRYPTBASE.DLL
[0203/174427.412:ERROR:process_memory_win.cc(73)] ReadMemory at 0x7ff65df60000 of 64 bytes failed: Nur ein Teil der ReadProcessMemory- oder WriteProcessMemory-Anforderung wurde abgeschlossen. (0x12B)
[0203/174427.412:WARNING:pe_image_reader.cc(340)] could not read dos header from C:\Program Files (x86)\Google\Chrome\Application\chrome.exe
[0203/174427.412:ERROR:process_memory_win.cc(73)] ReadMemory at 0x7ffeebd80000 of 64 bytes failed: Nur ein Teil der ReadProcessMemory- oder WriteProcessMemory-Anforderung wurde abgeschlossen. (0x12B)
[0203/174427.412:WARNING:pe_image_reader.cc(340)] could not read dos header from C:\Windows\SYSTEM32\ntdll.dll
[0203/174427.412:ERROR:process_memory_win.cc(73)] ReadMemory at 0x7ffee9fe0000 of 64 bytes failed: Nur ein Teil der ReadProcessMemory- oder WriteProcessMemory-Anforderung wurde abgeschlossen. (0x12B)
[0203/174427.412:WARNING:pe_image_reader.cc(340)] could not read dos header from C:\Windows\System32\KERNEL32.DLL
[0203/174427.412:ERROR:process_memory_win.cc(73)] ReadMemory at 0x7ffee9250000 of 64 bytes failed: Nur ein Teil der ReadProcessMemory- oder WriteProcessMemory-Anforderung wurde abgeschlossen. (0x12B)
[0203/174427.412:WARNING:pe_image_reader.cc(340)] could not read dos header from C:\Windows\System32\KERNELBASE.dll
[0203/174427.412:ERROR:process_memory_win.cc(73)] ReadMemory at 0x7ffeb9a80000 of 64 bytes failed: Nur ein Teil der ReadProcessMemory- oder WriteProcessMemory-Anforderung wurde abgeschlossen. (0x12B)
[0203/174427.412:WARNING:pe_image_reader.cc(340)] could not read dos header from C:\Program Files (x86)\Google\Chrome\Application\79.0.3945.130\chrome_elf.dll
[0203/174427.412:ERROR:process_memory_win.cc(73)] ReadMemory at 0x7ffed9680000 of 64 bytes failed: Nur ein Teil der ReadProcessMemory- oder WriteProcessMemory-Anforderung wurde abgeschlossen. (0x12B)
[0203/174427.412:WARNING:pe_image_reader.cc(340)] could not read dos header from C:\Windows\SYSTEM32\VERSION.dll
[0203/174427.412:ERROR:process_memory_win.cc(73)] ReadMemory at 0x23c28f30000 of 64 bytes failed: Nur ein Teil der ReadProcessMemory- oder WriteProcessMemory-Anforderung wurde abgeschlossen. (0x12B)
[0203/174427.412:WARNING:pe_image_reader.cc(340)] could not read dos header from C:\Windows\System32\msvcrt.dll
[0203/174427.412:ERROR:process_memory_win.cc(73)] ReadMemory at 0x7ffee8f90000 of 64 bytes failed: Nur ein Teil der ReadProcessMemory- oder WriteProcessMemory-Anforderung wurde abgeschlossen. (0x12B)
[0203/174427.412:WARNING:pe_image_reader.cc(340)] could not read dos header from C:\Windows\System32\bcryptPrimitives.dll
[0203/174427.412:ERROR:process_memory_win.cc(73)] ReadMemory at 0x7ffeeaab0000 of 64 bytes failed: Nur ein Teil der ReadProcessMemory- oder WriteProcessMemory-Anforderung wurde abgeschlossen. (0x12B)
[0203/174427.412:WARNING:pe_image_reader.cc(340)] could not read dos header from C:\Windows\System32\ADVAPI32.dll
[0203/174427.412:ERROR:process_memory_win.cc(73)] ReadMemory at 0x7ffeea140000 of 64 bytes failed: Nur ein Teil der ReadProcessMemory- oder WriteProcessMemory-Anforderung wurde abgeschlossen. (0x12B)
[0203/174427.412:WARNING:pe_image_reader.cc(340)] could not read dos header from C:\Windows\System32\sechost.dll
[0203/174427.412:ERROR:process_memory_win.cc(73)] ReadMemory at 0x7ffeeb260000 of 64 bytes failed: Nur ein Teil der ReadProcessMemory- oder WriteProcessMemory-Anforderung wurde abgeschlossen. (0x12B)
[0203/174427.412:WARNING:pe_image_reader.cc(340)] could not read dos header from C:\Windows\System32\RPCRT4.dll
[0203/174427.412:ERROR:process_memory_win.cc(73)] ReadMemory at 0x7ffeb0450000 of 64 bytes failed: Nur ein Teil der ReadProcessMemory- oder WriteProcessMemory-Anforderung wurde abgeschlossen. (0x12B)
[0203/174427.412:WARNING:pe_image_reader.cc(340)] could not read dos header from C:\Program Files (x86)\Google\Chrome\Application\79.0.3945.130\chrome_child.dll
[0203/174427.412:ERROR:process_memory_win.cc(73)] ReadMemory at 0x7ffeeba70000 of 64 bytes failed: Nur ein Teil der ReadProcessMemory- oder WriteProcessMemory-Anforderung wurde abgeschlossen. (0x12B)
[0203/174427.412:WARNING:pe_image_reader.cc(340)] could not read dos header from C:\Windows\System32\OLEAUT32.dll
[0203/174427.412:ERROR:process_memory_win.cc(73)] ReadMemory at 0x7ffee91b0000 of 64 bytes failed: Nur ein Teil der ReadProcessMemory- oder WriteProcessMemory-Anforderung wurde abgeschlossen. (0x12B)
[0203/174427.412:WARNING:pe_image_reader.cc(340)] could not read dos header from C:\Windows\System32\msvcp_win.dll
[0203/174427.412:ERROR:process_memory_win.cc(73)] ReadMemory at 0x7ffee8e90000 of 64 bytes failed: Nur ein Teil der ReadProcessMemory- oder WriteProcessMemory-Anforderung wurde abgeschlossen. (0x12B)
[0203/174427.412:WARNING:pe_image_reader.cc(340)] could not read dos header from C:\Windows\System32\ucrtbase.dll
[0203/174427.412:ERROR:process_memory_win.cc(73)] ReadMemory at 0x7ffeea1e0000 of 64 bytes failed: Nur ein Teil der ReadProcessMemory- oder WriteProcessMemory-Anforderung wurde abgeschlossen. (0x12B)
[0203/174427.412:WARNING:pe_image_reader.cc(340)] could not read dos header from C:\Windows\System32\combase.dll
[0203/174427.412:ERROR:process_memory_win.cc(73)] ReadMemory at 0x7ffeea520000 of 64 bytes failed: Nur ein Teil der ReadProcessMemory- oder WriteProcessMemory-Anforderung wurde abgeschlossen. (0x12B)
[0203/174427.412:WARNING:pe_image_reader.cc(340)] could not read dos header from C:\Windows\System32\WS2_32.dll
[0203/174427.412:ERROR:process_memory_win.cc(73)] ReadMemory at 0x7ffee9650000 of 64 bytes failed: Nur ein Teil der ReadProcessMemory- oder WriteProcessMemory-Anforderung wurde abgeschlossen. (0x12B)
[0203/174427.412:WARNING:pe_image_reader.cc(340)] could not read dos header from C:\Windows\System32\WINTRUST.dll
[0203/174427.412:ERROR:process_memory_win.cc(73)] ReadMemory at 0x7ffee8cf0000 of 64 bytes failed: Nur ein Teil der ReadProcessMemory- oder WriteProcessMemory-Anforderung wurde abgeschlossen. (0x12B)
[0203/174427.412:WARNING:pe_image_reader.cc(340)] could not read dos header from C:\Windows\System32\MSASN1.dll
[0203/174427.412:ERROR:process_memory_win.cc(73)] ReadMemory at 0x7ffee8d10000 of 64 bytes failed: Nur ein Teil der ReadProcessMemory- oder WriteProcessMemory-Anforderung wurde abgeschlossen. (0x12B)
[0203/174427.412:WARNING:pe_image_reader.cc(340)] could not read dos header from C:\Windows\System32\CRYPT32.dll
[0203/174427.412:ERROR:process_memory_win.cc(73)] ReadMemory at 0x7ffee8170000 of 64 bytes failed: Nur ein Teil der ReadProcessMemory- oder WriteProcessMemory-Anforderung wurde abgeschlossen. (0x12B)
[0203/174427.412:WARNING:pe_image_reader.cc(340)] could not read dos header from C:\Windows\SYSTEM32\IPHLPAPI.DLL
[0203/174427.412:ERROR:process_memory_win.cc(73)] ReadMemory at 0x7ffee6770000 of 64 bytes failed: Nur ein Teil der ReadProcessMemory- oder WriteProcessMemory-Anforderung wurde abgeschlossen. (0x12B)
[0203/174427.412:WARNING:pe_image_reader.cc(340)] could not read dos header from C:\Windows\SYSTEM32\WINMM.dll
[0203/174427.412:ERROR:process_memory_win.cc(73)] ReadMemory at 0x7ffee8b70000 of 64 bytes failed: Nur ein Teil der ReadProcessMemory- oder WriteProcessMemory-Anforderung wurde abgeschlossen. (0x12B)
[0203/174427.412:WARNING:pe_image_reader.cc(340)] could not read dos header from C:\Windows\SYSTEM32\USERENV.dll
[0203/174427.412:ERROR:process_memory_win.cc(73)] ReadMemory at 0x7ffee8c80000 of 64 bytes failed: Nur ein Teil der ReadProcessMemory- oder WriteProcessMemory-Anforderung wurde abgeschlossen. (0x12B)
[0203/174427.412:WARNING:pe_image_reader.cc(340)] could not read dos header from C:\Windows\System32\profapi.dll
[0203/174427.412:ERROR:process_memory_win.cc(73)] ReadMemory at 0x7ffeda620000 of 64 bytes failed: Nur ein Teil der ReadProcessMemory- oder WriteProcessMemory-Anforderung wurde abgeschlossen. (0x12B)
[0203/174427.412:WARNING:pe_image_reader.cc(340)] could not read dos header from C:\Windows\SYSTEM32\DWrite.dll
[0203/174427.412:ERROR:process_memory_win.cc(73)] ReadMemory at 0x7ffecc610000 of 64 bytes failed: Nur ein Teil der ReadProcessMemory- oder WriteProcessMemory-Anforderung wurde abgeschlossen. (0x12B)
[0203/174427.412:WARNING:pe_image_reader.cc(340)] could not read dos header from C:\Windows\SYSTEM32\WINSPOOL.DRV
[0203/174427.412:ERROR:process_memory_win.cc(73)] ReadMemory at 0x7ffee8c60000 of 64 bytes failed: Nur ein Teil der ReadProcessMemory- oder WriteProcessMemory-Anforderung wurde abgeschlossen. (0x12B)
[0203/174427.412:WARNING:pe_image_reader.cc(340)] could not read dos header from C:\Windows\System32\kernel.appcore.dll
[0203/174427.412:ERROR:process_memory_win.cc(73)] ReadMemory at 0x7ffee8e60000 of 64 bytes failed: Nur ein Teil der ReadProcessMemory- oder WriteProcessMemory-Anforderung wurde abgeschlossen. (0x12B)
[0203/174427.412:WARNING:pe_image_reader.cc(340)] could not read dos header from C:\Windows\System32\bcrypt.dll
[0203/174427.412:ERROR:process_memory_win.cc(73)] ReadMemory at 0x7ffed61e0000 of 64 bytes failed: Nur ein Teil der ReadProcessMemory- oder WriteProcessMemory-Anforderung wurde abgeschlossen. (0x12B)
[0203/174427.412:WARNING:pe_image_reader.cc(340)] could not read dos header from C:\Windows\SYSTEM32\dbghelp.dll
[0203/174427.412:ERROR:process_memory_win.cc(73)] ReadMemory at 0x7ffecf050000 of 64 bytes failed: Nur ein Teil der ReadProcessMemory- oder WriteProcessMemory-Anforderung wurde abgeschlossen. (0x12B)
[0203/174427.412:WARNING:pe_image_reader.cc(340)] could not read dos header from C:\Windows\SYSTEM32\Secur32.dll
[0203/174427.412:ERROR:process_memory_win.cc(73)] ReadMemory at 0x7ffeddba0000 of 64 bytes failed: Nur ein Teil der ReadProcessMemory- oder WriteProcessMemory-Anforderung wurde abgeschlossen. (0x12B)
[0203/174427.412:WARNING:pe_image_reader.cc(340)] could not read dos header from C:\Windows\SYSTEM32\WINHTTP.dll
[0203/174427.412:ERROR:process_memory_win.cc(73)] ReadMemory at 0x7ffedf270000 of 64 bytes failed: Nur ein Teil der ReadProcessMemory- oder WriteProcessMemory-Anforderung wurde abgeschlossen. (0x12B)
[0203/174427.412:WARNING:pe_image_reader.cc(340)] could not read dos header from C:\Windows\SYSTEM32\dhcpcsvc.DLL
[0203/174427.412:ERROR:process_memory_win.cc(73)] ReadMemory at 0x7ffeebb70000 of 64 bytes failed: Nur ein Teil der ReadProcessMemory- oder WriteProcessMemory-Anforderung wurde abgeschlossen. (0x12B)
[0203/174427.412:WARNING:pe_image_reader.cc(340)] could not read dos header from C:\Windows\System32\NSI.dll
[0203/174427.412:ERROR:process_memory_win.cc(73)] ReadMemory at 0x7ffee6740000 of 64 bytes failed: Nur ein Teil der ReadProcessMemory- oder WriteProcessMemory-Anforderung wurde abgeschlossen. (0x12B)
[0203/174427.412:WARNING:pe_image_reader.cc(340)] could not read dos header from C:\Windows\SYSTEM32\WINMMBASE.dll
[0203/174427.428:ERROR:process_memory_win.cc(73)] ReadMemory at 0x7ffee9600000 of 64 bytes failed: Nur ein Teil der ReadProcessMemory- oder WriteProcessMemory-Anforderung wurde abgeschlossen. (0x12B)
[0203/174427.428:WARNING:pe_image_reader.cc(340)] could not read dos header from C:\Windows\System32\cfgmgr32.dll
[0203/174427.428:ERROR:process_memory_win.cc(73)] ReadMemory at 0x7ffee5610000 of 64 bytes failed: Nur ein Teil der ReadProcessMemory- oder WriteProcessMemory-Anforderung wurde abgeschlossen. (0x12B)
[0203/174427.428:WARNING:pe_image_reader.cc(340)] could not read dos header from C:\Windows\SYSTEM32\PROPSYS.dll
[0203/174427.428:ERROR:process_memory_win.cc(73)] ReadMemory at 0x7ffeeaff0000 of 64 bytes failed: Nur ein Teil der ReadProcessMemory- oder WriteProcessMemory-Anforderung wurde abgeschlossen. (0x12B)
[0203/174427.428:WARNING:pe_image_reader.cc(340)] could not read dos header from C:\Windows\System32\shcore.dll
[0203/174427.428:ERROR:process_memory_win.cc(73)] ReadMemory at 0x7ffee8b40000 of 64 bytes failed: Nur ein Teil der ReadProcessMemory- oder WriteProcessMemory-Anforderung wurde abgeschlossen. (0x12B)
[0203/174427.428:WARNING:pe_image_reader.cc(340)] could not read dos header from C:\Windows\SYSTEM32\SSPICLI.DLL
[0203/174427.428:ERROR:process_memory_win.cc(73)] ReadMemory at 0x7ffee8630000 of 64 bytes failed: Nur ein Teil der ReadProcessMemory- oder WriteProcessMemory-Anforderung wurde abgeschlossen. (0x12B)
[0203/174427.428:WARNING:pe_image_reader.cc(340)] could not read dos header from C:\Windows\SYSTEM32\CRYPTBASE.DLL
[0203/174427.521:ERROR:process_memory_win.cc(73)] ReadMemory at 0xee7d1e9000 of 94208 bytes failed: Nur ein Teil der ReadProcessMemory- oder WriteProcessMemory-Anforderung wurde abgeschlossen. (0x12B)
[0203/174427.521:ERROR:process_memory_win.cc(73)] ReadMemory at 0xee7d9fd000 of 12288 bytes failed: Nur ein Teil der ReadProcessMemory- oder WriteProcessMemory-Anforderung wurde abgeschlossen. (0x12B)
[0203/174427.521:ERROR:process_memory_win.cc(73)] ReadMemory at 0xee7e9fd000 of 12288 bytes failed: Nur ein Teil der ReadProcessMemory- oder WriteProcessMemory-Anforderung wurde abgeschlossen. (0x12B)
[0203/174427.521:ERROR:process_memory_win.cc(73)] ReadMemory at 0xee7f1fb000 of 20480 bytes failed: Nur ein Teil der ReadProcessMemory- oder WriteProcessMemory-Anforderung wurde abgeschlossen. (0x12B)
[0203/174427.521:ERROR:process_memory_win.cc(73)] ReadMemory at 0xee7f9ff000 of 4096 bytes failed: Nur ein Teil der ReadProcessMemory- oder WriteProcessMemory-Anforderung wurde abgeschlossen. (0x12B)
[0203/174427.521:ERROR:process_memory_win.cc(73)] ReadMemory at 0xee007fd000 of 12288 bytes failed: Nur ein Teil der ReadProcessMemory- oder WriteProcessMemory-Anforderung wurde abgeschlossen. (0x12B)
[0203/174427.521:ERROR:process_memory_win.cc(73)] ReadMemory at 0xee00ffb000 of 20480 bytes failed: Nur ein Teil der ReadProcessMemory- oder WriteProcessMemory-Anforderung wurde abgeschlossen. (0x12B)
[0203/174427.521:ERROR:process_memory_win.cc(73)] ReadMemory at 0xee017fd000 of 12288 bytes failed: Nur ein Teil der ReadProcessMemory- oder WriteProcessMemory-Anforderung wurde abgeschlossen. (0x12B)
[0203/174427.521:ERROR:process_memory_win.cc(73)] ReadMemory at 0xee027fa000 of 24576 bytes failed: Nur ein Teil der ReadProcessMemory- oder WriteProcessMemory-Anforderung wurde abgeschlossen. (0x12B)
[0203/174427.521:ERROR:process_memory_win.cc(73)] ReadMemory at 0xee02ff8000 of 32768 bytes failed: Nur ein Teil der ReadProcessMemory- oder WriteProcessMemory-Anforderung wurde abgeschlossen. (0x12B)
[0203/174427.521:ERROR:process_memory_win.cc(73)] ReadMemory at 0xee037fd000 of 12288 bytes failed: Nur ein Teil der ReadProcessMemory- oder WriteProcessMemory-Anforderung wurde abgeschlossen. (0x12B)
[0203/174427.536:ERROR:process_memory_win.cc(73)] ReadMemory at 0xee01ffd000 of 12288 bytes failed: Nur ein Teil der ReadProcessMemory- oder WriteProcessMemory-Anforderung wurde abgeschlossen. (0x12B)
[0203/174427.536:ERROR:process_memory_win.cc(73)] ReadMemory at 0xee03ff9000 of 28672 bytes failed: Nur ein Teil der ReadProcessMemory- oder WriteProcessMemory-Anforderung wurde abgeschlossen. (0x12B)
[0203/174427.536:ERROR:process_memory_win.cc(73)] ReadMemory at 0xee047fb000 of 20480 bytes failed: Nur ein Teil der ReadProcessMemory- oder WriteProcessMemory-Anforderung wurde abgeschlossen. (0x12B)
[0203/174427.536:ERROR:process_memory_win.cc(73)] ReadMemory at 0xee057fc000 of 16384 bytes failed: Nur ein Teil der ReadProcessMemory- oder WriteProcessMemory-Anforderung wurde abgeschlossen. (0x12B)
[0203/174427.536:ERROR:process_memory_win.cc(73)] ReadMemory at 0xee05ffc000 of 16384 bytes failed: Nur ein Teil der ReadProcessMemory- oder WriteProcessMemory-Anforderung wurde abgeschlossen. (0x12B)
[0203/174427.536:ERROR:process_memory_win.cc(73)] ReadMemory at 0xee067fb000 of 20480 bytes failed: Nur ein Teil der ReadProcessMemory- oder WriteProcessMemory-Anforderung wurde abgeschlossen. (0x12B)
[0203/174427.536:ERROR:process_memory_win.cc(73)] ReadMemory at 0xee04ffa000 of 24576 bytes failed: Nur ein Teil der ReadProcessMemory- oder WriteProcessMemory-Anforderung wurde abgeschlossen. (0x12B)
[0203/174427.536:ERROR:process_memory_win.cc(73)] ReadMemory at 0xee06ffe000 of 8192 bytes failed: Nur ein Teil der ReadProcessMemory- oder WriteProcessMemory-Anforderung wurde abgeschlossen. (0x12B)
[0203/174427.536:ERROR:process_memory_win.cc(73)] ReadMemory at 0xee7c820000 of 852 bytes failed: Nur ein Teil der ReadProcessMemory- oder WriteProcessMemory-Anforderung wurde abgeschlossen. (0x12B)
[0203/174427.536:ERROR:process_memory_win.cc(73)] ReadMemory at 0xee7c821000 of 6024 bytes failed: Nur ein Teil der ReadProcessMemory- oder WriteProcessMemory-Anforderung wurde abgeschlossen. (0x12B)
[0203/174427.536:ERROR:process_memory_win.cc(73)] ReadMemory at 0xee7c823000 of 6024 bytes failed: Nur ein Teil der ReadProcessMemory- oder WriteProcessMemory-Anforderung wurde abgeschlossen. (0x12B)
[0203/174427.536:ERROR:process_memory_win.cc(73)] ReadMemory at 0xee7c827000 of 6024 bytes failed: Nur ein Teil der ReadProcessMemory- oder WriteProcessMemory-Anforderung wurde abgeschlossen. (0x12B)
[0203/174427.536:ERROR:process_memory_win.cc(73)] ReadMemory at 0xee7c829000 of 6024 bytes failed: Nur ein Teil der ReadProcessMemory- oder WriteProcessMemory-Anforderung wurde abgeschlossen. (0x12B)
[0203/174427.536:ERROR:process_memory_win.cc(73)] ReadMemory at 0xee7c82b000 of 6024 bytes failed: Nur ein Teil der ReadProcessMemory- oder WriteProcessMemory-Anforderung wurde abgeschlossen. (0x12B)
[0203/174427.536:ERROR:process_memory_win.cc(73)] ReadMemory at 0xee7c82d000 of 6024 bytes failed: Nur ein Teil der ReadProcessMemory- oder WriteProcessMemory-Anforderung wurde abgeschlossen. (0x12B)
[0203/174427.536:ERROR:process_memory_win.cc(73)] ReadMemory at 0xee7c82f000 of 6024 bytes failed: Nur ein Teil der ReadProcessMemory- oder WriteProcessMemory-Anforderung wurde abgeschlossen. (0x12B)
[0203/174427.536:ERROR:process_memory_win.cc(73)] ReadMemory at 0xee7c831000 of 6024 bytes failed: Nur ein Teil der ReadProcessMemory- oder WriteProcessMemory-Anforderung wurde abgeschlossen. (0x12B)
[0203/174427.536:ERROR:process_memory_win.cc(73)] ReadMemory at 0xee7c835000 of 6024 bytes failed: Nur ein Teil der ReadProcessMemory- oder WriteProcessMemory-Anforderung wurde abgeschlossen. (0x12B)
[0203/174427.536:ERROR:process_memory_win.cc(73)] ReadMemory at 0xee7c837000 of 6024 bytes failed: Nur ein Teil der ReadProcessMemory- oder WriteProcessMemory-Anforderung wurde abgeschlossen. (0x12B)
[0203/174427.536:ERROR:process_memory_win.cc(73)] ReadMemory at 0xee7c839000 of 6024 bytes failed: Nur ein Teil der ReadProcessMemory- oder WriteProcessMemory-Anforderung wurde abgeschlossen. (0x12B)
[0203/174427.536:ERROR:process_memory_win.cc(73)] ReadMemory at 0xee7c83f000 of 6024 bytes failed: Nur ein Teil der ReadProcessMemory- oder WriteProcessMemory-Anforderung wurde abgeschlossen. (0x12B)
[0203/174427.536:ERROR:process_memory_win.cc(73)] ReadMemory at 0xee7c845000 of 6024 bytes failed: Nur ein Teil der ReadProcessMemory- oder WriteProcessMemory-Anforderung wurde abgeschlossen. (0x12B)
[0203/174427.536:ERROR:process_memory_win.cc(73)] ReadMemory at 0xee7c847000 of 6024 bytes failed: Nur ein Teil der ReadProcessMemory- oder WriteProcessMemory-Anforderung wurde abgeschlossen. (0x12B)
[0203/174427.536:ERROR:process_memory_win.cc(73)] ReadMemory at 0xee7c849000 of 6024 bytes failed: Nur ein Teil der ReadProcessMemory- oder WriteProcessMemory-Anforderung wurde abgeschlossen. (0x12B)
[0203/174427.536:ERROR:process_memory_win.cc(73)] ReadMemory at 0xee7c84b000 of 6024 bytes failed: Nur ein Teil der ReadProcessMemory- oder WriteProcessMemory-Anforderung wurde abgeschlossen. (0x12B)
[0203/174427.536:ERROR:process_memory_win.cc(73)] ReadMemory at 0xee7c84d000 of 6024 bytes failed: Nur ein Teil der ReadProcessMemory- oder WriteProcessMemory-Anforderung wurde abgeschlossen. (0x12B)
[0203/174427.536:ERROR:process_memory_win.cc(73)] ReadMemory at 0xee7c851000 of 6024 bytes failed: Nur ein Teil der ReadProcessMemory- oder WriteProcessMemory-Anforderung wurde abgeschlossen. (0x12B)
[0203/174427.536:ERROR:process_memory_win.cc(73)] ReadMemory at 0xee7c853000 of 6024 bytes failed: Nur ein Teil der ReadProcessMemory- oder WriteProcessMemory-Anforderung wurde abgeschlossen. (0x12B)
[0203/174427.536:ERROR:process_memory_win.cc(73)] ReadMemory at 0x23c28cb0000 of 384 bytes failed: Nur ein Teil der ReadProcessMemory- oder WriteProcessMemory-Anforderung wurde abgeschlossen. (0x12B)
[0203/174427.536:ERROR:process_memory_win.cc(73)] ReadMemory at 0x23c28cb3af4 of 512 bytes failed: Nur ein Teil der ReadProcessMemory- oder WriteProcessMemory-Anforderung wurde abgeschlossen. (0x12B)
[0203/174427.661:ERROR:process_memory_win.cc(73)] ReadMemory at 0x23c28cbbc00 of 528 bytes failed: Nur ein Teil der ReadProcessMemory- oder WriteProcessMemory-Anforderung wurde abgeschlossen. (0x12B)
[0203/174427.661:ERROR:process_memory_win.cc(73)] ReadMemory at 0x23c28cf0750 of 80 bytes failed: Nur ein Teil der ReadProcessMemory- oder WriteProcessMemory-Anforderung wurde abgeschlossen. (0x12B)
[0203/174427.661:ERROR:process_memory_win.cc(73)] ReadMemory at 0x23c28cf0fe0 of 3378 bytes failed: Nur ein Teil der ReadProcessMemory- oder WriteProcessMemory-Anforderung wurde abgeschlossen. (0x12B)
[0203/174427.661:ERROR:process_memory_win.cc(73)] ReadMemory at 0x23c28cf1d20 of 1012 bytes failed: Nur ein Teil der ReadProcessMemory- oder WriteProcessMemory-Anforderung wurde abgeschlossen. (0x12B)
[0203/174427.661:ERROR:process_memory_win.cc(73)] ReadMemory at 0x23c28cf2368 of 118 bytes failed: Nur ein Teil der ReadProcessMemory- oder WriteProcessMemory-Anforderung wurde abgeschlossen. (0x12B)
[0203/174427.661:ERROR:process_memory_win.cc(73)] ReadMemory at 0x23c28cf23e0 of 858 bytes failed: Nur ein Teil der ReadProcessMemory- oder WriteProcessMemory-Anforderung wurde abgeschlossen. (0x12B)
[0203/174427.661:ERROR:process_memory_win.cc(73)] ReadMemory at 0x23c28cf273c of 118 bytes failed: Nur ein Teil der ReadProcessMemory- oder WriteProcessMemory-Anforderung wurde abgeschlossen. (0x12B)
[0203/174427.661:ERROR:process_memory_win.cc(73)] ReadMemory at 0x23c28cf27b4 of 94 bytes failed: Nur ein Teil der ReadProcessMemory- oder WriteProcessMemory-Anforderung wurde abgeschlossen. (0x12B)
[0203/174427.661:ERROR:process_memory_win.cc(73)] ReadMemory at 0x23c28cf2820 of 58 bytes failed: Nur ein Teil der ReadProcessMemory- oder WriteProcessMemory-Anforderung wurde abgeschlossen. (0x12B)
[0203/174427.677:ERROR:process_memory_win.cc(73)] ReadMemory at 0x23c28cf2920 of 132 bytes failed: Nur ein Teil der ReadProcessMemory- oder WriteProcessMemory-Anforderung wurde abgeschlossen. (0x12B)
[0203/174427.677:ERROR:process_memory_win.cc(73)] ReadMemory at 0x23c28cf2ab0 of 132 bytes failed: Nur ein Teil der ReadProcessMemory- oder WriteProcessMemory-Anforderung wurde abgeschlossen. (0x12B)
[0203/174427.677:ERROR:process_memory_win.cc(73)] ReadMemory at 0x23c28cf2c70 of 126 bytes failed: Nur ein Teil der ReadProcessMemory- oder WriteProcessMemory-Anforderung wurde abgeschlossen. (0x12B)
[0203/174427.677:ERROR:process_memory_win.cc(73)] ReadMemory at 0x23c28cf3050 of 132 bytes failed: Nur ein Teil der ReadProcessMemory- oder WriteProcessMemory-Anforderung wurde abgeschlossen. (0x12B)
[0203/174427.677:ERROR:process_memory_win.cc(73)] ReadMemory at 0x23c28cf31e0 of 64 bytes failed: Nur ein Teil der ReadProcessMemory- oder WriteProcessMemory-Anforderung wurde abgeschlossen. (0x12B)
[0203/174427.677:ERROR:process_memory_win.cc(73)] ReadMemory at 0x23c28cf33a0 of 132 bytes failed: Nur ein Teil der ReadProcessMemory- oder WriteProcessMemory-Anforderung wurde abgeschlossen. (0x12B)
[0203/174427.677:ERROR:process_memory_win.cc(73)] ReadMemory at 0x23c28cf3640 of 132 bytes failed: Nur ein Teil der ReadProcessMemory- oder WriteProcessMemory-Anforderung wurde abgeschlossen. (0x12B)
[0203/174427.677:ERROR:process_memory_win.cc(73)] ReadMemory at 0x23c28cf37d0 of 68 bytes failed: Nur ein Teil der ReadProcessMemory- oder WriteProcessMemory-Anforderung wurde abgeschlossen. (0x12B)
[0203/174427.677:ERROR:process_memory_win.cc(73)] ReadMemory at 0x23c28cf48d0 of 132 bytes failed: Nur ein Teil der ReadProcessMemory- oder WriteProcessMemory-Anforderung wurde abgeschlossen. (0x12B)
[0203/174427.802:ERROR:process_memory_win.cc(73)] ReadMemory at 0x23c28cf4a60 of 154 bytes failed: Nur ein Teil der ReadProcessMemory- oder WriteProcessMemory-Anforderung wurde abgeschlossen. (0x12B)
[0203/174427.802:ERROR:process_memory_win.cc(73)] ReadMemory at 0x23c28cf5830 of 62 bytes failed: Nur ein Teil der ReadProcessMemory- oder WriteProcessMemory-Anforderung wurde abgeschlossen. (0x12B)
[0203/174427.802:ERROR:process_memory_win.cc(73)] ReadMemory at 0x23c28cf5c90 of 158 bytes failed: Nur ein Teil der ReadProcessMemory- oder WriteProcessMemory-Anforderung wurde abgeschlossen. (0x12B)
[0203/174427.802:ERROR:process_memory_win.cc(73)] ReadMemory at 0x23c28cf5d70 of 132 bytes failed: Nur ein Teil der ReadProcessMemory- oder WriteProcessMemory-Anforderung wurde abgeschlossen. (0x12B)
[0203/174427.802:ERROR:process_memory_win.cc(73)] ReadMemory at 0x23c28cf5ea0 of 60 bytes failed: Nur ein Teil der ReadProcessMemory- oder WriteProcessMemory-Anforderung wurde abgeschlossen. (0x12B)
[0203/174427.802:ERROR:process_memory_win.cc(73)] ReadMemory at 0x23c28cf7210 of 132 bytes failed: Nur ein Teil der ReadProcessMemory- oder WriteProcessMemory-Anforderung wurde abgeschlossen. (0x12B)
[0203/174427.802:ERROR:process_memory_win.cc(73)] ReadMemory at 0x23c28cfa1b0 of 64 bytes failed: Nur ein Teil der ReadProcessMemory- oder WriteProcessMemory-Anforderung wurde abgeschlossen. (0x12B)
[0203/174427.802:ERROR:process_memory_win.cc(73)] ReadMemory at 0x23c28cfa2f0 of 64 bytes failed: Nur ein Teil der ReadProcessMemory- oder WriteProcessMemory-Anforderung wurde abgeschlossen. (0x12B)
[0203/174427.802:ERROR:process_memory_win.cc(73)] ReadMemory at 0x23c28cfa340 of 66 bytes failed: Nur ein Teil der ReadProcessMemory- oder WriteProcessMemory-Anforderung wurde abgeschlossen. (0x12B)
[0203/174427.818:ERROR:process_memory_win.cc(73)] ReadMemory at 0x23c28cfa390 of 62 bytes failed: Nur ein Teil der ReadProcessMemory- oder WriteProcessMemory-Anforderung wurde abgeschlossen. (0x12B)
[0203/174427.818:ERROR:process_memory_win.cc(73)] ReadMemory at 0x23c28cfa520 of 64 bytes failed: Nur ein Teil der ReadProcessMemory- oder WriteProcessMemory-Anforderung wurde abgeschlossen. (0x12B)
[0203/174427.818:ERROR:process_memory_win.cc(73)] ReadMemory at 0x23c28cfa570 of 60 bytes failed: Nur ein Teil der ReadProcessMemory- oder WriteProcessMemory-Anforderung wurde abgeschlossen. (0x12B)
[0203/174427.818:ERROR:process_memory_win.cc(73)] ReadMemory at 0x23c28cfa5c0 of 62 bytes failed: Nur ein Teil der ReadProcessMemory- oder WriteProcessMemory-Anforderung wurde abgeschlossen. (0x12B)
[0203/174427.818:ERROR:process_memory_win.cc(73)] ReadMemory at 0x23c28cfa610 of 64 bytes failed: Nur ein Teil der ReadProcessMemory- oder WriteProcessMemory-Anforderung wurde abgeschlossen. (0x12B)
[0203/174427.818:ERROR:process_memory_win.cc(73)] ReadMemory at 0x23c28cfa7a0 of 60 bytes failed: Nur ein Teil der ReadProcessMemory- oder WriteProcessMemory-Anforderung wurde abgeschlossen. (0x12B)
[0203/174427.818:ERROR:process_memory_win.cc(73)] ReadMemory at 0x23c28cfa920 of 132 bytes failed: Nur ein Teil der ReadProcessMemory- oder WriteProcessMemory-Anforderung wurde abgeschlossen. (0x12B)
[0203/174427.818:ERROR:process_memory_win.cc(73)] ReadMemory at 0x23c28cfaa50 of 132 bytes failed: Nur ein Teil der ReadProcessMemory- oder WriteProcessMemory-Anforderung wurde abgeschlossen. (0x12B)
[0203/174427.818:ERROR:process_memory_win.cc(73)] ReadMemory at 0x23c28cfab80 of 132 bytes failed: Nur ein Teil der ReadProcessMemory- oder WriteProcessMemory-Anforderung wurde abgeschlossen. (0x12B)
[0203/174427.818:ERROR:process_memory_win.cc(73)] ReadMemory at 0x23c28cfacb0 of 132 bytes failed: Nur ein Teil der ReadProcessMemory- oder WriteProcessMemory-Anforderung wurde abgeschlossen. (0x12B)
[0203/174427.818:ERROR:process_memory_win.cc(73)] ReadMemory at 0x23c28cfade0 of 132 bytes failed: Nur ein Teil der ReadProcessMemory- oder WriteProcessMemory-Anforderung wurde abgeschlossen. (0x12B)
[0203/174427.818:ERROR:process_memory_win.cc(73)] ReadMemory at 0x23c28cfaf10 of 132 bytes failed: Nur ein Teil der ReadProcessMemory- oder WriteProcessMemory-Anforderung wurde abgeschlossen. (0x12B)
[0203/174427.818:ERROR:process_memory_win.cc(73)] ReadMemory at 0x23c28cfb040 of 132 bytes failed: Nur ein Teil der ReadProcessMemory- oder WriteProcessMemory-Anforderung wurde abgeschlossen. (0x12B)
[0203/174427.818:ERROR:process_memory_win.cc(73)] ReadMemory at 0x23c28cfb170 of 132 bytes failed: Nur ein Teil der ReadProcessMemory- oder WriteProcessMemory-Anforderung wurde abgeschlossen. (0x12B)
[0203/174427.818:ERROR:process_memory_win.cc(73)] ReadMemory at 0x23c28cfb2a0 of 132 bytes failed: Nur ein Teil der ReadProcessMemory- oder WriteProcessMemory-Anforderung wurde abgeschlossen. (0x12B)
[0203/174427.833:ERROR:process_memory_win.cc(73)] ReadMemory at 0x23c28cfb3d0 of 132 bytes failed: Nur ein Teil der ReadProcessMemory- oder WriteProcessMemory-Anforderung wurde abgeschlossen. (0x12B)
[0203/174427.833:ERROR:process_memory_win.cc(73)] ReadMemory at 0x23c28cfb630 of 132 bytes failed: Nur ein Teil der ReadProcessMemory- oder WriteProcessMemory-Anforderung wurde abgeschlossen. (0x12B)
[0203/174427.833:ERROR:process_memory_win.cc(73)] ReadMemory at 0x23c28cfb760 of 132 bytes failed: Nur ein Teil der ReadProcessMemory- oder WriteProcessMemory-Anforderung wurde abgeschlossen. (0x12B)
[0203/174427.833:ERROR:process_memory_win.cc(73)] ReadMemory at 0x23c28cfce60 of 132 bytes failed: Nur ein Teil der ReadProcessMemory- oder WriteProcessMemory-Anforderung wurde abgeschlossen. (0x12B)
[0203/174427.833:ERROR:process_memory_win.cc(73)] ReadMemory at 0x23c28cfd530 of 132 bytes failed: Nur ein Teil der ReadProcessMemory- oder WriteProcessMemory-Anforderung wurde abgeschlossen. (0x12B)
[0203/174427.833:ERROR:process_memory_win.cc(73)] ReadMemory at 0x23c28cfd660 of 132 bytes failed: Nur ein Teil der ReadProcessMemory- oder WriteProcessMemory-Anforderung wurde abgeschlossen. (0x12B)
[0203/174427.833:ERROR:process_memory_win.cc(73)] ReadMemory at 0x23c28cfea90 of 132 bytes failed: Nur ein Teil der ReadProcessMemory- oder WriteProcessMemory-Anforderung wurde abgeschlossen. (0x12B)
[0203/174427.833:ERROR:process_memory_win.cc(73)] ReadMemory at 0x23c28d00690 of 132 bytes failed: Nur ein Teil der ReadProcessMemory- oder WriteProcessMemory-Anforderung wurde abgeschlossen. (0x12B)
[0203/174427.833:ERROR:process_memory_win.cc(73)] ReadMemory at 0x23c28d02ab0 of 54 bytes failed: Nur ein Teil der ReadProcessMemory- oder WriteProcessMemory-Anforderung wurde abgeschlossen. (0x12B)
[0203/174427.833:ERROR:process_memory_win.cc(73)] ReadMemory at 0x23c28d034f0 of 132 bytes failed: Nur ein Teil der ReadProcessMemory- oder WriteProcessMemory-Anforderung wurde abgeschlossen. (0x12B)
[0203/174427.833:ERROR:process_memory_win.cc(73)] ReadMemory at 0x23c28d03760 of 132 bytes failed: Nur ein Teil der ReadProcessMemory- oder WriteProcessMemory-Anforderung wurde abgeschlossen. (0x12B)
[0203/174427.833:ERROR:process_memory_win.cc(73)] ReadMemory at 0x23c28d03890 of 132 bytes failed: Nur ein Teil der ReadProcessMemory- oder WriteProcessMemory-Anforderung wurde abgeschlossen. (0x12B)
[0203/174427.833:ERROR:process_memory_win.cc(73)] ReadMemory at 0x23c28d03b70 of 132 bytes failed: Nur ein Teil der ReadProcessMemory- oder WriteProcessMemory-Anforderung wurde abgeschlossen. (0x12B)
[0203/174427.833:ERROR:process_memory_win.cc(73)] ReadMemory at 0x23c28d04450 of 76 bytes failed: Nur ein Teil der ReadProcessMemory- oder WriteProcessMemory-Anforderung wurde abgeschlossen. (0x12B)
[0203/174427.833:ERROR:process_memory_win.cc(73)] ReadMemory at 0x23c28d05070 of 64 bytes failed: Nur ein Teil der ReadProcessMemory- oder WriteProcessMemory-Anforderung wurde abgeschlossen. (0x12B)
[0203/174427.833:ERROR:process_memory_win.cc(73)] ReadMemory at 0x23c28d050c0 of 60 bytes failed: Nur ein Teil der ReadProcessMemory- oder WriteProcessMemory-Anforderung wurde abgeschlossen. (0x12B)
[0203/174427.849:ERROR:process_memory_win.cc(73)] ReadMemory at 0x23c28d05160 of 66 bytes failed: Nur ein Teil der ReadProcessMemory- oder WriteProcessMemory-Anforderung wurde abgeschlossen. (0x12B)
[0203/174427.849:ERROR:process_memory_win.cc(73)] ReadMemory at 0x23c28d051b0 of 62 bytes failed: Nur ein Teil der ReadProcessMemory- oder WriteProcessMemory-Anforderung wurde abgeschlossen. (0x12B)
[0203/174427.849:ERROR:process_memory_win.cc(73)] ReadMemory at 0x23c28d05200 of 60 bytes failed: Nur ein Teil der ReadProcessMemory- oder WriteProcessMemory-Anforderung wurde abgeschlossen. (0x12B)
[0203/174427.849:ERROR:process_memory_win.cc(73)] ReadMemory at 0x23c28d052a0 of 64 bytes failed: Nur ein Teil der ReadProcessMemory- oder WriteProcessMemory-Anforderung wurde abgeschlossen. (0x12B)
[0203/174427.849:ERROR:process_memory_win.cc(73)] ReadMemory at 0x23c28d052f0 of 62 bytes failed: Nur ein Teil der ReadProcessMemory- oder WriteProcessMemory-Anforderung wurde abgeschlossen. (0x12B)
[0203/174427.849:ERROR:process_memory_win.cc(73)] ReadMemory at 0x23c28d054d0 of 62 bytes failed: Nur ein Teil der ReadProcessMemory- oder WriteProcessMemory-Anforderung wurde abgeschlossen. (0x12B)
[0203/174427.849:ERROR:process_memory_win.cc(73)] ReadMemory at 0x23c28d05570 of 58 bytes failed: Nur ein Teil der ReadProcessMemory- oder WriteProcessMemory-Anforderung wurde abgeschlossen. (0x12B)
[0203/174427.849:ERROR:process_memory_win.cc(73)] ReadMemory at 0x23c28d056b0 of 60 bytes failed: Nur ein Teil der ReadProcessMemory- oder WriteProcessMemory-Anforderung wurde abgeschlossen. (0x12B)
[0203/174427.849:ERROR:process_memory_win.cc(73)] ReadMemory at 0x23c28d05750 of 62 bytes failed: Nur ein Teil der ReadProcessMemory- oder WriteProcessMemory-Anforderung wurde abgeschlossen. (0x12B)
[0203/174427.849:ERROR:process_memory_win.cc(73)] ReadMemory at 0x23c28d05840 of 64 bytes failed: Nur ein Teil der ReadProcessMemory- oder WriteProcessMemory-Anforderung wurde abgeschlossen. (0x12B)
[0203/174427.849:ERROR:process_memory_win.cc(73)] ReadMemory at 0x23c28d05890 of 62 bytes failed: Nur ein Teil der ReadProcessMemory- oder WriteProcessMemory-Anforderung wurde abgeschlossen. (0x12B)
[0203/174427.849:ERROR:process_memory_win.cc(73)] ReadMemory at 0x23c28d05980 of 60 bytes failed: Nur ein Teil der ReadProcessMemory- oder WriteProcessMemory-Anforderung wurde abgeschlossen. (0x12B)
[0203/174427.849:ERROR:process_memory_win.cc(73)] ReadMemory at 0x23c28d05a70 of 62 bytes failed: Nur ein Teil der ReadProcessMemory- oder WriteProcessMemory-Anforderung wurde abgeschlossen. (0x12B)
[0203/174427.849:ERROR:process_memory_win.cc(73)] ReadMemory at 0x23c28d05c50 of 62 bytes failed: Nur ein Teil der ReadProcessMemory- oder WriteProcessMemory-Anforderung wurde abgeschlossen. (0x12B)
[0203/174427.849:ERROR:process_memory_win.cc(73)] ReadMemory at 0x23c28d05ca0 of 64 bytes failed: Nur ein Teil der ReadProcessMemory- oder WriteProcessMemory-Anforderung wurde abgeschlossen. (0x12B)
[0203/174427.849:ERROR:process_memory_win.cc(73)] ReadMemory at 0x23c28d05ed0 of 62 bytes failed: Nur ein Teil der ReadProcessMemory- oder WriteProcessMemory-Anforderung wurde abgeschlossen. (0x12B)
[0203/174427.849:ERROR:process_memory_win.cc(73)] ReadMemory at 0x23c28d060c0 of 132 bytes failed: Nur ein Teil der ReadProcessMemory- oder WriteProcessMemory-Anforderung wurde abgeschlossen. (0x12B)
[0203/174427.849:ERROR:process_memory_win.cc(73)] ReadMemory at 0x23c28d06ca0 of 132 bytes failed: Nur ein Teil der ReadProcessMemory- oder WriteProcessMemory-Anforderung wurde abgeschlossen. (0x12B)
[0203/174427.849:ERROR:process_memory_win.cc(73)] ReadMemory at 0x23c28d07030 of 132 bytes failed: Nur ein Teil der ReadProcessMemory- oder WriteProcessMemory-Anforderung wurde abgeschlossen. (0x12B)
[0203/174427.849:ERROR:process_memory_win.cc(73)] ReadMemory at 0x23c28d07160 of 132 bytes failed: Nur ein Teil der ReadProcessMemory- oder WriteProcessMemory-Anforderung wurde abgeschlossen. (0x12B)
[0203/174427.849:ERROR:process_memory_win.cc(73)] ReadMemory at 0x23c28d07290 of 132 bytes failed: Nur ein Teil der ReadProcessMemory- oder WriteProcessMemory-Anforderung wurde abgeschlossen. (0x12B)
[0203/174427.849:ERROR:process_memory_win.cc(73)] ReadMemory at 0x23c28d073c0 of 132 bytes failed: Nur ein Teil der ReadProcessMemory- oder WriteProcessMemory-Anforderung wurde abgeschlossen. (0x12B)
[0203/174427.849:ERROR:process_memory_win.cc(73)] ReadMemory at 0x23c28d074f0 of 132 bytes failed: Nur ein Teil der ReadProcessMemory- oder WriteProcessMemory-Anforderung wurde abgeschlossen. (0x12B)
[0203/174427.849:ERROR:process_memory_win.cc(73)] ReadMemory at 0x23c28d07750 of 132 bytes failed: Nur ein Teil der ReadProcessMemory- oder WriteProcessMemory-Anforderung wurde abgeschlossen. (0x12B)
[0203/174427.849:ERROR:process_memory_win.cc(73)] ReadMemory at 0x23c28d07c10 of 132 bytes failed: Nur ein Teil der ReadProcessMemory- oder WriteProcessMemory-Anforderung wurde abgeschlossen. (0x12B)
[0203/174427.849:ERROR:process_memory_win.cc(73)] ReadMemory at 0x23c28d187c0 of 512 bytes failed: Nur ein Teil der ReadProcessMemory- oder WriteProcessMemory-Anforderung wurde abgeschlossen. (0x12B)
[0203/174427.849:ERROR:process_memory_win.cc(73)] ReadMemory at 0x23c28d194d0 of 512 bytes failed: Nur ein Teil der ReadProcessMemory- oder WriteProcessMemory-Anforderung wurde abgeschlossen. (0x12B)
[0203/174427.849:ERROR:process_memory_win.cc(73)] ReadMemory at 0x23c28ec0c70 of 512 bytes failed: Nur ein Teil der ReadProcessMemory- oder WriteProcessMemory-Anforderung wurde abgeschlossen. (0x12B)
[0203/174427.849:ERROR:process_memory_win.cc(73)] ReadMemory at 0x23c28ec0f70 of 896 bytes failed: Nur ein Teil der ReadProcessMemory- oder WriteProcessMemory-Anforderung wurde abgeschlossen. (0x12B)
[0203/174427.849:ERROR:process_memory_win.cc(73)] ReadMemory at 0x23c28ec13f0 of 512 bytes failed: Nur ein Teil der ReadProcessMemory- oder WriteProcessMemory-Anforderung wurde abgeschlossen. (0x12B)
[0203/174427.849:ERROR:process_memory_win.cc(73)] ReadMemory at 0x23c291958e0 of 512 bytes failed: Nur ein Teil der ReadProcessMemory- oder WriteProcessMemory-Anforderung wurde abgeschlossen. (0x12B)
[0203/174427.849:ERROR:process_memory_win.cc(73)] ReadMemory at 0x23c291a0228 of 512 bytes failed: Nur ein Teil der ReadProcessMemory- oder WriteProcessMemory-Anforderung wurde abgeschlossen. (0x12B)
[0203/174427.849:ERROR:process_memory_win.cc(73)] ReadMemory at 0x23c291a1028 of 512 bytes failed: Nur ein Teil der ReadProcessMemory- oder WriteProcessMemory-Anforderung wurde abgeschlossen. (0x12B)
[0203/174427.849:ERROR:process_memory_win.cc(73)] ReadMemory at 0x23c291a8920 of 512 bytes failed: Nur ein Teil der ReadProcessMemory- oder WriteProcessMemory-Anforderung wurde abgeschlossen. (0x12B)
[0203/174427.849:ERROR:process_memory_win.cc(73)] ReadMemory at 0x23c291c7bb0 of 736 bytes failed: Nur ein Teil der ReadProcessMemory- oder WriteProcessMemory-Anforderung wurde abgeschlossen. (0x12B)
[0203/174427.849:ERROR:process_memory_win.cc(73)] ReadMemory at 0x23c2925c1d0 of 512 bytes failed: Nur ein Teil der ReadProcessMemory- oder WriteProcessMemory-Anforderung wurde abgeschlossen. (0x12B)
[0203/174427.849:ERROR:process_memory_win.cc(73)] ReadMemory at 0x23c2ae76960 of 512 bytes failed: Nur ein Teil der ReadProcessMemory- oder WriteProcessMemory-Anforderung wurde abgeschlossen. (0x12B)
[0203/174427.849:ERROR:process_memory_win.cc(73)] ReadMemory at 0x23c2aee2eb0 of 512 bytes failed: Nur ein Teil der ReadProcessMemory- oder WriteProcessMemory-Anforderung wurde abgeschlossen. (0x12B)
[0203/174427.849:ERROR:process_memory_win.cc(73)] ReadMemory at 0x23c2af802e8 of 512 bytes failed: Nur ein Teil der ReadProcessMemory- oder WriteProcessMemory-Anforderung wurde abgeschlossen. (0x12B)
[0203/174427.849:ERROR:process_memory_win.cc(73)] ReadMemory at 0x23c2af80c78 of 512 bytes failed: Nur ein Teil der ReadProcessMemory- oder WriteProcessMemory-Anforderung wurde abgeschlossen. (0x12B)
[0203/174427.849:ERROR:process_memory_win.cc(73)] ReadMemory at 0x23c2afbcb90 of 512 bytes failed: Nur ein Teil der ReadProcessMemory- oder WriteProcessMemory-Anforderung wurde abgeschlossen. (0x12B)
[0203/174427.849:ERROR:process_memory_win.cc(73)] ReadMemory at 0x23c2b780e50 of 512 bytes failed: Nur ein Teil der ReadProcessMemory- oder WriteProcessMemory-Anforderung wurde abgeschlossen. (0x12B)
[0203/174427.849:ERROR:process_memory_win.cc(73)] ReadMemory at 0x23c2d9ce690 of 512 bytes failed: Nur ein Teil der ReadProcessMemory- oder WriteProcessMemory-Anforderung wurde abgeschlossen. (0x12B)
[0203/174427.849:ERROR:process_memory_win.cc(73)] ReadMemory at 0x23c2e0d1dd0 of 512 bytes failed: Nur ein Teil der ReadProcessMemory- oder WriteProcessMemory-Anforderung wurde abgeschlossen. (0x12B)
[0203/174427.849:ERROR:process_memory_win.cc(73)] ReadMemory at 0x23c2e88def0 of 512 bytes failed: Nur ein Teil der ReadProcessMemory- oder WriteProcessMemory-Anforderung wurde abgeschlossen. (0x12B)
[0203/174427.849:ERROR:process_memory_win.cc(73)] ReadMemory at 0x23c2fa3eca0 of 512 bytes failed: Nur ein Teil der ReadProcessMemory- oder WriteProcessMemory-Anforderung wurde abgeschlossen. (0x12B)
[0203/174427.849:ERROR:process_memory_win.cc(73)] ReadMemory at 0x23c2fa46ae0 of 512 bytes failed: Nur ein Teil der ReadProcessMemory- oder WriteProcessMemory-Anforderung wurde abgeschlossen. (0x12B)
[0203/174427.849:ERROR:process_memory_win.cc(73)] ReadMemory at 0x2e8862c4f71 of 512 bytes failed: Nur ein Teil der ReadProcessMemory- oder WriteProcessMemory-Anforderung wurde abgeschlossen. (0x12B)
[0203/174427.849:ERROR:process_memory_win.cc(73)] ReadMemory at 0x281594a10fb8 of 512 bytes failed: Nur ein Teil der ReadProcessMemory- oder WriteProcessMemory-Anforderung wurde abgeschlossen. (0x12B)
[0203/174427.849:ERROR:process_memory_win.cc(73)] ReadMemory at 0x2856fcd09a80 of 512 bytes failed: Nur ein Teil der ReadProcessMemory- oder WriteProcessMemory-Anforderung wurde abgeschlossen. (0x12B)
[0203/174427.849:ERROR:process_memory_win.cc(73)] ReadMemory at 0x56bce902c391 of 512 bytes failed: Nur ein Teil der ReadProcessMemory- oder WriteProcessMemory-Anforderung wurde abgeschlossen. (0x12B)
[0203/174427.849:ERROR:process_memory_win.cc(73)] ReadMemory at 0x76d54b43b040 of 512 bytes failed: Nur ein Teil der ReadProcessMemory- oder WriteProcessMemory-Anforderung wurde abgeschlossen. (0x12B)
[0203/174427.849:ERROR:process_memory_win.cc(73)] ReadMemory at 0x7ffeb0828e80 of 512 bytes failed: Nur ein Teil der ReadProcessMemory- oder WriteProcessMemory-Anforderung wurde abgeschlossen. (0x12B)
[0203/174427.849:ERROR:process_memory_win.cc(73)] ReadMemory at 0x7ffeb132904e of 530 bytes failed: Nur ein Teil der ReadProcessMemory- oder WriteProcessMemory-Anforderung wurde abgeschlossen. (0x12B)
[0203/174427.849:ERROR:process_memory_win.cc(73)] ReadMemory at 0x7ffeb1f0f0ec of 512 bytes failed: Nur ein Teil der ReadProcessMemory- oder WriteProcessMemory-Anforderung wurde abgeschlossen. (0x12B)
[0203/174427.849:ERROR:process_memory_win.cc(73)] ReadMemory at 0x7ffeb2c3efb0 of 512 bytes failed: Nur ein Teil der ReadProcessMemory- oder WriteProcessMemory-Anforderung wurde abgeschlossen. (0x12B)
[0203/174427.849:ERROR:process_memory_win.cc(73)] ReadMemory at 0x7ffeb2d95a30 of 512 bytes failed: Nur ein Teil der ReadProcessMemory- oder WriteProcessMemory-Anforderung wurde abgeschlossen. (0x12B)
[0203/174427.849:ERROR:process_memory_win.cc(73)] ReadMemory at 0x7ffeb9aa7bc3 of 512 bytes failed: Nur ein Teil der ReadProcessMemory- oder WriteProcessMemory-Anforderung wurde abgeschlossen. (0x12B)
[0203/174427.849:ERROR:process_memory_win.cc(73)] ReadMemory at 0x7ffeb9aa83ba of 512 bytes failed: Nur ein Teil der ReadProcessMemory- oder WriteProcessMemory-Anforderung wurde abgeschlossen. (0x12B)
[0203/174427.849:ERROR:process_memory_win.cc(73)] ReadMemory at 0x7ffeebdbd102 of 512 bytes failed: Nur ein Teil der ReadProcessMemory- oder WriteProcessMemory-Anforderung wurde abgeschlossen. (0x12B)
[0203/174427.849:ERROR:process_memory_win.cc(73)] ReadMemory at 0x7ffeebe1c0c4 of 672 bytes failed: Nur ein Teil der ReadProcessMemory- oder WriteProcessMemory-Anforderung wurde abgeschlossen. (0x12B)
[0203/174427.849:ERROR:process_memory_win.cc(73)] ReadMemory at 0x7ffeebe1f974 of 608 bytes failed: Nur ein Teil der ReadProcessMemory- oder WriteProcessMemory-Anforderung wurde abgeschlossen. (0x12B)
[0203/174427.849:ERROR:process_memory_win.cc(73)] ReadMemory at 0x7ffeebea10f0 of 512 bytes failed: Nur ein Teil der ReadProcessMemory- oder WriteProcessMemory-Anforderung wurde abgeschlossen. (0x12B)
[0203/174427.849:ERROR:process_memory_win.cc(73)] ReadMemory at 0x7ffeebeac428 of 18 bytes failed: Nur ein Teil der ReadProcessMemory- oder WriteProcessMemory-Anforderung wurde abgeschlossen. (0x12B)
[0203/174427.849:ERROR:process_memory_win.cc(73)] ReadMemory at 0x7ffeebedf4f8 of 40 bytes failed: Nur ein Teil der ReadProcessMemory- oder WriteProcessMemory-Anforderung wurde abgeschlossen. (0x12B)
[0203/174427.849:ERROR:process_memory_win.cc(73)] ReadMemory at 0x7ffeebedf978 of 48 bytes failed: Nur ein Teil der ReadProcessMemory- oder WriteProcessMemory-Anforderung wurde abgeschlossen. (0x12B)
[0203/174427.849:ERROR:process_memory_win.cc(73)] ReadMemory at 0x7ffeebee53c0 of 64 bytes failed: Nur ein Teil der ReadProcessMemory- oder WriteProcessMemory-Anforderung wurde abgeschlossen. (0x12B)
[0203/174428.014:ERROR:scoped_process_suspend.cc(40)] NtResumeProcess: Es wurde versucht, auf einen Prozess zuzugreifen, der gerade beendet wurde. (0xc000010a)
